{"C:\\Projetos\\NossoSaldo\\api\\src\\adapters\\outbound\\openai\\openAiProvider.ts": {"path":"C:\\Projetos\\NossoSaldo\\api\\src\\adapters\\outbound\\openai\\openAiProvider.ts","statementMap":{"0":{"start":{"line":1,"column":0},"end":{"line":1,"column":42}},"1":{"start":{"line":23,"column":18},"end":{"line":23,"column":87}},"2":{"start":{"line":23,"column":52},"end":{"line":23,"column":56}},"3":{"start":{"line":24,"column":15},"end":{"line":24,"column":59}},"4":{"start":{"line":26,"column":2},"end":{"line":28,"column":3}},"5":{"start":{"line":27,"column":4},"end":{"line":27,"column":126}},"6":{"start":{"line":30,"column":2},"end":{"line":32,"column":3}},"7":{"start":{"line":31,"column":4},"end":{"line":31,"column":115}},"8":{"start":{"line":34,"column":2},"end":{"line":36,"column":3}},"9":{"start":{"line":35,"column":4},"end":{"line":35,"column":102}},"10":{"start":{"line":38,"column":2},"end":{"line":38,"column":118}},"11":{"start":{"line":41,"column":27},"end":{"line":63,"column":11}},"12":{"start":{"line":66,"column":15},"end":{"line":69,"column":23}},"13":{"start":{"line":71,"column":2},"end":{"line":71,"column":176}},"14":{"start":{"line":76,"column":21},"end":{"line":76,"column":30}},"15":{"start":{"line":77,"column":21},"end":{"line":77,"column":29}},"16":{"start":{"line":78,"column":21},"end":{"line":78,"column":45}},"17":{"start":{"line":82,"column":4},"end":{"line":84,"column":5}},"18":{"start":{"line":83,"column":6},"end":{"line":83,"column":96}},"19":{"start":{"line":86,"column":21},"end":{"line":98,"column":6}},"20":{"start":{"line":100,"column":4},"end":{"line":100,"column":57}},"21":{"start":{"line":100,"column":22},"end":{"line":100,"column":57}},"22":{"start":{"line":102,"column":21},"end":{"line":102,"column":42}},"23":{"start":{"line":103,"column":23},"end":{"line":103,"column":155}},"24":{"start":{"line":103,"column":80},"end":{"line":103,"column":98}},"25":{"start":{"line":103,"column":118},"end":{"line":103,"column":148}},"26":{"start":{"line":105,"column":4},"end":{"line":107,"column":5}},"27":{"start":{"line":106,"column":6},"end":{"line":106,"column":108}},"28":{"start":{"line":109,"column":4},"end":{"line":109,"column":29}},"29":{"start":{"line":113,"column":4},"end":{"line":115,"column":5}},"30":{"start":{"line":114,"column":6},"end":{"line":114,"column":96}},"31":{"start":{"line":117,"column":29},"end":{"line":126,"column":6}},"32":{"start":{"line":118,"column":47},"end":{"line":121,"column":8}},"33":{"start":{"line":128,"column":4},"end":{"line":181,"column":5}},"34":{"start":{"line":128,"column":25},"end":{"line":128,"column":26}},"35":{"start":{"line":129,"column":23},"end":{"line":144,"column":8}},"36":{"start":{"line":146,"column":6},"end":{"line":146,"column":59}},"37":{"start":{"line":146,"column":24},"end":{"line":146,"column":59}},"38":{"start":{"line":148,"column":23},"end":{"line":148,"column":44}},"39":{"start":{"line":149,"column":28},"end":{"line":149,"column":98}},"40":{"start":{"line":149,"column":68},"end":{"line":149,"column":97}},"41":{"start":{"line":151,"column":6},"end":{"line":159,"column":7}},"42":{"start":{"line":152,"column":27},"end":{"line":152,"column":159}},"43":{"start":{"line":152,"column":84},"end":{"line":152,"column":102}},"44":{"start":{"line":152,"column":122},"end":{"line":152,"column":152}},"45":{"start":{"line":154,"column":8},"end":{"line":156,"column":9}},"46":{"start":{"line":155,"column":10},"end":{"line":155,"column":112}},"47":{"start":{"line":158,"column":8},"end":{"line":158,"column":33}},"48":{"start":{"line":161,"column":6},"end":{"line":161,"column":44}},"49":{"start":{"line":163,"column":6},"end":{"line":180,"column":7}},"50":{"start":{"line":164,"column":8},"end":{"line":166,"column":9}},"51":{"start":{"line":165,"column":10},"end":{"line":165,"column":108}},"52":{"start":{"line":169,"column":8},"end":{"line":173,"column":9}},"53":{"start":{"line":170,"column":10},"end":{"line":170,"column":84}},"54":{"start":{"line":172,"column":10},"end":{"line":172,"column":110}},"55":{"start":{"line":175,"column":8},"end":{"line":179,"column":11}},"56":{"start":{"line":183,"column":4},"end":{"line":183,"column":85}},"57":{"start":{"line":74,"column":0},"end":{"line":74,"column":13}},"58":{"start":{"line":187,"column":13},"end":{"line":187,"column":51}}},"fnMap":{"0":{"name":"throwProviderError","decl":{"start":{"line":22,"column":15},"end":{"line":22,"column":33}},"loc":{"start":{"line":22,"column":52},"end":{"line":39,"column":1}}},"1":{"name":"(anonymous_2)","decl":{"start":{"line":23,"column":46},"end":{"line":23,"column":49}},"loc":{"start":{"line":23,"column":52},"end":{"line":23,"column":56}}},"2":{"name":"buildSystemInstructions","decl":{"start":{"line":65,"column":9},"end":{"line":65,"column":32}},"loc":{"start":{"line":65,"column":32},"end":{"line":72,"column":1}}},"3":{"name":"(anonymous_4)","decl":{"start":{"line":75,"column":2},"end":{"line":75,"column":null}},"loc":{"start":{"line":78,"column":50},"end":{"line":79,"column":6}}},"4":{"name":"(anonymous_5)","decl":{"start":{"line":81,"column":2},"end":{"line":81,"column":7}},"loc":{"start":{"line":81,"column":37},"end":{"line":110,"column":3}}},"5":{"name":"(anonymous_6)","decl":{"start":{"line":103,"column":70},"end":{"line":103,"column":71}},"loc":{"start":{"line":103,"column":80},"end":{"line":103,"column":98}}},"6":{"name":"(anonymous_7)","decl":{"start":{"line":103,"column":105},"end":{"line":103,"column":106}},"loc":{"start":{"line":103,"column":118},"end":{"line":103,"column":148}}},"7":{"name":"(anonymous_8)","decl":{"start":{"line":112,"column":2},"end":{"line":112,"column":7}},"loc":{"start":{"line":112,"column":55},"end":{"line":184,"column":3}}},"8":{"name":"(anonymous_9)","decl":{"start":{"line":118,"column":37},"end":{"line":118,"column":38}},"loc":{"start":{"line":118,"column":47},"end":{"line":121,"column":8}}},"9":{"name":"(anonymous_10)","decl":{"start":{"line":149,"column":58},"end":{"line":149,"column":59}},"loc":{"start":{"line":149,"column":68},"end":{"line":149,"column":97}}},"10":{"name":"(anonymous_11)","decl":{"start":{"line":152,"column":74},"end":{"line":152,"column":75}},"loc":{"start":{"line":152,"column":84},"end":{"line":152,"column":102}}},"11":{"name":"(anonymous_12)","decl":{"start":{"line":152,"column":109},"end":{"line":152,"column":110}},"loc":{"start":{"line":152,"column":122},"end":{"line":152,"column":152}}}},"branchMap":{"0":{"loc":{"start":{"line":24,"column":15},"end":{"line":24,"column":59}},"type":"binary-expr","locations":[{"start":{"line":24,"column":15},"end":{"line":24,"column":35}},{"start":{"line":24,"column":39},"end":{"line":24,"column":59}}]},"1":{"loc":{"start":{"line":26,"column":2},"end":{"line":28,"column":3}},"type":"if","locations":[{"start":{"line":26,"column":2},"end":{"line":28,"column":3}},{"start":{},"end":{}}]},"2":{"loc":{"start":{"line":26,"column":6},"end":{"line":26,"column":86}},"type":"binary-expr","locations":[{"start":{"line":26,"column":6},"end":{"line":26,"column":29}},{"start":{"line":26,"column":33},"end":{"line":26,"column":56}},{"start":{"line":26,"column":60},"end":{"line":26,"column":86}}]},"3":{"loc":{"start":{"line":30,"column":2},"end":{"line":32,"column":3}},"type":"if","locations":[{"start":{"line":30,"column":2},"end":{"line":32,"column":3}},{"start":{},"end":{}}]},"4":{"loc":{"start":{"line":34,"column":2},"end":{"line":36,"column":3}},"type":"if","locations":[{"start":{"line":34,"column":2},"end":{"line":36,"column":3}},{"start":{},"end":{}}]},"5":{"loc":{"start":{"line":76,"column":21},"end":{"line":76,"column":56}},"type":"default-arg","locations":[{"start":{"line":76,"column":30},"end":{"line":76,"column":56}}]},"6":{"loc":{"start":{"line":77,"column":21},"end":{"line":77,"column":71}},"type":"default-arg","locations":[{"start":{"line":77,"column":29},"end":{"line":77,"column":71}}]},"7":{"loc":{"start":{"line":77,"column":29},"end":{"line":77,"column":71}},"type":"binary-expr","locations":[{"start":{"line":77,"column":29},"end":{"line":77,"column":53}},{"start":{"line":77,"column":57},"end":{"line":77,"column":71}}]},"8":{"loc":{"start":{"line":78,"column":21},"end":{"line":78,"column":50}},"type":"default-arg","locations":[{"start":{"line":78,"column":45},"end":{"line":78,"column":50}}]},"9":{"loc":{"start":{"line":82,"column":4},"end":{"line":84,"column":5}},"type":"if","locations":[{"start":{"line":82,"column":4},"end":{"line":84,"column":5}},{"start":{},"end":{}}]},"10":{"loc":{"start":{"line":100,"column":4},"end":{"line":100,"column":57}},"type":"if","locations":[{"start":{"line":100,"column":4},"end":{"line":100,"column":57}},{"start":{},"end":{}}]},"11":{"loc":{"start":{"line":103,"column":23},"end":{"line":103,"column":155}},"type":"binary-expr","locations":[{"start":{"line":103,"column":23},"end":{"line":103,"column":42}},{"start":{"line":103,"column":46},"end":{"line":103,"column":155}}]},"12":{"loc":{"start":{"line":103,"column":80},"end":{"line":103,"column":98}},"type":"binary-expr","locations":[{"start":{"line":103,"column":80},"end":{"line":103,"column":92}},{"start":{"line":103,"column":96},"end":{"line":103,"column":98}}]},"13":{"loc":{"start":{"line":105,"column":4},"end":{"line":107,"column":5}},"type":"if","locations":[{"start":{"line":105,"column":4},"end":{"line":107,"column":5}},{"start":{},"end":{}}]},"14":{"loc":{"start":{"line":113,"column":4},"end":{"line":115,"column":5}},"type":"if","locations":[{"start":{"line":113,"column":4},"end":{"line":115,"column":5}},{"start":{},"end":{}}]},"15":{"loc":{"start":{"line":118,"column":10},"end":{"line":118,"column":31}},"type":"binary-expr","locations":[{"start":{"line":118,"column":10},"end":{"line":118,"column":25}},{"start":{"line":118,"column":29},"end":{"line":118,"column":31}}]},"16":{"loc":{"start":{"line":146,"column":6},"end":{"line":146,"column":59}},"type":"if","locations":[{"start":{"line":146,"column":6},"end":{"line":146,"column":59}},{"start":{},"end":{}}]},"17":{"loc":{"start":{"line":149,"column":29},"end":{"line":149,"column":49}},"type":"binary-expr","locations":[{"start":{"line":149,"column":29},"end":{"line":149,"column":43}},{"start":{"line":149,"column":47},"end":{"line":149,"column":49}}]},"18":{"loc":{"start":{"line":151,"column":6},"end":{"line":159,"column":7}},"type":"if","locations":[{"start":{"line":151,"column":6},"end":{"line":159,"column":7}},{"start":{},"end":{}}]},"19":{"loc":{"start":{"line":152,"column":27},"end":{"line":152,"column":159}},"type":"binary-expr","locations":[{"start":{"line":152,"column":27},"end":{"line":152,"column":46}},{"start":{"line":152,"column":50},"end":{"line":152,"column":159}}]},"20":{"loc":{"start":{"line":152,"column":84},"end":{"line":152,"column":102}},"type":"binary-expr","locations":[{"start":{"line":152,"column":84},"end":{"line":152,"column":96}},{"start":{"line":152,"column":100},"end":{"line":152,"column":102}}]},"21":{"loc":{"start":{"line":154,"column":8},"end":{"line":156,"column":9}},"type":"if","locations":[{"start":{"line":154,"column":8},"end":{"line":156,"column":9}},{"start":{},"end":{}}]},"22":{"loc":{"start":{"line":161,"column":21},"end":{"line":161,"column":41}},"type":"binary-expr","locations":[{"start":{"line":161,"column":21},"end":{"line":161,"column":35}},{"start":{"line":161,"column":39},"end":{"line":161,"column":41}}]},"23":{"loc":{"start":{"line":164,"column":8},"end":{"line":166,"column":9}},"type":"if","locations":[{"start":{"line":164,"column":8},"end":{"line":166,"column":9}},{"start":{},"end":{}}]},"24":{"loc":{"start":{"line":164,"column":12},"end":{"line":164,"column":82}},"type":"binary-expr","locations":[{"start":{"line":164,"column":12},"end":{"line":164,"column":30}},{"start":{"line":164,"column":34},"end":{"line":164,"column":55}},{"start":{"line":164,"column":59},"end":{"line":164,"column":82}}]},"25":{"loc":{"start":{"line":172,"column":27},"end":{"line":172,"column":107}},"type":"cond-expr","locations":[{"start":{"line":172,"column":52},"end":{"line":172,"column":65}},{"start":{"line":172,"column":68},"end":{"line":172,"column":107}}]}},"s":{"0":9,"1":5,"2":0,"3":5,"4":5,"5":2,"6":3,"7":1,"8":2,"9":1,"10":1,"11":9,"12":17,"13":17,"14":24,"15":24,"16":24,"17":9,"18":1,"19":8,"20":8,"21":5,"22":3,"23":3,"24":1,"25":1,"26":3,"27":1,"28":2,"29":6,"30":1,"31":5,"32":0,"33":5,"34":5,"35":9,"36":9,"37":0,"38":9,"39":9,"40":7,"41":9,"42":3,"43":1,"44":0,"45":3,"46":1,"47":2,"48":6,"49":6,"50":6,"51":1,"52":5,"53":5,"54":1,"55":5,"56":1,"57":9,"58":9},"f":{"0":5,"1":0,"2":17,"3":24,"4":9,"5":1,"6":1,"7":6,"8":0,"9":7,"10":1,"11":0},"b":{"0":[5,3],"1":[2,3],"2":[5,4,3],"3":[1,2],"4":[1,1],"5":[11],"6":[9],"7":[9,9],"8":[9],"9":[1,8],"10":[5,3],"11":[3,2],"12":[1,0],"13":[1,2],"14":[1,5],"15":[5,5],"16":[0,9],"17":[9,2],"18":[3,6],"19":[3,1],"20":[1,1],"21":[1,2],"22":[6,0],"23":[1,5],"24":[6,6,5],"25":[1,0]}}
,"C:\\Projetos\\NossoSaldo\\api\\src\\adapters\\outbound\\secrets\\secretCipher.ts": {"path":"C:\\Projetos\\NossoSaldo\\api\\src\\adapters\\outbound\\secrets\\secretCipher.ts","statementMap":{"0":{"start":{"line":1,"column":0},"end":{"line":1,"column":23}},"1":{"start":{"line":2,"column":0},"end":{"line":2,"column":71}},"2":{"start":{"line":3,"column":0},"end":{"line":3,"column":42}},"3":{"start":{"line":5,"column":18},"end":{"line":5,"column":31}},"4":{"start":{"line":8,"column":16},"end":{"line":8,"column":45}},"5":{"start":{"line":10,"column":2},"end":{"line":12,"column":3}},"6":{"start":{"line":11,"column":4},"end":{"line":11,"column":95}},"7":{"start":{"line":14,"column":2},"end":{"line":14,"column":35}},"8":{"start":{"line":19,"column":15},"end":{"line":19,"column":30}},"9":{"start":{"line":20,"column":19},"end":{"line":20,"column":65}},"10":{"start":{"line":21,"column":22},"end":{"line":21,"column":83}},"11":{"start":{"line":23,"column":4},"end":{"line":27,"column":6}},"12":{"start":{"line":31,"column":4},"end":{"line":37,"column":5}},"13":{"start":{"line":32,"column":23},"end":{"line":32,"column":94}},"14":{"start":{"line":33,"column":6},"end":{"line":33,"column":58}},"15":{"start":{"line":34,"column":6},"end":{"line":34,"column":111}},"16":{"start":{"line":36,"column":6},"end":{"line":36,"column":91}},"17":{"start":{"line":17,"column":0},"end":{"line":17,"column":13}},"18":{"start":{"line":41,"column":13},"end":{"line":41,"column":47}}},"fnMap":{"0":{"name":"encryptionKey","decl":{"start":{"line":7,"column":9},"end":{"line":7,"column":22}},"loc":{"start":{"line":7,"column":22},"end":{"line":15,"column":1}}},"1":{"name":"(anonymous_2)","decl":{"start":{"line":18,"column":2},"end":{"line":18,"column":9}},"loc":{"start":{"line":18,"column":23},"end":{"line":28,"column":3}}},"2":{"name":"(anonymous_3)","decl":{"start":{"line":30,"column":2},"end":{"line":30,"column":9}},"loc":{"start":{"line":30,"column":52},"end":{"line":38,"column":3}}}},"branchMap":{"0":{"loc":{"start":{"line":10,"column":2},"end":{"line":12,"column":3}},"type":"if","locations":[{"start":{"line":10,"column":2},"end":{"line":12,"column":3}},{"start":{},"end":{}}]},"1":{"loc":{"start":{"line":10,"column":6},"end":{"line":10,"column":48}},"type":"binary-expr","locations":[{"start":{"line":10,"column":6},"end":{"line":10,"column":12}},{"start":{"line":10,"column":16},"end":{"line":10,"column":48}}]}},"s":{"0":9,"1":9,"2":9,"3":9,"4":5,"5":5,"6":2,"7":3,"8":3,"9":3,"10":1,"11":1,"12":2,"13":2,"14":2,"15":1,"16":1,"17":9,"18":9},"f":{"0":5,"1":3,"2":2},"b":{"0":[2,3],"1":[5,4]}}
,"C:\\Projetos\\NossoSaldo\\api\\src\\config\\apiVersion.ts": {"path":"C:\\Projetos\\NossoSaldo\\api\\src\\config\\apiVersion.ts","statementMap":{"0":{"start":{"line":1,"column":13},"end":{"line":1,"column":32}},"1":{"start":{"line":2,"column":13},"end":{"line":2,"column":48}},"2":{"start":{"line":3,"column":13},"end":{"line":3,"column":43}}},"fnMap":{},"branchMap":{},"s":{"0":8,"1":8,"2":8},"f":{},"b":{}}
,"C:\\Projetos\\NossoSaldo\\api\\src\\controllers\\cartaoCredito\\cartaoCreditoController.ts": {"path":"C:\\Projetos\\NossoSaldo\\api\\src\\controllers\\cartaoCredito\\cartaoCreditoController.ts","statementMap":{"0":{"start":{"line":2,"column":0},"end":{"line":2,"column":48}},"1":{"start":{"line":3,"column":0},"end":{"line":3,"column":42}},"2":{"start":{"line":5,"column":0},"end":{"line":5,"column":50}},"3":{"start":{"line":6,"column":0},"end":{"line":6,"column":89}},"4":{"start":{"line":10,"column":4},"end":{"line":22,"column":5}},"5":{"start":{"line":11,"column":24},"end":{"line":11,"column":46}},"6":{"start":{"line":13,"column":6},"end":{"line":15,"column":7}},"7":{"start":{"line":14,"column":8},"end":{"line":14,"column":83}},"8":{"start":{"line":17,"column":40},"end":{"line":17,"column":48}},"9":{"start":{"line":18,"column":27},"end":{"line":18,"column":89}},"10":{"start":{"line":19,"column":6},"end":{"line":19,"column":65}},"11":{"start":{"line":21,"column":6},"end":{"line":21,"column":25}},"12":{"start":{"line":26,"column":4},"end":{"line":39,"column":5}},"13":{"start":{"line":27,"column":24},"end":{"line":27,"column":46}},"14":{"start":{"line":29,"column":6},"end":{"line":31,"column":7}},"15":{"start":{"line":30,"column":8},"end":{"line":30,"column":83}},"16":{"start":{"line":33,"column":22},"end":{"line":33,"column":90}},"17":{"start":{"line":34,"column":6},"end":{"line":36,"column":9}},"18":{"start":{"line":38,"column":6},"end":{"line":38,"column":25}},"19":{"start":{"line":43,"column":4},"end":{"line":56,"column":5}},"20":{"start":{"line":44,"column":24},"end":{"line":44,"column":46}},"21":{"start":{"line":46,"column":6},"end":{"line":48,"column":7}},"22":{"start":{"line":47,"column":8},"end":{"line":47,"column":83}},"23":{"start":{"line":50,"column":17},"end":{"line":50,"column":80}},"24":{"start":{"line":51,"column":40},"end":{"line":51,"column":48}},"25":{"start":{"line":52,"column":31},"end":{"line":52,"column":101}},"26":{"start":{"line":53,"column":6},"end":{"line":53,"column":64}},"27":{"start":{"line":55,"column":6},"end":{"line":55,"column":25}},"28":{"start":{"line":60,"column":13},"end":{"line":60,"column":69}}},"fnMap":{"0":{"name":"(anonymous_1)","decl":{"start":{"line":9,"column":2},"end":{"line":9,"column":7}},"loc":{"start":{"line":9,"column":74},"end":{"line":23,"column":3}}},"1":{"name":"(anonymous_2)","decl":{"start":{"line":25,"column":2},"end":{"line":25,"column":7}},"loc":{"start":{"line":25,"column":76},"end":{"line":40,"column":3}}},"2":{"name":"(anonymous_3)","decl":{"start":{"line":42,"column":2},"end":{"line":42,"column":7}},"loc":{"start":{"line":42,"column":78},"end":{"line":57,"column":3}}}},"branchMap":{"0":{"loc":{"start":{"line":13,"column":6},"end":{"line":15,"column":7}},"type":"if","locations":[{"start":{"line":13,"column":6},"end":{"line":15,"column":7}},{"start":{},"end":{}}]},"1":{"loc":{"start":{"line":29,"column":6},"end":{"line":31,"column":7}},"type":"if","locations":[{"start":{"line":29,"column":6},"end":{"line":31,"column":7}},{"start":{},"end":{}}]},"2":{"loc":{"start":{"line":46,"column":6},"end":{"line":48,"column":7}},"type":"if","locations":[{"start":{"line":46,"column":6},"end":{"line":48,"column":7}},{"start":{},"end":{}}]},"3":{"loc":{"start":{"line":50,"column":17},"end":{"line":50,"column":80}},"type":"cond-expr","locations":[{"start":{"line":50,"column":48},"end":{"line":50,"column":64}},{"start":{"line":50,"column":67},"end":{"line":50,"column":80}}]}},"s":{"0":7,"1":7,"2":7,"3":7,"4":2,"5":2,"6":2,"7":1,"8":1,"9":1,"10":1,"11":0,"12":2,"13":2,"14":2,"15":0,"16":2,"17":1,"18":1,"19":1,"20":1,"21":1,"22":0,"23":1,"24":1,"25":1,"26":1,"27":0,"28":7},"f":{"0":2,"1":2,"2":1},"b":{"0":[1,1],"1":[0,2],"2":[0,1],"3":[1,0]}}
,"C:\\Projetos\\NossoSaldo\\api\\src\\controllers\\categoria\\categoriaController.ts": {"path":"C:\\Projetos\\NossoSaldo\\api\\src\\controllers\\categoria\\categoriaController.ts","statementMap":{"0":{"start":{"line":2,"column":0},"end":{"line":2,"column":77}},"1":{"start":{"line":4,"column":0},"end":{"line":4,"column":48}},"2":{"start":{"line":5,"column":0},"end":{"line":5,"column":50}},"3":{"start":{"line":9,"column":8},"end":{"line":15,"column":9}},"4":{"start":{"line":10,"column":42},"end":{"line":10,"column":50}},"5":{"start":{"line":11,"column":36},"end":{"line":11,"column":79}},"6":{"start":{"line":12,"column":12},"end":{"line":12,"column":74}},"7":{"start":{"line":14,"column":12},"end":{"line":14,"column":31}},"8":{"start":{"line":19,"column":8},"end":{"line":26,"column":9}},"9":{"start":{"line":20,"column":31},"end":{"line":20,"column":77}},"10":{"start":{"line":21,"column":12},"end":{"line":23,"column":15}},"11":{"start":{"line":25,"column":12},"end":{"line":25,"column":31}},"12":{"start":{"line":30,"column":8},"end":{"line":37,"column":9}},"13":{"start":{"line":31,"column":23},"end":{"line":31,"column":86}},"14":{"start":{"line":32,"column":51},"end":{"line":32,"column":59}},"15":{"start":{"line":33,"column":40},"end":{"line":33,"column":91}},"16":{"start":{"line":34,"column":12},"end":{"line":34,"column":73}},"17":{"start":{"line":36,"column":12},"end":{"line":36,"column":31}},"18":{"start":{"line":41,"column":8},"end":{"line":47,"column":9}},"19":{"start":{"line":42,"column":23},"end":{"line":42,"column":86}},"20":{"start":{"line":43,"column":12},"end":{"line":43,"column":56}},"21":{"start":{"line":44,"column":12},"end":{"line":44,"column":101}},"22":{"start":{"line":46,"column":12},"end":{"line":46,"column":31}},"23":{"start":{"line":51,"column":13},"end":{"line":51,"column":61}}},"fnMap":{"0":{"name":"(anonymous_0)","decl":{"start":{"line":8,"column":4},"end":{"line":8,"column":9}},"loc":{"start":{"line":8,"column":72},"end":{"line":16,"column":5}}},"1":{"name":"(anonymous_1)","decl":{"start":{"line":18,"column":4},"end":{"line":18,"column":9}},"loc":{"start":{"line":18,"column":79},"end":{"line":27,"column":5}}},"2":{"name":"(anonymous_2)","decl":{"start":{"line":29,"column":4},"end":{"line":29,"column":9}},"loc":{"start":{"line":29,"column":76},"end":{"line":38,"column":5}}},"3":{"name":"(anonymous_3)","decl":{"start":{"line":40,"column":4},"end":{"line":40,"column":9}},"loc":{"start":{"line":40,"column":74},"end":{"line":48,"column":5}}}},"branchMap":{"0":{"loc":{"start":{"line":31,"column":23},"end":{"line":31,"column":86}},"type":"cond-expr","locations":[{"start":{"line":31,"column":54},"end":{"line":31,"column":70}},{"start":{"line":31,"column":73},"end":{"line":31,"column":86}}]},"1":{"loc":{"start":{"line":42,"column":23},"end":{"line":42,"column":86}},"type":"cond-expr","locations":[{"start":{"line":42,"column":54},"end":{"line":42,"column":70}},{"start":{"line":42,"column":73},"end":{"line":42,"column":86}}]}},"s":{"0":4,"1":4,"2":4,"3":2,"4":2,"5":2,"6":1,"7":1,"8":2,"9":2,"10":1,"11":1,"12":0,"13":0,"14":0,"15":0,"16":0,"17":0,"18":0,"19":0,"20":0,"21":0,"22":0,"23":4},"f":{"0":2,"1":2,"2":0,"3":0},"b":{"0":[0,0],"1":[0,0]}}
,"C:\\Projetos\\NossoSaldo\\api\\src\\controllers\\contaConjunta\\contaConjuntaController.ts": {"path":"C:\\Projetos\\NossoSaldo\\api\\src\\controllers\\contaConjunta\\contaConjuntaController.ts","statementMap":{"0":{"start":{"line":2,"column":0},"end":{"line":2,"column":48}},"1":{"start":{"line":4,"column":0},"end":{"line":4,"column":89}},"2":{"start":{"line":6,"column":0},"end":{"line":6,"column":50}},"3":{"start":{"line":10,"column":4},"end":{"line":18,"column":5}},"4":{"start":{"line":11,"column":24},"end":{"line":11,"column":51}},"5":{"start":{"line":12,"column":42},"end":{"line":12,"column":50}},"6":{"start":{"line":14,"column":36},"end":{"line":14,"column":99}},"7":{"start":{"line":15,"column":8},"end":{"line":15,"column":74}},"8":{"start":{"line":17,"column":6},"end":{"line":17,"column":25}},"9":{"start":{"line":22,"column":4},"end":{"line":30,"column":5}},"10":{"start":{"line":23,"column":24},"end":{"line":23,"column":51}},"11":{"start":{"line":24,"column":32},"end":{"line":24,"column":104}},"12":{"start":{"line":25,"column":8},"end":{"line":27,"column":11}},"13":{"start":{"line":29,"column":6},"end":{"line":29,"column":25}},"14":{"start":{"line":34,"column":4},"end":{"line":41,"column":5}},"15":{"start":{"line":35,"column":24},"end":{"line":35,"column":51}},"16":{"start":{"line":36,"column":19},"end":{"line":36,"column":82}},"17":{"start":{"line":37,"column":26},"end":{"line":37,"column":93}},"18":{"start":{"line":38,"column":8},"end":{"line":38,"column":59}},"19":{"start":{"line":40,"column":6},"end":{"line":40,"column":25}},"20":{"start":{"line":45,"column":13},"end":{"line":45,"column":69}}},"fnMap":{"0":{"name":"(anonymous_0)","decl":{"start":{"line":9,"column":2},"end":{"line":9,"column":7}},"loc":{"start":{"line":9,"column":74},"end":{"line":19,"column":3}}},"1":{"name":"(anonymous_1)","decl":{"start":{"line":21,"column":2},"end":{"line":21,"column":7}},"loc":{"start":{"line":21,"column":89},"end":{"line":31,"column":3}}},"2":{"name":"(anonymous_2)","decl":{"start":{"line":33,"column":2},"end":{"line":33,"column":7}},"loc":{"start":{"line":33,"column":80},"end":{"line":42,"column":3}}}},"branchMap":{"0":{"loc":{"start":{"line":36,"column":19},"end":{"line":36,"column":82}},"type":"cond-expr","locations":[{"start":{"line":36,"column":50},"end":{"line":36,"column":66}},{"start":{"line":36,"column":69},"end":{"line":36,"column":82}}]}},"s":{"0":7,"1":7,"2":7,"3":2,"4":2,"5":2,"6":2,"7":1,"8":1,"9":2,"10":2,"11":2,"12":1,"13":1,"14":1,"15":1,"16":1,"17":1,"18":1,"19":0,"20":7},"f":{"0":2,"1":2,"2":1},"b":{"0":[0,1]}}
,"C:\\Projetos\\NossoSaldo\\api\\src\\controllers\\faturaCartao\\faturaCartaoController.ts": {"path":"C:\\Projetos\\NossoSaldo\\api\\src\\controllers\\faturaCartao\\faturaCartaoController.ts","statementMap":{"0":{"start":{"line":2,"column":0},"end":{"line":2,"column":48}},"1":{"start":{"line":4,"column":0},"end":{"line":4,"column":50}},"2":{"start":{"line":5,"column":0},"end":{"line":5,"column":86}},"3":{"start":{"line":10,"column":4},"end":{"line":22,"column":5}},"4":{"start":{"line":11,"column":22},"end":{"line":11,"column":49}},"5":{"start":{"line":12,"column":30},"end":{"line":14,"column":19}},"6":{"start":{"line":16,"column":22},"end":{"line":16,"column":100}},"7":{"start":{"line":17,"column":6},"end":{"line":19,"column":9}},"8":{"start":{"line":21,"column":6},"end":{"line":21,"column":25}},"9":{"start":{"line":26,"column":4},"end":{"line":34,"column":5}},"10":{"start":{"line":27,"column":17},"end":{"line":27,"column":80}},"11":{"start":{"line":28,"column":22},"end":{"line":28,"column":49}},"12":{"start":{"line":30,"column":22},"end":{"line":30,"column":83}},"13":{"start":{"line":31,"column":6},"end":{"line":31,"column":55}},"14":{"start":{"line":33,"column":6},"end":{"line":33,"column":25}},"15":{"start":{"line":38,"column":4},"end":{"line":47,"column":5}},"16":{"start":{"line":39,"column":17},"end":{"line":39,"column":80}},"17":{"start":{"line":40,"column":22},"end":{"line":40,"column":49}},"18":{"start":{"line":41,"column":28},"end":{"line":41,"column":51}},"19":{"start":{"line":43,"column":25},"end":{"line":43,"column":93}},"20":{"start":{"line":44,"column":6},"end":{"line":44,"column":58}},"21":{"start":{"line":46,"column":6},"end":{"line":46,"column":25}},"22":{"start":{"line":51,"column":4},"end":{"line":59,"column":5}},"23":{"start":{"line":52,"column":17},"end":{"line":52,"column":80}},"24":{"start":{"line":53,"column":22},"end":{"line":53,"column":49}},"25":{"start":{"line":55,"column":29},"end":{"line":55,"column":84}},"26":{"start":{"line":56,"column":6},"end":{"line":56,"column":62}},"27":{"start":{"line":58,"column":6},"end":{"line":58,"column":25}},"28":{"start":{"line":63,"column":13},"end":{"line":63,"column":67}}},"fnMap":{"0":{"name":"(anonymous_0)","decl":{"start":{"line":9,"column":2},"end":{"line":9,"column":7}},"loc":{"start":{"line":9,"column":69},"end":{"line":23,"column":3}}},"1":{"name":"(anonymous_1)","decl":{"start":{"line":25,"column":2},"end":{"line":25,"column":7}},"loc":{"start":{"line":25,"column":75},"end":{"line":35,"column":3}}},"2":{"name":"(anonymous_2)","decl":{"start":{"line":37,"column":2},"end":{"line":37,"column":7}},"loc":{"start":{"line":37,"column":67},"end":{"line":48,"column":3}}},"3":{"name":"(anonymous_3)","decl":{"start":{"line":50,"column":2},"end":{"line":50,"column":7}},"loc":{"start":{"line":50,"column":69},"end":{"line":60,"column":3}}}},"branchMap":{"0":{"loc":{"start":{"line":12,"column":30},"end":{"line":14,"column":19}},"type":"cond-expr","locations":[{"start":{"line":13,"column":10},"end":{"line":13,"column":35}},{"start":{"line":14,"column":10},"end":{"line":14,"column":19}}]},"1":{"loc":{"start":{"line":27,"column":17},"end":{"line":27,"column":80}},"type":"cond-expr","locations":[{"start":{"line":27,"column":48},"end":{"line":27,"column":64}},{"start":{"line":27,"column":67},"end":{"line":27,"column":80}}]},"2":{"loc":{"start":{"line":39,"column":17},"end":{"line":39,"column":80}},"type":"cond-expr","locations":[{"start":{"line":39,"column":48},"end":{"line":39,"column":64}},{"start":{"line":39,"column":67},"end":{"line":39,"column":80}}]},"3":{"loc":{"start":{"line":52,"column":17},"end":{"line":52,"column":80}},"type":"cond-expr","locations":[{"start":{"line":52,"column":48},"end":{"line":52,"column":64}},{"start":{"line":52,"column":67},"end":{"line":52,"column":80}}]}},"s":{"0":7,"1":7,"2":7,"3":2,"4":2,"5":2,"6":2,"7":2,"8":0,"9":0,"10":0,"11":0,"12":0,"13":0,"14":0,"15":2,"16":2,"17":2,"18":2,"19":2,"20":1,"21":1,"22":1,"23":1,"24":1,"25":1,"26":1,"27":0,"28":7},"f":{"0":2,"1":0,"2":2,"3":1},"b":{"0":[1,1],"1":[0,0],"2":[0,2],"3":[1,0]}}
,"C:\\Projetos\\NossoSaldo\\api\\src\\controllers\\gasto\\gastoController.ts": {"path":"C:\\Projetos\\NossoSaldo\\api\\src\\controllers\\gasto\\gastoController.ts","statementMap":{"0":{"start":{"line":2,"column":0},"end":{"line":2,"column":48}},"1":{"start":{"line":6,"column":0},"end":{"line":6,"column":65}},"2":{"start":{"line":8,"column":0},"end":{"line":8,"column":50}},"3":{"start":{"line":12,"column":8},"end":{"line":18,"column":9}},"4":{"start":{"line":13,"column":28},"end":{"line":13,"column":55}},"5":{"start":{"line":14,"column":26},"end":{"line":14,"column":97}},"6":{"start":{"line":15,"column":12},"end":{"line":15,"column":59}},"7":{"start":{"line":17,"column":12},"end":{"line":17,"column":31}},"8":{"start":{"line":22,"column":8},"end":{"line":37,"column":9}},"9":{"start":{"line":23,"column":28},"end":{"line":23,"column":55}},"10":{"start":{"line":24,"column":26},"end":{"line":24,"column":41}},"11":{"start":{"line":25,"column":32},"end":{"line":25,"column":101}},"12":{"start":{"line":26,"column":23},"end":{"line":26,"column":74}},"13":{"start":{"line":27,"column":24},"end":{"line":27,"column":77}},"14":{"start":{"line":29,"column":27},"end":{"line":29,"column":112}},"15":{"start":{"line":32,"column":12},"end":{"line":34,"column":15}},"16":{"start":{"line":36,"column":12},"end":{"line":36,"column":31}},"17":{"start":{"line":41,"column":8},"end":{"line":48,"column":9}},"18":{"start":{"line":42,"column":23},"end":{"line":42,"column":86}},"19":{"start":{"line":43,"column":28},"end":{"line":43,"column":55}},"20":{"start":{"line":44,"column":26},"end":{"line":44,"column":79}},"21":{"start":{"line":45,"column":12},"end":{"line":45,"column":59}},"22":{"start":{"line":47,"column":12},"end":{"line":47,"column":31}},"23":{"start":{"line":52,"column":8},"end":{"line":61,"column":9}},"24":{"start":{"line":53,"column":28},"end":{"line":53,"column":55}},"25":{"start":{"line":54,"column":30},"end":{"line":54,"column":53}},"26":{"start":{"line":55,"column":12},"end":{"line":55,"column":49}},"27":{"start":{"line":57,"column":32},"end":{"line":57,"column":85}},"28":{"start":{"line":58,"column":12},"end":{"line":58,"column":70}},"29":{"start":{"line":60,"column":12},"end":{"line":60,"column":31}},"30":{"start":{"line":65,"column":8},"end":{"line":74,"column":9}},"31":{"start":{"line":66,"column":23},"end":{"line":66,"column":86}},"32":{"start":{"line":67,"column":28},"end":{"line":67,"column":55}},"33":{"start":{"line":68,"column":30},"end":{"line":68,"column":57}},"34":{"start":{"line":70,"column":36},"end":{"line":70,"column":96}},"35":{"start":{"line":71,"column":12},"end":{"line":71,"column":69}},"36":{"start":{"line":73,"column":12},"end":{"line":73,"column":31}},"37":{"start":{"line":78,"column":8},"end":{"line":87,"column":9}},"38":{"start":{"line":79,"column":23},"end":{"line":79,"column":86}},"39":{"start":{"line":80,"column":28},"end":{"line":80,"column":55}},"40":{"start":{"line":81,"column":34},"end":{"line":81,"column":57}},"41":{"start":{"line":83,"column":30},"end":{"line":83,"column":90}},"42":{"start":{"line":84,"column":12},"end":{"line":84,"column":63}},"43":{"start":{"line":86,"column":12},"end":{"line":86,"column":31}},"44":{"start":{"line":91,"column":8},"end":{"line":99,"column":9}},"45":{"start":{"line":92,"column":23},"end":{"line":92,"column":86}},"46":{"start":{"line":93,"column":28},"end":{"line":93,"column":55}},"47":{"start":{"line":95,"column":34},"end":{"line":95,"column":81}},"48":{"start":{"line":96,"column":12},"end":{"line":96,"column":67}},"49":{"start":{"line":98,"column":12},"end":{"line":98,"column":31}},"50":{"start":{"line":103,"column":8},"end":{"line":112,"column":9}},"51":{"start":{"line":104,"column":23},"end":{"line":104,"column":86}},"52":{"start":{"line":105,"column":28},"end":{"line":105,"column":55}},"53":{"start":{"line":106,"column":34},"end":{"line":106,"column":57}},"54":{"start":{"line":108,"column":32},"end":{"line":108,"column":94}},"55":{"start":{"line":109,"column":12},"end":{"line":109,"column":65}},"56":{"start":{"line":111,"column":12},"end":{"line":111,"column":31}},"57":{"start":{"line":116,"column":8},"end":{"line":124,"column":9}},"58":{"start":{"line":117,"column":23},"end":{"line":117,"column":86}},"59":{"start":{"line":118,"column":28},"end":{"line":118,"column":55}},"60":{"start":{"line":120,"column":36},"end":{"line":120,"column":85}},"61":{"start":{"line":121,"column":12},"end":{"line":121,"column":69}},"62":{"start":{"line":123,"column":12},"end":{"line":123,"column":31}},"63":{"start":{"line":128,"column":8},"end":{"line":136,"column":9}},"64":{"start":{"line":129,"column":23},"end":{"line":129,"column":86}},"65":{"start":{"line":130,"column":28},"end":{"line":130,"column":55}},"66":{"start":{"line":132,"column":30},"end":{"line":132,"column":77}},"67":{"start":{"line":133,"column":12},"end":{"line":133,"column":63}},"68":{"start":{"line":135,"column":12},"end":{"line":135,"column":31}},"69":{"start":{"line":140,"column":13},"end":{"line":140,"column":53}}},"fnMap":{"0":{"name":"(anonymous_0)","decl":{"start":{"line":11,"column":4},"end":{"line":11,"column":9}},"loc":{"start":{"line":11,"column":82},"end":{"line":19,"column":5}}},"1":{"name":"(anonymous_1)","decl":{"start":{"line":21,"column":4},"end":{"line":21,"column":9}},"loc":{"start":{"line":21,"column":86},"end":{"line":38,"column":5}}},"2":{"name":"(anonymous_2)","decl":{"start":{"line":40,"column":4},"end":{"line":40,"column":9}},"loc":{"start":{"line":40,"column":71},"end":{"line":49,"column":5}}},"3":{"name":"(anonymous_3)","decl":{"start":{"line":51,"column":4},"end":{"line":51,"column":9}},"loc":{"start":{"line":51,"column":81},"end":{"line":62,"column":5}}},"4":{"name":"(anonymous_4)","decl":{"start":{"line":64,"column":4},"end":{"line":64,"column":9}},"loc":{"start":{"line":64,"column":72},"end":{"line":75,"column":5}}},"5":{"name":"(anonymous_5)","decl":{"start":{"line":77,"column":4},"end":{"line":77,"column":9}},"loc":{"start":{"line":77,"column":68},"end":{"line":88,"column":5}}},"6":{"name":"(anonymous_6)","decl":{"start":{"line":90,"column":4},"end":{"line":90,"column":9}},"loc":{"start":{"line":90,"column":70},"end":{"line":100,"column":5}}},"7":{"name":"(anonymous_7)","decl":{"start":{"line":102,"column":4},"end":{"line":102,"column":9}},"loc":{"start":{"line":102,"column":70},"end":{"line":113,"column":5}}},"8":{"name":"(anonymous_8)","decl":{"start":{"line":115,"column":4},"end":{"line":115,"column":9}},"loc":{"start":{"line":115,"column":72},"end":{"line":125,"column":5}}},"9":{"name":"(anonymous_9)","decl":{"start":{"line":127,"column":4},"end":{"line":127,"column":9}},"loc":{"start":{"line":127,"column":70},"end":{"line":137,"column":5}}}},"branchMap":{"0":{"loc":{"start":{"line":24,"column":26},"end":{"line":24,"column":41}},"type":"binary-expr","locations":[{"start":{"line":24,"column":26},"end":{"line":24,"column":35}},{"start":{"line":24,"column":39},"end":{"line":24,"column":41}}]},"1":{"loc":{"start":{"line":25,"column":32},"end":{"line":25,"column":101}},"type":"cond-expr","locations":[{"start":{"line":25,"column":72},"end":{"line":25,"column":89}},{"start":{"line":25,"column":92},"end":{"line":25,"column":101}}]},"2":{"loc":{"start":{"line":26,"column":23},"end":{"line":26,"column":74}},"type":"cond-expr","locations":[{"start":{"line":26,"column":54},"end":{"line":26,"column":62}},{"start":{"line":26,"column":65},"end":{"line":26,"column":74}}]},"3":{"loc":{"start":{"line":27,"column":24},"end":{"line":27,"column":77}},"type":"cond-expr","locations":[{"start":{"line":27,"column":56},"end":{"line":27,"column":65}},{"start":{"line":27,"column":68},"end":{"line":27,"column":77}}]},"4":{"loc":{"start":{"line":42,"column":23},"end":{"line":42,"column":86}},"type":"cond-expr","locations":[{"start":{"line":42,"column":54},"end":{"line":42,"column":70}},{"start":{"line":42,"column":73},"end":{"line":42,"column":86}}]},"5":{"loc":{"start":{"line":66,"column":23},"end":{"line":66,"column":86}},"type":"cond-expr","locations":[{"start":{"line":66,"column":54},"end":{"line":66,"column":70}},{"start":{"line":66,"column":73},"end":{"line":66,"column":86}}]},"6":{"loc":{"start":{"line":79,"column":23},"end":{"line":79,"column":86}},"type":"cond-expr","locations":[{"start":{"line":79,"column":54},"end":{"line":79,"column":70}},{"start":{"line":79,"column":73},"end":{"line":79,"column":86}}]},"7":{"loc":{"start":{"line":92,"column":23},"end":{"line":92,"column":86}},"type":"cond-expr","locations":[{"start":{"line":92,"column":54},"end":{"line":92,"column":70}},{"start":{"line":92,"column":73},"end":{"line":92,"column":86}}]},"8":{"loc":{"start":{"line":104,"column":23},"end":{"line":104,"column":86}},"type":"cond-expr","locations":[{"start":{"line":104,"column":54},"end":{"line":104,"column":70}},{"start":{"line":104,"column":73},"end":{"line":104,"column":86}}]},"9":{"loc":{"start":{"line":117,"column":23},"end":{"line":117,"column":86}},"type":"cond-expr","locations":[{"start":{"line":117,"column":54},"end":{"line":117,"column":70}},{"start":{"line":117,"column":73},"end":{"line":117,"column":86}}]},"10":{"loc":{"start":{"line":129,"column":23},"end":{"line":129,"column":86}},"type":"cond-expr","locations":[{"start":{"line":129,"column":54},"end":{"line":129,"column":70}},{"start":{"line":129,"column":73},"end":{"line":129,"column":86}}]}},"s":{"0":7,"1":7,"2":7,"3":1,"4":1,"5":1,"6":1,"7":0,"8":2,"9":2,"10":2,"11":2,"12":2,"13":2,"14":2,"15":2,"16":0,"17":1,"18":1,"19":1,"20":1,"21":1,"22":0,"23":1,"24":1,"25":1,"26":1,"27":1,"28":1,"29":0,"30":3,"31":3,"32":3,"33":3,"34":3,"35":2,"36":1,"37":1,"38":1,"39":1,"40":1,"41":1,"42":1,"43":0,"44":1,"45":1,"46":1,"47":1,"48":1,"49":0,"50":1,"51":1,"52":1,"53":1,"54":1,"55":1,"56":0,"57":1,"58":1,"59":1,"60":1,"61":1,"62":0,"63":1,"64":1,"65":1,"66":1,"67":1,"68":0,"69":7},"f":{"0":1,"1":2,"2":1,"3":1,"4":3,"5":1,"6":1,"7":1,"8":1,"9":1},"b":{"0":[2,1],"1":[1,1],"2":[1,1],"3":[1,1],"4":[0,1],"5":[1,2],"6":[0,1],"7":[0,1],"8":[0,1],"9":[0,1],"10":[0,1]}}
,"C:\\Projetos\\NossoSaldo\\api\\src\\controllers\\ia\\iaController.ts": {"path":"C:\\Projetos\\NossoSaldo\\api\\src\\controllers\\ia\\iaController.ts","statementMap":{"0":{"start":{"line":2,"column":0},"end":{"line":2,"column":48}},"1":{"start":{"line":3,"column":0},"end":{"line":3,"column":50}},"2":{"start":{"line":5,"column":0},"end":{"line":5,"column":56}},"3":{"start":{"line":9,"column":4},"end":{"line":17,"column":5}},"4":{"start":{"line":10,"column":22},"end":{"line":10,"column":49}},"5":{"start":{"line":11,"column":24},"end":{"line":13,"column":82}},"6":{"start":{"line":14,"column":6},"end":{"line":14,"column":57}},"7":{"start":{"line":16,"column":6},"end":{"line":16,"column":25}},"8":{"start":{"line":21,"column":4},"end":{"line":26,"column":5}},"9":{"start":{"line":22,"column":22},"end":{"line":22,"column":49}},"10":{"start":{"line":23,"column":6},"end":{"line":23,"column":82}},"11":{"start":{"line":25,"column":6},"end":{"line":25,"column":25}},"12":{"start":{"line":30,"column":4},"end":{"line":35,"column":5}},"13":{"start":{"line":31,"column":22},"end":{"line":31,"column":49}},"14":{"start":{"line":32,"column":6},"end":{"line":32,"column":95}},"15":{"start":{"line":34,"column":6},"end":{"line":34,"column":25}},"16":{"start":{"line":39,"column":4},"end":{"line":44,"column":5}},"17":{"start":{"line":40,"column":22},"end":{"line":40,"column":49}},"18":{"start":{"line":41,"column":6},"end":{"line":41,"column":91}},"19":{"start":{"line":43,"column":6},"end":{"line":43,"column":25}},"20":{"start":{"line":48,"column":4},"end":{"line":53,"column":5}},"21":{"start":{"line":49,"column":22},"end":{"line":49,"column":49}},"22":{"start":{"line":50,"column":6},"end":{"line":50,"column":92}},"23":{"start":{"line":52,"column":6},"end":{"line":52,"column":25}},"24":{"start":{"line":57,"column":4},"end":{"line":64,"column":5}},"25":{"start":{"line":58,"column":22},"end":{"line":58,"column":49}},"26":{"start":{"line":59,"column":24},"end":{"line":59,"column":80}},"27":{"start":{"line":61,"column":6},"end":{"line":61,"column":57}},"28":{"start":{"line":63,"column":6},"end":{"line":63,"column":25}},"29":{"start":{"line":68,"column":13},"end":{"line":68,"column":47}}},"fnMap":{"0":{"name":"(anonymous_0)","decl":{"start":{"line":8,"column":2},"end":{"line":8,"column":7}},"loc":{"start":{"line":8,"column":66},"end":{"line":18,"column":3}}},"1":{"name":"(anonymous_1)","decl":{"start":{"line":20,"column":2},"end":{"line":20,"column":7}},"loc":{"start":{"line":20,"column":62},"end":{"line":27,"column":3}}},"2":{"name":"(anonymous_2)","decl":{"start":{"line":29,"column":2},"end":{"line":29,"column":7}},"loc":{"start":{"line":29,"column":63},"end":{"line":36,"column":3}}},"3":{"name":"(anonymous_3)","decl":{"start":{"line":38,"column":2},"end":{"line":38,"column":7}},"loc":{"start":{"line":38,"column":65},"end":{"line":45,"column":3}}},"4":{"name":"(anonymous_4)","decl":{"start":{"line":47,"column":2},"end":{"line":47,"column":7}},"loc":{"start":{"line":47,"column":72},"end":{"line":54,"column":3}}},"5":{"name":"(anonymous_5)","decl":{"start":{"line":56,"column":2},"end":{"line":56,"column":7}},"loc":{"start":{"line":56,"column":65},"end":{"line":65,"column":3}}}},"branchMap":{"0":{"loc":{"start":{"line":11,"column":24},"end":{"line":13,"column":82}},"type":"cond-expr","locations":[{"start":{"line":12,"column":10},"end":{"line":12,"column":101}},{"start":{"line":13,"column":10},"end":{"line":13,"column":82}}]}},"s":{"0":7,"1":7,"2":7,"3":3,"4":3,"5":3,"6":2,"7":1,"8":2,"9":2,"10":2,"11":1,"12":2,"13":2,"14":2,"15":1,"16":2,"17":2,"18":2,"19":1,"20":2,"21":2,"22":2,"23":1,"24":2,"25":2,"26":2,"27":1,"28":1,"29":7},"f":{"0":3,"1":2,"2":2,"3":2,"4":2,"5":2},"b":{"0":[0,3]}}
,"C:\\Projetos\\NossoSaldo\\api\\src\\controllers\\insights\\insightsController.ts": {"path":"C:\\Projetos\\NossoSaldo\\api\\src\\controllers\\insights\\insightsController.ts","statementMap":{"0":{"start":{"line":2,"column":0},"end":{"line":2,"column":48}},"1":{"start":{"line":3,"column":0},"end":{"line":3,"column":50}},"2":{"start":{"line":5,"column":0},"end":{"line":5,"column":74}},"3":{"start":{"line":9,"column":4},"end":{"line":28,"column":5}},"4":{"start":{"line":10,"column":17},"end":{"line":10,"column":40}},"5":{"start":{"line":11,"column":18},"end":{"line":11,"column":42}},"6":{"start":{"line":12,"column":22},"end":{"line":12,"column":49}},"7":{"start":{"line":14,"column":6},"end":{"line":21,"column":7}},"8":{"start":{"line":15,"column":8},"end":{"line":20,"column":11}},"9":{"start":{"line":23,"column":23},"end":{"line":23,"column":87}},"10":{"start":{"line":25,"column":6},"end":{"line":25,"column":56}},"11":{"start":{"line":27,"column":6},"end":{"line":27,"column":25}},"12":{"start":{"line":32,"column":13},"end":{"line":32,"column":59}}},"fnMap":{"0":{"name":"(anonymous_0)","decl":{"start":{"line":8,"column":2},"end":{"line":8,"column":7}},"loc":{"start":{"line":8,"column":77},"end":{"line":29,"column":3}}}},"branchMap":{"0":{"loc":{"start":{"line":14,"column":6},"end":{"line":21,"column":7}},"type":"if","locations":[{"start":{"line":14,"column":6},"end":{"line":21,"column":7}},{"start":{},"end":{}}]}},"s":{"0":7,"1":7,"2":7,"3":3,"4":3,"5":3,"6":3,"7":3,"8":1,"9":2,"10":1,"11":1,"12":7},"f":{"0":3},"b":{"0":[1,2]}}
,"C:\\Projetos\\NossoSaldo\\api\\src\\controllers\\recorrencia\\recorrenciaController.ts": {"path":"C:\\Projetos\\NossoSaldo\\api\\src\\controllers\\recorrencia\\recorrenciaController.ts","statementMap":{"0":{"start":{"line":2,"column":0},"end":{"line":2,"column":48}},"1":{"start":{"line":4,"column":0},"end":{"line":4,"column":50}},"2":{"start":{"line":5,"column":0},"end":{"line":5,"column":83}},"3":{"start":{"line":10,"column":4},"end":{"line":16,"column":5}},"4":{"start":{"line":11,"column":22},"end":{"line":11,"column":49}},"5":{"start":{"line":12,"column":24},"end":{"line":12,"column":87}},"6":{"start":{"line":13,"column":6},"end":{"line":13,"column":62}},"7":{"start":{"line":15,"column":6},"end":{"line":15,"column":25}},"8":{"start":{"line":20,"column":4},"end":{"line":27,"column":5}},"9":{"start":{"line":21,"column":17},"end":{"line":21,"column":40}},"10":{"start":{"line":22,"column":22},"end":{"line":22,"column":49}},"11":{"start":{"line":23,"column":24},"end":{"line":23,"column":87}},"12":{"start":{"line":24,"column":6},"end":{"line":24,"column":57}},"13":{"start":{"line":26,"column":6},"end":{"line":26,"column":25}},"14":{"start":{"line":31,"column":4},"end":{"line":43,"column":5}},"15":{"start":{"line":32,"column":22},"end":{"line":32,"column":49}},"16":{"start":{"line":33,"column":43},"end":{"line":37,"column":8}},"17":{"start":{"line":39,"column":24},"end":{"line":39,"column":98}},"18":{"start":{"line":40,"column":6},"end":{"line":40,"column":86}},"19":{"start":{"line":42,"column":6},"end":{"line":42,"column":25}},"20":{"start":{"line":47,"column":4},"end":{"line":54,"column":5}},"21":{"start":{"line":48,"column":17},"end":{"line":48,"column":40}},"22":{"start":{"line":49,"column":22},"end":{"line":49,"column":49}},"23":{"start":{"line":50,"column":24},"end":{"line":50,"column":95}},"24":{"start":{"line":51,"column":6},"end":{"line":51,"column":57}},"25":{"start":{"line":53,"column":6},"end":{"line":53,"column":25}},"26":{"start":{"line":58,"column":4},"end":{"line":65,"column":5}},"27":{"start":{"line":59,"column":17},"end":{"line":59,"column":40}},"28":{"start":{"line":60,"column":22},"end":{"line":60,"column":49}},"29":{"start":{"line":61,"column":24},"end":{"line":61,"column":92}},"30":{"start":{"line":62,"column":6},"end":{"line":62,"column":57}},"31":{"start":{"line":64,"column":6},"end":{"line":64,"column":25}},"32":{"start":{"line":69,"column":4},"end":{"line":76,"column":5}},"33":{"start":{"line":70,"column":17},"end":{"line":70,"column":40}},"34":{"start":{"line":71,"column":22},"end":{"line":71,"column":49}},"35":{"start":{"line":72,"column":24},"end":{"line":72,"column":83}},"36":{"start":{"line":73,"column":6},"end":{"line":73,"column":57}},"37":{"start":{"line":75,"column":6},"end":{"line":75,"column":25}},"38":{"start":{"line":80,"column":4},"end":{"line":87,"column":5}},"39":{"start":{"line":81,"column":17},"end":{"line":81,"column":40}},"40":{"start":{"line":82,"column":22},"end":{"line":82,"column":49}},"41":{"start":{"line":83,"column":24},"end":{"line":83,"column":83}},"42":{"start":{"line":84,"column":6},"end":{"line":84,"column":57}},"43":{"start":{"line":86,"column":6},"end":{"line":86,"column":25}},"44":{"start":{"line":8,"column":0},"end":{"line":8,"column":13}},"45":{"start":{"line":91,"column":13},"end":{"line":91,"column":65}}},"fnMap":{"0":{"name":"(anonymous_0)","decl":{"start":{"line":9,"column":2},"end":{"line":9,"column":7}},"loc":{"start":{"line":9,"column":72},"end":{"line":17,"column":3}}},"1":{"name":"(anonymous_1)","decl":{"start":{"line":19,"column":2},"end":{"line":19,"column":7}},"loc":{"start":{"line":19,"column":75},"end":{"line":28,"column":3}}},"2":{"name":"(anonymous_2)","decl":{"start":{"line":30,"column":2},"end":{"line":30,"column":7}},"loc":{"start":{"line":30,"column":74},"end":{"line":44,"column":3}}},"3":{"name":"(anonymous_3)","decl":{"start":{"line":46,"column":2},"end":{"line":46,"column":7}},"loc":{"start":{"line":46,"column":76},"end":{"line":55,"column":3}}},"4":{"name":"(anonymous_4)","decl":{"start":{"line":57,"column":2},"end":{"line":57,"column":7}},"loc":{"start":{"line":57,"column":73},"end":{"line":66,"column":3}}},"5":{"name":"(anonymous_5)","decl":{"start":{"line":68,"column":2},"end":{"line":68,"column":7}},"loc":{"start":{"line":68,"column":74},"end":{"line":77,"column":3}}},"6":{"name":"(anonymous_6)","decl":{"start":{"line":79,"column":2},"end":{"line":79,"column":7}},"loc":{"start":{"line":79,"column":74},"end":{"line":88,"column":3}}}},"branchMap":{},"s":{"0":6,"1":6,"2":6,"3":0,"4":0,"5":0,"6":0,"7":0,"8":0,"9":0,"10":0,"11":0,"12":0,"13":0,"14":0,"15":0,"16":0,"17":0,"18":0,"19":0,"20":0,"21":0,"22":0,"23":0,"24":0,"25":0,"26":0,"27":0,"28":0,"29":0,"30":0,"31":0,"32":0,"33":0,"34":0,"35":0,"36":0,"37":0,"38":0,"39":0,"40":0,"41":0,"42":0,"43":0,"44":6,"45":6},"f":{"0":0,"1":0,"2":0,"3":0,"4":0,"5":0,"6":0},"b":{}}
,"C:\\Projetos\\NossoSaldo\\api\\src\\controllers\\relatorio\\relatorioController.ts": {"path":"C:\\Projetos\\NossoSaldo\\api\\src\\controllers\\relatorio\\relatorioController.ts","statementMap":{"0":{"start":{"line":2,"column":0},"end":{"line":2,"column":48}},"1":{"start":{"line":3,"column":0},"end":{"line":3,"column":50}},"2":{"start":{"line":4,"column":0},"end":{"line":4,"column":77}},"3":{"start":{"line":9,"column":8},"end":{"line":28,"column":9}},"4":{"start":{"line":10,"column":23},"end":{"line":10,"column":46}},"5":{"start":{"line":11,"column":24},"end":{"line":11,"column":48}},"6":{"start":{"line":12,"column":28},"end":{"line":12,"column":55}},"7":{"start":{"line":14,"column":12},"end":{"line":21,"column":13}},"8":{"start":{"line":15,"column":16},"end":{"line":20,"column":19}},"9":{"start":{"line":23,"column":30},"end":{"line":23,"column":102}},"10":{"start":{"line":25,"column":12},"end":{"line":25,"column":63}},"11":{"start":{"line":27,"column":12},"end":{"line":27,"column":31}},"12":{"start":{"line":32,"column":8},"end":{"line":51,"column":9}},"13":{"start":{"line":33,"column":29},"end":{"line":33,"column":58}},"14":{"start":{"line":34,"column":32},"end":{"line":34,"column":64}},"15":{"start":{"line":35,"column":28},"end":{"line":35,"column":55}},"16":{"start":{"line":37,"column":12},"end":{"line":44,"column":13}},"17":{"start":{"line":38,"column":16},"end":{"line":43,"column":19}},"18":{"start":{"line":46,"column":30},"end":{"line":46,"column":119}},"19":{"start":{"line":48,"column":12},"end":{"line":48,"column":63}},"20":{"start":{"line":50,"column":12},"end":{"line":50,"column":31}},"21":{"start":{"line":55,"column":8},"end":{"line":74,"column":9}},"22":{"start":{"line":56,"column":23},"end":{"line":56,"column":46}},"23":{"start":{"line":57,"column":24},"end":{"line":57,"column":48}},"24":{"start":{"line":58,"column":28},"end":{"line":58,"column":55}},"25":{"start":{"line":60,"column":12},"end":{"line":67,"column":13}},"26":{"start":{"line":61,"column":16},"end":{"line":66,"column":19}},"27":{"start":{"line":69,"column":30},"end":{"line":69,"column":100}},"28":{"start":{"line":71,"column":12},"end":{"line":71,"column":63}},"29":{"start":{"line":73,"column":12},"end":{"line":73,"column":31}},"30":{"start":{"line":78,"column":8},"end":{"line":97,"column":9}},"31":{"start":{"line":79,"column":23},"end":{"line":79,"column":46}},"32":{"start":{"line":80,"column":24},"end":{"line":80,"column":48}},"33":{"start":{"line":81,"column":28},"end":{"line":81,"column":55}},"34":{"start":{"line":83,"column":12},"end":{"line":90,"column":13}},"35":{"start":{"line":84,"column":16},"end":{"line":89,"column":19}},"36":{"start":{"line":92,"column":30},"end":{"line":92,"column":101}},"37":{"start":{"line":94,"column":12},"end":{"line":94,"column":63}},"38":{"start":{"line":96,"column":12},"end":{"line":96,"column":31}},"39":{"start":{"line":102,"column":13},"end":{"line":102,"column":61}}},"fnMap":{"0":{"name":"(anonymous_0)","decl":{"start":{"line":8,"column":4},"end":{"line":8,"column":9}},"loc":{"start":{"line":8,"column":86},"end":{"line":29,"column":5}}},"1":{"name":"(anonymous_1)","decl":{"start":{"line":31,"column":4},"end":{"line":31,"column":9}},"loc":{"start":{"line":31,"column":89},"end":{"line":52,"column":5}}},"2":{"name":"(anonymous_2)","decl":{"start":{"line":54,"column":4},"end":{"line":54,"column":9}},"loc":{"start":{"line":54,"column":84},"end":{"line":75,"column":5}}},"3":{"name":"(anonymous_3)","decl":{"start":{"line":77,"column":4},"end":{"line":77,"column":9}},"loc":{"start":{"line":77,"column":85},"end":{"line":98,"column":5}}}},"branchMap":{"0":{"loc":{"start":{"line":14,"column":12},"end":{"line":21,"column":13}},"type":"if","locations":[{"start":{"line":14,"column":12},"end":{"line":21,"column":13}},{"start":{},"end":{}}]},"1":{"loc":{"start":{"line":37,"column":12},"end":{"line":44,"column":13}},"type":"if","locations":[{"start":{"line":37,"column":12},"end":{"line":44,"column":13}},{"start":{},"end":{}}]},"2":{"loc":{"start":{"line":60,"column":12},"end":{"line":67,"column":13}},"type":"if","locations":[{"start":{"line":60,"column":12},"end":{"line":67,"column":13}},{"start":{},"end":{}}]},"3":{"loc":{"start":{"line":83,"column":12},"end":{"line":90,"column":13}},"type":"if","locations":[{"start":{"line":83,"column":12},"end":{"line":90,"column":13}},{"start":{},"end":{}}]}},"s":{"0":7,"1":7,"2":7,"3":2,"4":2,"5":2,"6":2,"7":2,"8":1,"9":1,"10":1,"11":0,"12":2,"13":2,"14":2,"15":2,"16":2,"17":1,"18":1,"19":1,"20":0,"21":1,"22":1,"23":1,"24":1,"25":1,"26":0,"27":1,"28":1,"29":0,"30":2,"31":2,"32":2,"33":2,"34":2,"35":0,"36":2,"37":1,"38":1,"39":7},"f":{"0":2,"1":2,"2":1,"3":2},"b":{"0":[1,1],"1":[1,1],"2":[0,1],"3":[0,2]}}
,"C:\\Projetos\\NossoSaldo\\api\\src\\controllers\\usuario\\usuarioController.ts": {"path":"C:\\Projetos\\NossoSaldo\\api\\src\\controllers\\usuario\\usuarioController.ts","statementMap":{"0":{"start":{"line":2,"column":0},"end":{"line":2,"column":42}},"1":{"start":{"line":3,"column":0},"end":{"line":3,"column":71}},"2":{"start":{"line":6,"column":0},"end":{"line":6,"column":48}},"3":{"start":{"line":12,"column":0},"end":{"line":12,"column":55}},"4":{"start":{"line":13,"column":0},"end":{"line":13,"column":50}},"5":{"start":{"line":17,"column":4},"end":{"line":23,"column":5}},"6":{"start":{"line":18,"column":40},"end":{"line":18,"column":48}},"7":{"start":{"line":19,"column":28},"end":{"line":19,"column":67}},"8":{"start":{"line":20,"column":6},"end":{"line":20,"column":66}},"9":{"start":{"line":22,"column":6},"end":{"line":22,"column":25}},"10":{"start":{"line":27,"column":4},"end":{"line":51,"column":5}},"11":{"start":{"line":28,"column":27},"end":{"line":28,"column":35}},"12":{"start":{"line":29,"column":28},"end":{"line":29,"column":60}},"13":{"start":{"line":31,"column":6},"end":{"line":46,"column":7}},"14":{"start":{"line":32,"column":8},"end":{"line":40,"column":10}},"15":{"start":{"line":41,"column":8},"end":{"line":45,"column":11}},"16":{"start":{"line":48,"column":6},"end":{"line":48,"column":69}},"17":{"start":{"line":50,"column":6},"end":{"line":50,"column":25}},"18":{"start":{"line":55,"column":4},"end":{"line":62,"column":5}},"19":{"start":{"line":56,"column":23},"end":{"line":56,"column":60}},"20":{"start":{"line":57,"column":6},"end":{"line":59,"column":9}},"21":{"start":{"line":61,"column":6},"end":{"line":61,"column":25}},"22":{"start":{"line":66,"column":4},"end":{"line":77,"column":5}},"23":{"start":{"line":67,"column":22},"end":{"line":67,"column":49}},"24":{"start":{"line":68,"column":22},"end":{"line":68,"column":73}},"25":{"start":{"line":70,"column":6},"end":{"line":72,"column":7}},"26":{"start":{"line":71,"column":8},"end":{"line":71,"column":68}},"27":{"start":{"line":74,"column":6},"end":{"line":74,"column":55}},"28":{"start":{"line":76,"column":6},"end":{"line":76,"column":25}},"29":{"start":{"line":81,"column":4},"end":{"line":93,"column":5}},"30":{"start":{"line":82,"column":22},"end":{"line":82,"column":49}},"31":{"start":{"line":83,"column":64},"end":{"line":83,"column":72}},"32":{"start":{"line":84,"column":32},"end":{"line":84,"column":98}},"33":{"start":{"line":86,"column":6},"end":{"line":88,"column":7}},"34":{"start":{"line":87,"column":8},"end":{"line":87,"column":68}},"35":{"start":{"line":90,"column":6},"end":{"line":90,"column":65}},"36":{"start":{"line":92,"column":6},"end":{"line":92,"column":25}},"37":{"start":{"line":97,"column":4},"end":{"line":109,"column":5}},"38":{"start":{"line":98,"column":22},"end":{"line":98,"column":49}},"39":{"start":{"line":99,"column":32},"end":{"line":99,"column":46}},"40":{"start":{"line":100,"column":30},"end":{"line":100,"column":94}},"41":{"start":{"line":102,"column":6},"end":{"line":104,"column":7}},"42":{"start":{"line":103,"column":8},"end":{"line":103,"column":68}},"43":{"start":{"line":106,"column":6},"end":{"line":106,"column":91}},"44":{"start":{"line":108,"column":6},"end":{"line":108,"column":25}},"45":{"start":{"line":113,"column":4},"end":{"line":119,"column":5}},"46":{"start":{"line":114,"column":41},"end":{"line":114,"column":49}},"47":{"start":{"line":115,"column":24},"end":{"line":115,"column":76}},"48":{"start":{"line":116,"column":6},"end":{"line":116,"column":63}},"49":{"start":{"line":118,"column":6},"end":{"line":118,"column":25}},"50":{"start":{"line":123,"column":4},"end":{"line":144,"column":5}},"51":{"start":{"line":124,"column":20},"end":{"line":124,"column":53}},"52":{"start":{"line":126,"column":6},"end":{"line":128,"column":7}},"53":{"start":{"line":127,"column":8},"end":{"line":127,"column":79}},"54":{"start":{"line":130,"column":6},"end":{"line":130,"column":63}},"55":{"start":{"line":132,"column":30},"end":{"line":132,"column":69}},"56":{"start":{"line":134,"column":6},"end":{"line":136,"column":7}},"57":{"start":{"line":135,"column":8},"end":{"line":135,"column":90}},"58":{"start":{"line":138,"column":26},"end":{"line":138,"column":50}},"59":{"start":{"line":139,"column":6},"end":{"line":139,"column":51}},"60":{"start":{"line":141,"column":6},"end":{"line":141,"column":55}},"61":{"start":{"line":143,"column":6},"end":{"line":143,"column":25}},"62":{"start":{"line":148,"column":4},"end":{"line":154,"column":5}},"63":{"start":{"line":149,"column":44},"end":{"line":149,"column":52}},"64":{"start":{"line":150,"column":6},"end":{"line":150,"column":56}},"65":{"start":{"line":151,"column":6},"end":{"line":151,"column":91}},"66":{"start":{"line":153,"column":6},"end":{"line":153,"column":25}},"67":{"start":{"line":158,"column":4},"end":{"line":164,"column":5}},"68":{"start":{"line":159,"column":34},"end":{"line":159,"column":42}},"69":{"start":{"line":160,"column":24},"end":{"line":160,"column":69}},"70":{"start":{"line":161,"column":6},"end":{"line":161,"column":57}},"71":{"start":{"line":163,"column":6},"end":{"line":163,"column":25}},"72":{"start":{"line":168,"column":13},"end":{"line":168,"column":56}}},"fnMap":{"0":{"name":"(anonymous_1)","decl":{"start":{"line":16,"column":2},"end":{"line":16,"column":7}},"loc":{"start":{"line":16,"column":68},"end":{"line":24,"column":3}}},"1":{"name":"(anonymous_2)","decl":{"start":{"line":26,"column":2},"end":{"line":26,"column":7}},"loc":{"start":{"line":26,"column":61},"end":{"line":52,"column":3}}},"2":{"name":"(anonymous_3)","decl":{"start":{"line":54,"column":2},"end":{"line":54,"column":7}},"loc":{"start":{"line":54,"column":70},"end":{"line":63,"column":3}}},"3":{"name":"(anonymous_4)","decl":{"start":{"line":65,"column":2},"end":{"line":65,"column":7}},"loc":{"start":{"line":65,"column":74},"end":{"line":78,"column":3}}},"4":{"name":"(anonymous_5)","decl":{"start":{"line":80,"column":2},"end":{"line":80,"column":7}},"loc":{"start":{"line":80,"column":71},"end":{"line":94,"column":3}}},"5":{"name":"(anonymous_6)","decl":{"start":{"line":96,"column":2},"end":{"line":96,"column":7}},"loc":{"start":{"line":96,"column":76},"end":{"line":110,"column":3}}},"6":{"name":"(anonymous_7)","decl":{"start":{"line":112,"column":2},"end":{"line":112,"column":7}},"loc":{"start":{"line":112,"column":81},"end":{"line":120,"column":3}}},"7":{"name":"(anonymous_8)","decl":{"start":{"line":122,"column":2},"end":{"line":122,"column":7}},"loc":{"start":{"line":122,"column":84},"end":{"line":145,"column":3}}},"8":{"name":"(anonymous_9)","decl":{"start":{"line":147,"column":2},"end":{"line":147,"column":7}},"loc":{"start":{"line":147,"column":78},"end":{"line":155,"column":3}}},"9":{"name":"(anonymous_10)","decl":{"start":{"line":157,"column":2},"end":{"line":157,"column":7}},"loc":{"start":{"line":157,"column":68},"end":{"line":165,"column":3}}}},"branchMap":{"0":{"loc":{"start":{"line":31,"column":6},"end":{"line":46,"column":7}},"type":"if","locations":[{"start":{"line":31,"column":6},"end":{"line":46,"column":7}},{"start":{},"end":{}}]},"1":{"loc":{"start":{"line":36,"column":25},"end":{"line":36,"column":86}},"type":"cond-expr","locations":[{"start":{"line":36,"column":47},"end":{"line":36,"column":79}},{"start":{"line":36,"column":82},"end":{"line":36,"column":86}}]},"2":{"loc":{"start":{"line":44,"column":28},"end":{"line":44,"column":61}},"type":"binary-expr","locations":[{"start":{"line":44,"column":28},"end":{"line":44,"column":51}},{"start":{"line":44,"column":55},"end":{"line":44,"column":61}}]},"3":{"loc":{"start":{"line":70,"column":6},"end":{"line":72,"column":7}},"type":"if","locations":[{"start":{"line":70,"column":6},"end":{"line":72,"column":7}},{"start":{},"end":{}}]},"4":{"loc":{"start":{"line":86,"column":6},"end":{"line":88,"column":7}},"type":"if","locations":[{"start":{"line":86,"column":6},"end":{"line":88,"column":7}},{"start":{},"end":{}}]},"5":{"loc":{"start":{"line":102,"column":6},"end":{"line":104,"column":7}},"type":"if","locations":[{"start":{"line":102,"column":6},"end":{"line":104,"column":7}},{"start":{},"end":{}}]},"6":{"loc":{"start":{"line":124,"column":23},"end":{"line":124,"column":44}},"type":"binary-expr","locations":[{"start":{"line":124,"column":23},"end":{"line":124,"column":38}},{"start":{"line":124,"column":42},"end":{"line":124,"column":44}}]},"7":{"loc":{"start":{"line":126,"column":6},"end":{"line":128,"column":7}},"type":"if","locations":[{"start":{"line":126,"column":6},"end":{"line":128,"column":7}},{"start":{},"end":{}}]},"8":{"loc":{"start":{"line":134,"column":6},"end":{"line":136,"column":7}},"type":"if","locations":[{"start":{"line":134,"column":6},"end":{"line":136,"column":7}},{"start":{},"end":{}}]}},"s":{"0":4,"1":4,"2":4,"3":4,"4":4,"5":2,"6":2,"7":2,"8":1,"9":1,"10":3,"11":3,"12":3,"13":2,"14":1,"15":1,"16":1,"17":1,"18":2,"19":2,"20":1,"21":1,"22":2,"23":2,"24":2,"25":2,"26":1,"27":1,"28":0,"29":3,"30":3,"31":3,"32":3,"33":2,"34":1,"35":1,"36":1,"37":3,"38":3,"39":3,"40":3,"41":2,"42":1,"43":1,"44":1,"45":1,"46":1,"47":1,"48":1,"49":0,"50":3,"51":3,"52":3,"53":1,"54":2,"55":2,"56":2,"57":1,"58":1,"59":1,"60":1,"61":0,"62":1,"63":1,"64":1,"65":1,"66":0,"67":1,"68":1,"69":1,"70":1,"71":0,"72":4},"f":{"0":2,"1":3,"2":2,"3":2,"4":3,"5":3,"6":1,"7":3,"8":1,"9":1},"b":{"0":[1,1],"1":[0,0],"2":[1,0],"3":[1,1],"4":[1,1],"5":[1,1],"6":[3,1],"7":[1,2],"8":[1,1]}}
,"C:\\Projetos\\NossoSaldo\\api\\src\\errors\\httpError.ts": {"path":"C:\\Projetos\\NossoSaldo\\api\\src\\errors\\httpError.ts","statementMap":{"0":{"start":{"line":3,"column":0},"end":{"line":3,"column":16}},"1":{"start":{"line":10,"column":0},"end":{"line":10,"column":16}},"2":{"start":{"line":1,"column":0},"end":{"line":1,"column":42}},"3":{"start":{"line":4,"column":2},"end":{"line":7,"column":5}},"4":{"start":{"line":11,"column":2},"end":{"line":21,"column":3}},"5":{"start":{"line":17,"column":4},"end":{"line":20,"column":7}},"6":{"start":{"line":23,"column":2},"end":{"line":26,"column":5}}},"fnMap":{"0":{"name":"createValidationError","decl":{"start":{"line":3,"column":16},"end":{"line":3,"column":37}},"loc":{"start":{"line":3,"column":55},"end":{"line":8,"column":1}}},"1":{"name":"createRepositoryError","decl":{"start":{"line":10,"column":16},"end":{"line":10,"column":37}},"loc":{"start":{"line":10,"column":77},"end":{"line":27,"column":1}}}},"branchMap":{"0":{"loc":{"start":{"line":11,"column":2},"end":{"line":21,"column":3}},"type":"if","locations":[{"start":{"line":11,"column":2},"end":{"line":21,"column":3}},{"start":{},"end":{}}]},"1":{"loc":{"start":{"line":12,"column":4},"end":{"line":15,"column":26}},"type":"binary-expr","locations":[{"start":{"line":12,"column":4},"end":{"line":12,"column":29}},{"start":{"line":13,"column":4},"end":{"line":13,"column":18}},{"start":{"line":14,"column":4},"end":{"line":14,"column":19}},{"start":{"line":15,"column":4},"end":{"line":15,"column":26}}]}},"s":{"0":43,"1":43,"2":43,"3":9,"4":18,"5":1,"6":17},"f":{"0":9,"1":18},"b":{"0":[1,17],"1":[18,18,18,1]}}
,"C:\\Projetos\\NossoSaldo\\api\\src\\http\\response.ts": {"path":"C:\\Projetos\\NossoSaldo\\api\\src\\http\\response.ts","statementMap":{"0":{"start":{"line":5,"column":0},"end":{"line":5,"column":16}},"1":{"start":{"line":6,"column":56},"end":{"line":6,"column":64}},"2":{"start":{"line":8,"column":2},"end":{"line":10,"column":3}},"3":{"start":{"line":9,"column":4},"end":{"line":9,"column":29}},"4":{"start":{"line":12,"column":2},"end":{"line":12,"column":51}}},"fnMap":{"0":{"name":"sendSuccess","decl":{"start":{"line":5,"column":16},"end":{"line":5,"column":27}},"loc":{"start":{"line":5,"column":93},"end":{"line":13,"column":1}}}},"branchMap":{"0":{"loc":{"start":{"line":8,"column":2},"end":{"line":10,"column":3}},"type":"if","locations":[{"start":{"line":8,"column":2},"end":{"line":10,"column":3}},{"start":{},"end":{}}]},"1":{"loc":{"start":{"line":8,"column":6},"end":{"line":8,"column":42}},"type":"binary-expr","locations":[{"start":{"line":8,"column":6},"end":{"line":8,"column":10}},{"start":{"line":8,"column":14},"end":{"line":8,"column":42}}]}},"s":{"0":15,"1":45,"2":45,"3":8,"4":45},"f":{"0":45},"b":{"0":[8,37],"1":[45,8]}}
,"C:\\Projetos\\NossoSaldo\\api\\src\\lib\\prisma.ts": {"path":"C:\\Projetos\\NossoSaldo\\api\\src\\lib\\prisma.ts","statementMap":{"0":{"start":{"line":1,"column":0},"end":{"line":1,"column":23}},"1":{"start":{"line":2,"column":0},"end":{"line":2,"column":56}},"2":{"start":{"line":3,"column":0},"end":{"line":3,"column":46}},"3":{"start":{"line":4,"column":0},"end":{"line":4,"column":46}},"4":{"start":{"line":11,"column":25},"end":{"line":11,"column":49}},"5":{"start":{"line":13,"column":0},"end":{"line":15,"column":1}},"6":{"start":{"line":14,"column":2},"end":{"line":14,"column":50}},"7":{"start":{"line":17,"column":25},"end":{"line":17,"column":86}},"8":{"start":{"line":19,"column":0},"end":{"line":21,"column":1}},"9":{"start":{"line":20,"column":2},"end":{"line":20,"column":74}},"10":{"start":{"line":23,"column":16},"end":{"line":25,"column":38}},"11":{"start":{"line":29,"column":13},"end":{"line":29,"column":105}},"12":{"start":{"line":31,"column":0},"end":{"line":33,"column":1}},"13":{"start":{"line":32,"column":2},"end":{"line":32,"column":43}}},"fnMap":{},"branchMap":{"0":{"loc":{"start":{"line":13,"column":0},"end":{"line":15,"column":1}},"type":"if","locations":[{"start":{"line":13,"column":0},"end":{"line":15,"column":1}},{"start":{},"end":{}}]},"1":{"loc":{"start":{"line":17,"column":26},"end":{"line":17,"column":71}},"type":"binary-expr","locations":[{"start":{"line":17,"column":26},"end":{"line":17,"column":55}},{"start":{"line":17,"column":59},"end":{"line":17,"column":71}}]},"2":{"loc":{"start":{"line":19,"column":0},"end":{"line":21,"column":1}},"type":"if","locations":[{"start":{"line":19,"column":0},"end":{"line":21,"column":1}},{"start":{},"end":{}}]},"3":{"loc":{"start":{"line":19,"column":4},"end":{"line":19,"column":69}},"type":"binary-expr","locations":[{"start":{"line":19,"column":4},"end":{"line":19,"column":37}},{"start":{"line":19,"column":41},"end":{"line":19,"column":69}}]},"4":{"loc":{"start":{"line":23,"column":16},"end":{"line":25,"column":38}},"type":"cond-expr","locations":[{"start":{"line":24,"column":4},"end":{"line":24,"column":39}},{"start":{"line":25,"column":4},"end":{"line":25,"column":38}}]},"5":{"loc":{"start":{"line":29,"column":22},"end":{"line":29,"column":104}},"type":"binary-expr","locations":[{"start":{"line":29,"column":22},"end":{"line":29,"column":53}},{"start":{"line":29,"column":57},"end":{"line":29,"column":104}}]},"6":{"loc":{"start":{"line":31,"column":0},"end":{"line":33,"column":1}},"type":"if","locations":[{"start":{"line":31,"column":0},"end":{"line":33,"column":1}},{"start":{},"end":{}}]}},"s":{"0":41,"1":41,"2":41,"3":41,"4":41,"5":41,"6":0,"7":41,"8":41,"9":0,"10":41,"11":41,"12":41,"13":41},"f":{},"b":{"0":[0,41],"1":[41,0],"2":[0,41],"3":[41,0],"4":[0,41],"5":[41,28],"6":[41,0]}}
,"C:\\Projetos\\NossoSaldo\\api\\src\\schemas\\cartaoCredito\\createCartaoCreditoSchema.ts": {"path":"C:\\Projetos\\NossoSaldo\\api\\src\\schemas\\cartaoCredito\\createCartaoCreditoSchema.ts","statementMap":{"0":{"start":{"line":1,"column":0},"end":{"line":1,"column":22}},"1":{"start":{"line":3,"column":34},"end":{"line":36,"column":2}},"2":{"start":{"line":38,"column":9},"end":{"line":38,"column":34}}},"fnMap":{},"branchMap":{},"s":{"0":6,"1":6,"2":6},"f":{},"b":{}}
,"C:\\Projetos\\NossoSaldo\\api\\src\\schemas\\cartaoCredito\\updateCartaoCreditoSchema.ts": {"path":"C:\\Projetos\\NossoSaldo\\api\\src\\schemas\\cartaoCredito\\updateCartaoCreditoSchema.ts","statementMap":{"0":{"start":{"line":1,"column":0},"end":{"line":1,"column":72}},"1":{"start":{"line":3,"column":34},"end":{"line":3,"column":59}},"2":{"start":{"line":5,"column":9},"end":{"line":5,"column":34}}},"fnMap":{},"branchMap":{},"s":{"0":6,"1":6,"2":6},"f":{},"b":{}}
,"C:\\Projetos\\NossoSaldo\\api\\src\\schemas\\categoria\\createCategoriaSchema.ts": {"path":"C:\\Projetos\\NossoSaldo\\api\\src\\schemas\\categoria\\createCategoriaSchema.ts","statementMap":{"0":{"start":{"line":1,"column":0},"end":{"line":1,"column":22}},"1":{"start":{"line":3,"column":30},"end":{"line":21,"column":2}},"2":{"start":{"line":23,"column":9},"end":{"line":23,"column":30}}},"fnMap":{},"branchMap":{},"s":{"0":6,"1":6,"2":6},"f":{},"b":{}}
,"C:\\Projetos\\NossoSaldo\\api\\src\\schemas\\categoria\\updateCategoriaSchema.ts": {"path":"C:\\Projetos\\NossoSaldo\\api\\src\\schemas\\categoria\\updateCategoriaSchema.ts","statementMap":{"0":{"start":{"line":1,"column":0},"end":{"line":1,"column":22}},"1":{"start":{"line":3,"column":30},"end":{"line":18,"column":2}},"2":{"start":{"line":20,"column":9},"end":{"line":20,"column":30}}},"fnMap":{},"branchMap":{},"s":{"0":6,"1":6,"2":6},"f":{},"b":{}}
,"C:\\Projetos\\NossoSaldo\\api\\src\\schemas\\contaConjunta\\createContaConjuntaSchema.ts": {"path":"C:\\Projetos\\NossoSaldo\\api\\src\\schemas\\contaConjunta\\createContaConjuntaSchema.ts","statementMap":{"0":{"start":{"line":1,"column":0},"end":{"line":1,"column":22}},"1":{"start":{"line":3,"column":34},"end":{"line":12,"column":2}},"2":{"start":{"line":14,"column":9},"end":{"line":14,"column":34}}},"fnMap":{},"branchMap":{},"s":{"0":6,"1":6,"2":6},"f":{},"b":{}}
,"C:\\Projetos\\NossoSaldo\\api\\src\\schemas\\gasto\\createGastoSchema.ts": {"path":"C:\\Projetos\\NossoSaldo\\api\\src\\schemas\\gasto\\createGastoSchema.ts","statementMap":{"0":{"start":{"line":1,"column":0},"end":{"line":1,"column":22}},"1":{"start":{"line":3,"column":26},"end":{"line":75,"column":6}},"2":{"start":{"line":62,"column":4},"end":{"line":69,"column":5}},"3":{"start":{"line":68,"column":8},"end":{"line":68,"column":44}},"4":{"start":{"line":71,"column":4},"end":{"line":71,"column":17}},"5":{"start":{"line":77,"column":9},"end":{"line":77,"column":26}}},"fnMap":{"0":{"name":"(anonymous_1)","decl":{"start":{"line":61,"column":10},"end":{"line":61,"column":11}},"loc":{"start":{"line":61,"column":29},"end":{"line":72,"column":1}}}},"branchMap":{"0":{"loc":{"start":{"line":62,"column":4},"end":{"line":69,"column":5}},"type":"if","locations":[{"start":{"line":62,"column":4},"end":{"line":69,"column":5}},{"start":{},"end":{}}]},"1":{"loc":{"start":{"line":63,"column":8},"end":{"line":66,"column":98}},"type":"binary-expr","locations":[{"start":{"line":63,"column":8},"end":{"line":63,"column":47}},{"start":{"line":64,"column":11},"end":{"line":64,"column":35}},{"start":{"line":65,"column":11},"end":{"line":65,"column":31}},{"start":{"line":66,"column":11},"end":{"line":66,"column":98}}]}},"s":{"0":17,"1":17,"2":2,"3":1,"4":1,"5":17},"f":{"0":2},"b":{"0":[1,1],"1":[2,1,1,1]}}
,"C:\\Projetos\\NossoSaldo\\api\\src\\schemas\\gasto\\pagarGastoSchema.ts": {"path":"C:\\Projetos\\NossoSaldo\\api\\src\\schemas\\gasto\\pagarGastoSchema.ts","statementMap":{"0":{"start":{"line":1,"column":0},"end":{"line":1,"column":22}},"1":{"start":{"line":3,"column":25},"end":{"line":11,"column":2}},"2":{"start":{"line":13,"column":9},"end":{"line":13,"column":25}}},"fnMap":{},"branchMap":{},"s":{"0":19,"1":19,"2":19},"f":{},"b":{}}
,"C:\\Projetos\\NossoSaldo\\api\\src\\schemas\\gasto\\updateGastoSchema.ts": {"path":"C:\\Projetos\\NossoSaldo\\api\\src\\schemas\\gasto\\updateGastoSchema.ts","statementMap":{"0":{"start":{"line":1,"column":0},"end":{"line":1,"column":22}},"1":{"start":{"line":3,"column":26},"end":{"line":67,"column":6}},"2":{"start":{"line":69,"column":9},"end":{"line":69,"column":26}}},"fnMap":{},"branchMap":{},"s":{"0":16,"1":16,"2":16},"f":{},"b":{}}
,"C:\\Projetos\\NossoSaldo\\api\\src\\schemas\\ia\\configurarIaSchema.ts": {"path":"C:\\Projetos\\NossoSaldo\\api\\src\\schemas\\ia\\configurarIaSchema.ts","statementMap":{"0":{"start":{"line":1,"column":0},"end":{"line":1,"column":22}},"1":{"start":{"line":3,"column":27},"end":{"line":12,"column":2}},"2":{"start":{"line":14,"column":9},"end":{"line":14,"column":27}}},"fnMap":{},"branchMap":{},"s":{"0":9,"1":9,"2":9},"f":{},"b":{}}
,"C:\\Projetos\\NossoSaldo\\api\\src\\schemas\\ia\\consultarIaSchema.ts": {"path":"C:\\Projetos\\NossoSaldo\\api\\src\\schemas\\ia\\consultarIaSchema.ts","statementMap":{"0":{"start":{"line":1,"column":0},"end":{"line":1,"column":22}},"1":{"start":{"line":3,"column":26},"end":{"line":10,"column":2}},"2":{"start":{"line":12,"column":9},"end":{"line":12,"column":26}}},"fnMap":{},"branchMap":{},"s":{"0":9,"1":9,"2":9},"f":{},"b":{}}
,"C:\\Projetos\\NossoSaldo\\api\\src\\schemas\\insights\\getInsightsSchema.ts": {"path":"C:\\Projetos\\NossoSaldo\\api\\src\\schemas\\insights\\getInsightsSchema.ts","statementMap":{"0":{"start":{"line":1,"column":0},"end":{"line":1,"column":22}},"1":{"start":{"line":3,"column":23},"end":{"line":3,"column":44}},"2":{"start":{"line":5,"column":26},"end":{"line":16,"column":2}},"3":{"start":{"line":18,"column":9},"end":{"line":18,"column":26}}},"fnMap":{},"branchMap":{},"s":{"0":8,"1":8,"2":8,"3":8},"f":{},"b":{}}
,"C:\\Projetos\\NossoSaldo\\api\\src\\schemas\\login\\loginSchema.ts": {"path":"C:\\Projetos\\NossoSaldo\\api\\src\\schemas\\login\\loginSchema.ts","statementMap":{"0":{"start":{"line":1,"column":0},"end":{"line":1,"column":22}},"1":{"start":{"line":3,"column":20},"end":{"line":13,"column":2}},"2":{"start":{"line":15,"column":9},"end":{"line":15,"column":20}}},"fnMap":{},"branchMap":{},"s":{"0":16,"1":16,"2":16},"f":{},"b":{}}
,"C:\\Projetos\\NossoSaldo\\api\\src\\schemas\\recorrencia\\recorrenciaSchemas.ts": {"path":"C:\\Projetos\\NossoSaldo\\api\\src\\schemas\\recorrencia\\recorrenciaSchemas.ts","statementMap":{"0":{"start":{"line":1,"column":0},"end":{"line":1,"column":22}},"1":{"start":{"line":3,"column":13},"end":{"line":34,"column":3}},"2":{"start":{"line":36,"column":13},"end":{"line":48,"column":3}},"3":{"start":{"line":50,"column":13},"end":{"line":54,"column":3}}},"fnMap":{},"branchMap":{},"s":{"0":6,"1":6,"2":6,"3":6},"f":{},"b":{}}
,"C:\\Projetos\\NossoSaldo\\api\\src\\schemas\\usuario\\atualizaSenhaUsuarioSchema.ts": {"path":"C:\\Projetos\\NossoSaldo\\api\\src\\schemas\\usuario\\atualizaSenhaUsuarioSchema.ts","statementMap":{"0":{"start":{"line":1,"column":0},"end":{"line":1,"column":22}},"1":{"start":{"line":3,"column":35},"end":{"line":9,"column":2}},"2":{"start":{"line":11,"column":9},"end":{"line":11,"column":35}}},"fnMap":{},"branchMap":{},"s":{"0":16,"1":16,"2":16},"f":{},"b":{}}
,"C:\\Projetos\\NossoSaldo\\api\\src\\schemas\\usuario\\atualizaUsuarioSchema.ts": {"path":"C:\\Projetos\\NossoSaldo\\api\\src\\schemas\\usuario\\atualizaUsuarioSchema.ts","statementMap":{"0":{"start":{"line":1,"column":0},"end":{"line":1,"column":22}},"1":{"start":{"line":3,"column":30},"end":{"line":12,"column":2}},"2":{"start":{"line":14,"column":9},"end":{"line":14,"column":30}}},"fnMap":{},"branchMap":{},"s":{"0":16,"1":16,"2":16},"f":{},"b":{}}
,"C:\\Projetos\\NossoSaldo\\api\\src\\schemas\\usuario\\createUsuarioSchema.ts": {"path":"C:\\Projetos\\NossoSaldo\\api\\src\\schemas\\usuario\\createUsuarioSchema.ts","statementMap":{"0":{"start":{"line":1,"column":0},"end":{"line":1,"column":22}},"1":{"start":{"line":3,"column":28},"end":{"line":17,"column":2}},"2":{"start":{"line":19,"column":9},"end":{"line":19,"column":28}}},"fnMap":{},"branchMap":{},"s":{"0":16,"1":16,"2":16},"f":{},"b":{}}
,"C:\\Projetos\\NossoSaldo\\api\\src\\schemas\\usuario\\redefinirSenhaComTokenSchema.ts": {"path":"C:\\Projetos\\NossoSaldo\\api\\src\\schemas\\usuario\\redefinirSenhaComTokenSchema.ts","statementMap":{"0":{"start":{"line":1,"column":0},"end":{"line":1,"column":22}},"1":{"start":{"line":3,"column":37},"end":{"line":13,"column":2}},"2":{"start":{"line":15,"column":9},"end":{"line":15,"column":37}}},"fnMap":{},"branchMap":{},"s":{"0":16,"1":16,"2":16},"f":{},"b":{}}
,"C:\\Projetos\\NossoSaldo\\api\\src\\schemas\\usuario\\solicitarResetSenhaSchema.ts": {"path":"C:\\Projetos\\NossoSaldo\\api\\src\\schemas\\usuario\\solicitarResetSenhaSchema.ts","statementMap":{"0":{"start":{"line":1,"column":0},"end":{"line":1,"column":22}},"1":{"start":{"line":3,"column":34},"end":{"line":8,"column":2}},"2":{"start":{"line":10,"column":9},"end":{"line":10,"column":34}}},"fnMap":{},"branchMap":{},"s":{"0":16,"1":16,"2":16},"f":{},"b":{}}
,"C:\\Projetos\\NossoSaldo\\api\\src\\schemas\\usuario\\validarEmailSchema.ts": {"path":"C:\\Projetos\\NossoSaldo\\api\\src\\schemas\\usuario\\validarEmailSchema.ts","statementMap":{"0":{"start":{"line":1,"column":0},"end":{"line":1,"column":22}},"1":{"start":{"line":3,"column":27},"end":{"line":8,"column":2}},"2":{"start":{"line":10,"column":9},"end":{"line":10,"column":27}}},"fnMap":{},"branchMap":{},"s":{"0":16,"1":16,"2":16},"f":{},"b":{}}
[...]
{"start":{"line":67,"column":24},"end":{"line":67,"column":37}},"27":{"start":{"line":69,"column":8},"end":{"line":69,"column":null}},"28":{"start":{"line":71,"column":8},"end":{"line":71,"column":85}},"29":{"start":{"line":73,"column":8},"end":{"line":73,"column":93}},"30":{"start":{"line":77,"column":23},"end":{"line":77,"column":35}},"31":{"start":{"line":78,"column":24},"end":{"line":78,"column":37}},"32":{"start":{"line":79,"column":8},"end":{"line":79,"column":42}},"33":{"start":{"line":81,"column":32},"end":{"line":81,"column":103}},"34":{"start":{"line":82,"column":35},"end":{"line":82,"column":53}},"35":{"start":{"line":84,"column":8},"end":{"line":86,"column":9}},"36":{"start":{"line":85,"column":12},"end":{"line":85,"column":83}},"37":{"start":{"line":88,"column":8},"end":{"line":88,"column":108}},"38":{"start":{"line":89,"column":8},"end":{"line":89,"column":108}},"39":{"start":{"line":91,"column":23},"end":{"line":96,"column":null}},"40":{"start":{"line":99,"column":30},"end":{"line":117,"column":10}},"41":{"start":{"line":111,"column":36},"end":{"line":111,"column":94}},"42":{"start":{"line":111,"column":58},"end":{"line":111,"column":93}},"43":{"start":{"line":113,"column":12},"end":{"line":116,"column":14}},"44":{"start":{"line":119,"column":27},"end":{"line":119,"column":113}},"45":{"start":{"line":119,"column":78},"end":{"line":119,"column":109}},"46":{"start":{"line":120,"column":24},"end":{"line":128,"column":72}},"47":{"start":{"line":121,"column":36},"end":{"line":127,"column":14}},"48":{"start":{"line":128,"column":41},"end":{"line":128,"column":71}},"49":{"start":{"line":130,"column":8},"end":{"line":133,"column":10}},"50":{"start":{"line":137,"column":13},"end":{"line":137,"column":55}}},"fnMap":{"0":{"name":"(anonymous_1)","decl":{"start":{"line":18,"column":4},"end":{"line":18,"column":9}},"loc":{"start":{"line":18,"column":78},"end":{"line":27,"column":5}}},"1":{"name":"(anonymous_2)","decl":{"start":{"line":29,"column":4},"end":{"line":29,"column":9}},"loc":{"start":{"line":29,"column":95},"end":{"line":63,"column":5}}},"2":{"name":"(anonymous_3)","decl":{"start":{"line":46,"column":48},"end":{"line":46,"column":49}},"loc":{"start":{"line":46,"column":63},"end":{"line":46,"column":101}}},"3":{"name":"(anonymous_4)","decl":{"start":{"line":47,"column":51},"end":{"line":47,"column":52}},"loc":{"start":{"line":47,"column":66},"end":{"line":47,"column":107}}},"4":{"name":"(anonymous_5)","decl":{"start":{"line":65,"column":4},"end":{"line":65,"column":9}},"loc":{"start":{"line":65,"column":76},"end":{"line":74,"column":5}}},"5":{"name":"(anonymous_6)","decl":{"start":{"line":76,"column":4},"end":{"line":76,"column":9}},"loc":{"start":{"line":76,"column":77},"end":{"line":134,"column":5}}},"6":{"name":"(anonymous_7)","decl":{"start":{"line":110,"column":14},"end":{"line":110,"column":15}},"loc":{"start":{"line":110,"column":31},"end":{"line":117,"column":9}}},"7":{"name":"(anonymous_8)","decl":{"start":{"line":111,"column":48},"end":{"line":111,"column":49}},"loc":{"start":{"line":111,"column":58},"end":{"line":111,"column":93}}},"8":{"name":"(anonymous_9)","decl":{"start":{"line":119,"column":48},"end":{"line":119,"column":49}},"loc":{"start":{"line":119,"column":78},"end":{"line":119,"column":109}}},"9":{"name":"(anonymous_10)","decl":{"start":{"line":121,"column":17},"end":{"line":121,"column":18}},"loc":{"start":{"line":121,"column":36},"end":{"line":127,"column":14}}},"10":{"name":"(anonymous_11)","decl":{"start":{"line":128,"column":18},"end":{"line":128,"column":19}},"loc":{"start":{"line":128,"column":41},"end":{"line":128,"column":71}}}},"branchMap":{"0":{"loc":{"start":{"line":49,"column":37},"end":{"line":49,"column":73}},"type":"binary-expr","locations":[{"start":{"line":49,"column":37},"end":{"line":49,"column":68}},{"start":{"line":49,"column":72},"end":{"line":49,"column":73}}]},"1":{"loc":{"start":{"line":50,"column":40},"end":{"line":50,"column":79}},"type":"binary-expr","locations":[{"start":{"line":50,"column":40},"end":{"line":50,"column":74}},{"start":{"line":50,"column":78},"end":{"line":50,"column":79}}]},"2":{"loc":{"start":{"line":52,"column":34},"end":{"line":54,"column":75}},"type":"cond-expr","locations":[{"start":{"line":53,"column":15},"end":{"line":53,"column":42}},{"start":{"line":54,"column":14},"end":{"line":54,"column":75}}]},"3":{"loc":{"start":{"line":53,"column":15},"end":{"line":53,"column":42}},"type":"cond-expr","locations":[{"start":{"line":53,"column":35},"end":{"line":53,"column":38}},{"start":{"line":53,"column":41},"end":{"line":53,"column":42}}]},"4":{"loc":{"start":{"line":56,"column":37},"end":{"line":56,"column":70}},"type":"cond-expr","locations":[{"start":{"line":56,"column":62},"end":{"line":56,"column":65}},{"start":{"line":56,"column":68},"end":{"line":56,"column":70}}]},"5":{"loc":{"start":{"line":84,"column":8},"end":{"line":86,"column":9}},"type":"if","locations":[{"start":{"line":84,"column":8},"end":{"line":86,"column":9}},{"start":{},"end":{}}]},"6":{"loc":{"start":{"line":115,"column":30},"end":{"line":115,"column":63}},"type":"binary-expr","locations":[{"start":{"line":115,"column":30},"end":{"line":115,"column":58}},{"start":{"line":115,"column":62},"end":{"line":115,"column":63}}]},"7":{"loc":{"start":{"line":124,"column":28},"end":{"line":126,"column":23}},"type":"cond-expr","locations":[{"start":{"line":125,"column":22},"end":{"line":125,"column":73}},{"start":{"line":126,"column":22},"end":{"line":126,"column":23}}]}},"s":{"0":8,"1":8,"2":8,"3":8,"4":1,"5":1,"6":1,"7":1,"8":1,"9":2,"10":2,"11":2,"12":2,"13":2,"14":2,"15":2,"16":2,"17":2,"18":2,"19":3,"20":2,"21":2,"22":2,"23":2,"24":2,"25":1,"26":1,"27":1,"28":1,"29":1,"30":2,"31":2,"32":2,"33":2,"34":2,"35":2,"36":1,"37":1,"38":1,"39":1,"40":1,"41":2,"42":3,"43":2,"44":1,"45":2,"46":1,"47":2,"48":1,"49":1,"50":8},"f":{"0":1,"1":2,"2":2,"3":3,"4":1,"5":2,"6":2,"7":3,"8":2,"9":2,"10":1},"b":{"0":[2,0],"1":[2,1],"2":[1,1],"3":[1,0],"4":[2,0],"5":[1,1],"6":[2,0],"7":[2,0]}}
,"C:\\Projetos\\NossoSaldo\\api\\src\\services\\usuario\\usuarioService.ts": {"path":"C:\\Projetos\\NossoSaldo\\api\\src\\services\\usuario\\usuarioService.ts","statementMap":{"0":{"start":{"line":1,"column":0},"end":{"line":1,"column":49}},"1":{"start":{"line":2,"column":0},"end":{"line":2,"column":42}},"2":{"start":{"line":7,"column":0},"end":{"line":7,"column":42}},"3":{"start":{"line":8,"column":0},"end":{"line":8,"column":55}},"4":{"start":{"line":9,"column":0},"end":{"line":9,"column":55}},"5":{"start":{"line":10,"column":0},"end":{"line":10,"column":111}},"6":{"start":{"line":11,"column":0},"end":{"line":11,"column":103}},"7":{"start":{"line":12,"column":0},"end":{"line":12,"column":81}},"8":{"start":{"line":17,"column":38},"end":{"line":17,"column":102}},"9":{"start":{"line":18,"column":42},"end":{"line":18,"column":112}},"10":{"start":{"line":21,"column":2},"end":{"line":21,"column":60}},"11":{"start":{"line":25,"column":2},"end":{"line":25,"column":58}},"12":{"start":{"line":29,"column":35},"end":{"line":29,"column":117}},"13":{"start":{"line":30,"column":22},"end":{"line":30,"column":55}},"14":{"start":{"line":31,"column":2},"end":{"line":31,"column":47}},"15":{"start":{"line":32,"column":2},"end":{"line":32,"column":32}},"16":{"start":{"line":36,"column":39},"end":{"line":36,"column":123}},"17":{"start":{"line":37,"column":22},"end":{"line":37,"column":59}},"18":{"start":{"line":38,"column":2},"end":{"line":38,"column":47}},"19":{"start":{"line":39,"column":2},"end":{"line":39,"column":32}},"20":{"start":{"line":44,"column":21},"end":{"line":44,"column":61}},"21":{"start":{"line":45,"column":21},"end":{"line":45,"column":83}},"22":{"start":{"line":46,"column":21},"end":{"line":46,"column":91}},"23":{"start":{"line":50,"column":18},"end":{"line":50,"column":55}},"24":{"start":{"line":51,"column":26},"end":{"line":51,"column":88}},"25":{"start":{"line":53,"column":4},"end":{"line":55,"column":5}},"26":{"start":{"line":54,"column":6},"end":{"line":54,"column":88}},"27":{"start":{"line":57,"column":26},"end":{"line":61,"column":6}},"28":{"start":{"line":63,"column":4},"end":{"line":65,"column":5}},"29":{"start":{"line":64,"column":6},"end":{"line":64,"column":27}},"30":{"start":{"line":67,"column":18},"end":{"line":67,"column":49}},"31":{"start":{"line":68,"column":22},"end":{"line":68,"column":43}},"32":{"start":{"line":69,"column":22},"end":{"line":69,"column":90}},"33":{"start":{"line":71,"column":4},"end":{"line":71,"column":100}},"34":{"start":{"line":72,"column":4},"end":{"line":72,"column":114}},"35":{"start":{"line":74,"column":4},"end":{"line":79,"column":7}},"36":{"start":{"line":81,"column":4},"end":{"line":81,"column":25}},"37":{"start":{"line":85,"column":20},"end":{"line":85,"column":82}},"38":{"start":{"line":87,"column":4},"end":{"line":89,"column":5}},"39":{"start":{"line":88,"column":6},"end":{"line":88,"column":18}},"40":{"start":{"line":91,"column":4},"end":{"line":93,"column":5}},"41":{"start":{"line":92,"column":6},"end":{"line":92,"column":83}},"42":{"start":{"line":95,"column":4},"end":{"line":97,"column":5}},"43":{"start":{"line":96,"column":6},"end":{"line":96,"column":18}},"44":{"start":{"line":99,"column":18},"end":{"line":99,"column":92}},"45":{"start":{"line":101,"column":4},"end":{"line":103,"column":5}},"46":{"start":{"line":102,"column":6},"end":{"line":102,"column":68}},"47":{"start":{"line":105,"column":4},"end":{"line":105,"column":21}},"48":{"start":{"line":109,"column":4},"end":{"line":109,"column":57}},"49":{"start":{"line":113,"column":4},"end":{"line":113,"column":63}},"50":{"start":{"line":117,"column":4},"end":{"line":121,"column":5}},"51":{"start":{"line":118,"column":6},"end":{"line":118,"column":80}},"52":{"start":{"line":120,"column":6},"end":{"line":120,"column":74}},"53":{"start":{"line":125,"column":4},"end":{"line":144,"column":5}},"54":{"start":{"line":126,"column":25},"end":{"line":126,"column":76}},"55":{"start":{"line":128,"column":6},"end":{"line":130,"column":7}},"56":{"start":{"line":129,"column":8},"end":{"line":129,"column":62}},"57":{"start":{"line":132,"column":6},"end":{"line":134,"column":7}},"58":{"start":{"line":133,"column":8},"end":{"line":133,"column":86}},"59":{"start":{"line":136,"column":6},"end":{"line":136,"column":98}},"60":{"start":{"line":137,"column":6},"end":{"line":137,"column":18}},"61":{"start":{"line":139,"column":6},"end":{"line":141,"column":7}},"62":{"start":{"line":140,"column":8},"end":{"line":140,"column":20}},"63":{"start":{"line":143,"column":6},"end":{"line":143,"column":83}},"64":{"start":{"line":148,"column":20},"end":{"line":148,"column":82}},"65":{"start":{"line":150,"column":4},"end":{"line":152,"column":5}},"66":{"start":{"line":151,"column":6},"end":{"line":151,"column":104}},"67":{"start":{"line":154,"column":18},"end":{"line":154,"column":49}},"68":{"start":{"line":155,"column":22},"end":{"line":155,"column":43}},"69":{"start":{"line":156,"column":22},"end":{"line":156,"column":86}},"70":{"start":{"line":158,"column":4},"end":{"line":158,"column":90}},"71":{"start":{"line":159,"column":4},"end":{"line":159,"column":104}},"72":{"start":{"line":161,"column":4},"end":{"line":166,"column":7}},"73":{"start":{"line":168,"column":4},"end":{"line":168,"column":102}},"74":{"start":{"line":172,"column":21},"end":{"line":172,"column":108}},"75":{"start":{"line":174,"column":4},"end":{"line":176,"column":5}},"76":{"start":{"line":175,"column":6},"end":{"line":175,"column":79}},"77":{"start":{"line":178,"column":4},"end":{"line":178,"column":16}},"78":{"start":{"line":182,"column":21},"end":{"line":182,"column":112}},"79":{"start":{"line":184,"column":4},"end":{"line":186,"column":5}},"80":{"start":{"line":185,"column":6},"end":{"line":185,"column":88}},"81":{"start":{"line":188,"column":20},"end":{"line":188,"column":94}},"82":{"start":{"line":189,"column":4},"end":{"line":189,"column":82}},"83":{"start":{"line":191,"column":4},"end":{"line":191,"column":65}},"84":{"start":{"line":195,"column":21},"end":{"line":195,"column":113}},"85":{"start":{"line":197,"column":4},"end":{"line":199,"column":5}},"86":{"start":{"line":198,"column":6},"end":{"line":198,"column":79}},"87":{"start":{"line":201,"column":4},"end":{"line":201,"column":68}},"88":{"start":{"line":202,"column":4},"end":{"line":202,"column":78}},"89":{"start":{"line":204,"column":4},"end":{"line":204,"column":16}},"90":{"start":{"line":42,"column":0},"end":{"line":42,"column":13}},"91":{"start":{"line":208,"column":13},"end":{"line":212,"column":2}}},"fnMap":{"0":{"name":"isEmailVerificationRequired","decl":{"start":{"line":20,"column":9},"end":{"line":20,"column":36}},"loc":{"start":{"line":20,"column":36},"end":{"line":22,"column":1}}},"1":{"name":"hashResetToken","decl":{"start":{"line":24,"column":9},"end":{"line":24,"column":23}},"loc":{"start":{"line":24,"column":37},"end":{"line":26,"column":1}}},"2":{"name":"buildPasswordResetValidationUrl","decl":{"start":{"line":28,"column":9},"end":{"line":28,"column":40}},"loc":{"start":{"line":28,"column":54},"end":{"line":33,"column":1}}},"3":{"name":"buildEmailVerificationUrl","decl":{"start":{"line":35,"column":9},"end":{"line":35,"column":34}},"loc":{"start":{"line":35,"column":48},"end":{"line":40,"column":1}}},"4":{"name":"(anonymous_5)","decl":{"start":{"line":43,"column":2},"end":{"line":43,"column":null}},"loc":{"start":{"line":46,"column":91},"end":{"line":47,"column":6}}},"5":{"name":"(anonymous_6)","decl":{"start":{"line":49,"column":2},"end":{"line":49,"column":7}},"loc":{"start":{"line":49,"column":40},"end":{"line":82,"column":3}}},"6":{"name":"(anonymous_7)","decl":{"start":{"line":84,"column":2},"end":{"line":84,"column":7}},"loc":{"start":{"line":84,"column":26},"end":{"line":106,"column":3}}},"7":{"name":"(anonymous_8)","decl":{"start":{"line":108,"column":2},"end":{"line":108,"column":7}},"loc":{"start":{"line":108,"column":22},"end":{"line":110,"column":3}}},"8":{"name":"(anonymous_9)","decl":{"start":{"line":112,"column":2},"end":{"line":112,"column":7}},"loc":{"start":{"line":112,"column":37},"end":{"line":114,"column":3}}},"9":{"name":"(anonymous_10)","decl":{"start":{"line":116,"column":2},"end":{"line":116,"column":7}},"loc":{"start":{"line":116,"column":76},"end":{"line":122,"column":3}}},"10":{"name":"(anonymous_11)","decl":{"start":{"line":124,"column":2},"end":{"line":124,"column":7}},"loc":{"start":{"line":124,"column":58},"end":{"line":145,"column":3}}},"11":{"name":"(anonymous_12)","decl":{"start":{"line":147,"column":2},"end":{"line":147,"column":7}},"loc":{"start":{"line":147,"column":60},"end":{"line":169,"column":3}}},"12":{"name":"(anonymous_13)","decl":{"start":{"line":171,"column":2},"end":{"line":171,"column":7}},"loc":{"start":{"line":171,"column":50},"end":{"line":179,"column":3}}},"13":{"name":"(anonymous_14)","decl":{"start":{"line":181,"column":2},"end":{"line":181,"column":7}},"loc":{"start":{"line":181,"column":34},"end":{"line":192,"column":3}}},"14":{"name":"(anonymous_15)","decl":{"start":{"line":194,"column":2},"end":{"line":194,"column":7}},"loc":{"start":{"line":194,"column":60},"end":{"line":205,"column":3}}}},"branchMap":{"0":{"loc":{"start":{"line":17,"column":45},"end":{"line":17,"column":101}},"type":"binary-expr","locations":[{"start":{"line":17,"column":45},"end":{"line":17,"column":93}},{"start":{"line":17,"column":97},"end":{"line":17,"column":101}}]},"1":{"loc":{"start":{"line":18,"column":49},"end":{"line":18,"column":111}},"type":"binary-expr","locations":[{"start":{"line":18,"column":49},"end":{"line":18,"column":101}},{"start":{"line":18,"column":105},"end":{"line":18,"column":111}}]},"2":{"loc":{"start":{"line":29,"column":35},"end":{"line":29,"column":117}},"type":"binary-expr","locations":[{"start":{"line":29,"column":35},"end":{"line":29,"column":74}},{"start":{"line":29,"column":78},"end":{"line":29,"column":117}}]},"3":{"loc":{"start":{"line":36,"column":39},"end":{"line":36,"column":123}},"type":"binary-expr","locations":[{"start":{"line":36,"column":39},"end":{"line":36,"column":82}},{"start":{"line":36,"column":86},"end":{"line":36,"column":123}}]},"4":{"loc":{"start":{"line":53,"column":4},"end":{"line":55,"column":5}},"type":"if","locations":[{"start":{"line":53,"column":4},"end":{"line":55,"column":5}},{"start":{},"end":{}}]},"5":{"loc":{"start":{"line":63,"column":4},"end":{"line":65,"column":5}},"type":"if","locations":[{"start":{"line":63,"column":4},"end":{"line":65,"column":5}},{"start":{},"end":{}}]},"6":{"loc":{"start":{"line":87,"column":4},"end":{"line":89,"column":5}},"type":"if","locations":[{"start":{"line":87,"column":4},"end":{"line":89,"column":5}},{"start":{},"end":{}}]},"7":{"loc":{"start":{"line":91,"column":4},"end":{"line":93,"column":5}},"type":"if","locations":[{"start":{"line":91,"column":4},"end":{"line":93,"column":5}},{"start":{},"end":{}}]},"8":{"loc":{"start":{"line":91,"column":8},"end":{"line":91,"column":65}},"type":"binary-expr","locations":[{"start":{"line":91,"column":8},"end":{"line":91,"column":37}},{"start":{"line":91,"column":41},"end":{"line":91,"column":65}}]},"9":{"loc":{"start":{"line":95,"column":4},"end":{"line":97,"column":5}},"type":"if","locations":[{"start":{"line":95,"column":4},"end":{"line":97,"column":5}},{"start":{},"end":{}}]},"10":{"loc":{"start":{"line":99,"column":56},"end":{"line":99,"column":91}},"type":"binary-expr","locations":[{"start":{"line":99,"column":56},"end":{"line":99,"column":78}},{"start":{"line":99,"column":82},"end":{"line":99,"column":91}}]},"11":{"loc":{"start":{"line":101,"column":4},"end":{"line":103,"column":5}},"type":"if","locations":[{"start":{"line":101,"column":4},"end":{"line":103,"column":5}},{"start":{},"end":{}}]},"12":{"loc":{"start":{"line":128,"column":6},"end":{"line":130,"column":7}},"type":"if","locations":[{"start":{"line":128,"column":6},"end":{"line":130,"column":7}},{"start":{},"end":{}}]},"13":{"loc":{"start":{"line":132,"column":6},"end":{"line":134,"column":7}},"type":"if","locations":[{"start":{"line":132,"column":6},"end":{"line":134,"column":7}},{"start":{},"end":{}}]},"14":{"loc":{"start":{"line":139,"column":6},"end":{"line":141,"column":7}},"type":"if","locations":[{"start":{"line":139,"column":6},"end":{"line":141,"column":7}},{"start":{},"end":{}}]},"15":{"loc":{"start":{"line":150,"column":4},"end":{"line":152,"column":5}},"type":"if","locations":[{"start":{"line":150,"column":4},"end":{"line":152,"column":5}},{"start":{},"end":{}}]},"16":{"loc":{"start":{"line":174,"column":4},"end":{"line":176,"column":5}},"type":"if","locations":[{"start":{"line":174,"column":4},"end":{"line":176,"column":5}},{"start":{},"end":{}}]},"17":{"loc":{"start":{"line":184,"column":4},"end":{"line":186,"column":5}},"type":"if","locations":[{"start":{"line":184,"column":4},"end":{"line":186,"column":5}},{"start":{},"end":{}}]},"18":{"loc":{"start":{"line":197,"column":4},"end":{"line":199,"column":5}},"type":"if","locations":[{"start":{"line":197,"column":4},"end":{"line":199,"column":5}},{"start":{},"end":{}}]}},"s":{"0":5,"1":5,"2":5,"3":5,"4":5,"5":5,"6":5,"7":5,"8":5,"9":5,"10":5,"11":6,"12":1,"13":1,"14":1,"15":1,"16":1,"17":1,"18":1,"19":1,"20":5,"21":5,"22":5,"23":2,"24":2,"25":2,"26":1,"27":1,"28":1,"29":0,"30":1,"31":1,"32":1,"33":1,"34":1,"35":1,"36":1,"37":5,"38":5,"39":1,"40":4,"41":1,"42":3,"43":1,"44":2,"45":2,"46":1,"47":1,"48":1,"49":1,"50":2,"51":2,"52":1,"53":4,"54":4,"55":4,"56":0,"57":4,"58":1,"59":3,"60":2,"61":2,"62":1,"63":1,"64":2,"65":2,"66":1,"67":1,"68":1,"69":1,"70":1,"71":1,"72":1,"73":1,"74":2,"75":2,"76":1,"77":1,"78":0,"79":0,"80":0,"81":0,"82":0,"83":0,"84":2,"85":2,"86":1,"87":1,"88":1,"89":1,"90":5,"91":5},"f":{"0":5,"1":6,"2":1,"3":1,"4":5,"5":2,"6":5,"7":1,"8":1,"9":2,"10":4,"11":2,"12":2,"13":0,"14":2},"b":{"0":[5,0],"1":[5,5],"2":[1,0],"3":[1,0],"4":[1,1],"5":[0,1],"6":[1,4],"7":[1,3],"8":[4,4],"9":[1,2],"10":[2,2],"11":[1,1],"12":[0,4],"13":[1,3],"14":[1,1],"15":[1,1],"16":[1,1],"17":[0,0],"18":[1,1]}}
}
