TN:
SF:src\app.ts
FN:11,(anonymous_1)
FNF:1
FNH:0
FNDA:0,(anonymous_1)
DA:1,1
DA:2,1
DA:3,1
DA:5,1
DA:7,1
DA:8,1
DA:9,1
DA:11,1
DA:12,0
DA:13,0
DA:18,0
DA:24,1
LF:12
LH:9
BRDA:12,0,0,0
BRDA:12,0,1,0
BRF:2
BRH:0
end_of_record
TN:
SF:src\controllers\usuarioController.ts
FN:7,(anonymous_0)
FNF:1
FNH:1
FNDA:5,(anonymous_0)
DA:2,2
DA:8,5
DA:10,5
DA:11,5
DA:12,3
DA:15,2
DA:20,2
LF:7
LH:7
BRF:0
BRH:0
end_of_record
TN:
SF:src\repositories\usuarioRepository.ts
FN:6,(anonymous_0)
FN:12,(anonymous_1)
FNF:2
FNH:2
FNDA:7,(anonymous_0)
FNDA:8,(anonymous_1)
DA:1,4
DA:3,4
DA:7,7
DA:13,8
DA:19,4
LF:5
LH:5
BRF:0
BRH:0
end_of_record
TN:
SF:src\routers\mainRouter.ts
FN:9,(anonymous_0)
FN:14,(anonymous_1)
FNF:2
FNH:1
FNDA:2,(anonymous_0)
FNDA:0,(anonymous_1)
DA:1,1
DA:3,1
DA:4,1
DA:5,1
DA:7,1
DA:9,1
DA:10,2
DA:14,1
DA:15,0
DA:18,1
LF:10
LH:9
BRF:0
BRH:0
end_of_record
TN:
SF:src\routers\middlewares\usuarioMiddleware.ts
FN:5,validateCreateUser
FN:6,(anonymous_1)
FN:13,(anonymous_2)
FNF:3
FNH:3
FNDA:1,validateCreateUser
FNDA:5,(anonymous_1)
FNDA:5,(anonymous_2)
DA:6,1
DA:7,5
DA:12,5
DA:13,5
DA:14,5
DA:17,0
DA:19,0
DA:24,1
LF:8
LH:6
BRDA:12,0,0,5
BRDA:12,0,1,0
BRF:2
BRH:1
end_of_record
TN:
SF:src\schemas\usuario\createUsuarioSchema.ts
FNF:0
FNH:0
DA:1,1
DA:3,1
DA:19,1
LF:3
LH:3
BRF:0
BRH:0
end_of_record
TN:
SF:src\services\usuarioService.ts
FN:7,(anonymous_0)
FNF:1
FNH:1
FNDA:9,(anonymous_0)
DA:1,3
DA:8,9
DA:9,9
DA:10,9
DA:12,9
DA:14,9
DA:15,2
DA:18,7
DA:26,3
LF:9
LH:9
BRDA:14,0,0,2
BRDA:14,0,1,7
BRF:2
BRH:2
end_of_record
