TN:
SF:src\adapters\outbound\openai\openAiProvider.ts
FN:22,throwProviderError
FN:23,(anonymous_2)
FN:65,buildSystemInstructions
FN:75,(anonymous_4)
FN:81,(anonymous_5)
FN:103,(anonymous_6)
FN:103,(anonymous_7)
FN:112,(anonymous_8)
FN:118,(anonymous_9)
FN:149,(anonymous_10)
FN:152,(anonymous_11)
FN:152,(anonymous_12)
FNF:12
FNH:9
FNDA:5,throwProviderError
FNDA:0,(anonymous_2)
FNDA:17,buildSystemInstructions
FNDA:24,(anonymous_4)
FNDA:9,(anonymous_5)
FNDA:1,(anonymous_6)
FNDA:1,(anonymous_7)
FNDA:6,(anonymous_8)
FNDA:0,(anonymous_9)
FNDA:7,(anonymous_10)
FNDA:1,(anonymous_11)
FNDA:0,(anonymous_12)
DA:1,9
DA:23,5
DA:24,5
DA:26,5
DA:27,2
DA:30,3
DA:31,1
DA:34,2
DA:35,1
DA:38,1
DA:41,9
DA:66,17
DA:71,17
DA:74,9
DA:76,24
DA:77,24
DA:78,24
DA:82,9
DA:83,1
DA:86,8
DA:100,8
DA:102,3
DA:103,3
DA:105,3
DA:106,1
DA:109,2
DA:113,6
DA:114,1
DA:117,5
DA:118,0
DA:128,5
DA:129,9
DA:146,9
DA:148,9
DA:149,9
DA:151,9
DA:152,3
DA:154,3
DA:155,1
DA:158,2
DA:161,6
DA:163,6
DA:164,6
DA:165,1
DA:169,5
DA:170,5
DA:172,1
DA:175,5
DA:183,1
DA:187,9
LF:50
LH:49
BRDA:24,0,0,5
BRDA:24,0,1,3
BRDA:26,1,0,2
BRDA:26,1,1,3
BRDA:26,2,0,5
BRDA:26,2,1,4
BRDA:26,2,2,3
BRDA:30,3,0,1
BRDA:30,3,1,2
BRDA:34,4,0,1
BRDA:34,4,1,1
BRDA:76,5,0,11
BRDA:77,6,0,9
BRDA:77,7,0,9
BRDA:77,7,1,9
BRDA:78,8,0,9
BRDA:82,9,0,1
BRDA:82,9,1,8
BRDA:100,10,0,5
BRDA:100,10,1,3
BRDA:103,11,0,3
BRDA:103,11,1,2
BRDA:103,12,0,1
BRDA:103,12,1,0
BRDA:105,13,0,1
BRDA:105,13,1,2
BRDA:113,14,0,1
BRDA:113,14,1,5
BRDA:118,15,0,5
BRDA:118,15,1,5
BRDA:146,16,0,0
BRDA:146,16,1,9
BRDA:149,17,0,9
BRDA:149,17,1,2
BRDA:151,18,0,3
BRDA:151,18,1,6
BRDA:152,19,0,3
BRDA:152,19,1,1
BRDA:152,20,0,1
BRDA:152,20,1,1
BRDA:154,21,0,1
BRDA:154,21,1,2
BRDA:161,22,0,6
BRDA:161,22,1,0
BRDA:164,23,0,1
BRDA:164,23,1,5
BRDA:164,24,0,6
BRDA:164,24,1,6
BRDA:164,24,2,5
BRDA:172,25,0,1
BRDA:172,25,1,0
BRF:51
BRH:47
end_of_record
TN:
SF:src\adapters\outbound\secrets\secretCipher.ts
FN:7,encryptionKey
FN:18,(anonymous_2)
FN:30,(anonymous_3)
FNF:3
FNH:3
FNDA:5,encryptionKey
FNDA:3,(anonymous_2)
FNDA:2,(anonymous_3)
DA:1,9
DA:2,9
DA:3,9
DA:5,9
DA:8,5
DA:10,5
DA:11,2
DA:14,3
DA:17,9
DA:19,3
DA:20,3
DA:21,1
DA:23,1
DA:31,2
DA:32,2
DA:33,2
DA:34,1
DA:36,1
DA:41,9
LF:19
LH:19
BRDA:10,0,0,2
BRDA:10,0,1,3
BRDA:10,1,0,5
BRDA:10,1,1,4
BRF:4
BRH:4
end_of_record
TN:
SF:src\config\apiVersion.ts
FNF:0
FNH:0
DA:1,8
DA:2,8
DA:3,8
LF:3
LH:3
BRF:0
BRH:0
end_of_record
TN:
SF:src\controllers\cartaoCredito\cartaoCreditoController.ts
FN:9,(anonymous_1)
FN:25,(anonymous_2)
FN:42,(anonymous_3)
FNF:3
FNH:3
FNDA:2,(anonymous_1)
FNDA:2,(anonymous_2)
FNDA:1,(anonymous_3)
DA:2,7
DA:3,7
DA:5,7
DA:6,7
DA:10,2
DA:11,2
DA:13,2
DA:14,1
DA:17,1
DA:18,1
DA:19,1
DA:21,0
DA:26,2
DA:27,2
DA:29,2
DA:30,0
DA:33,2
DA:34,1
DA:38,1
DA:43,1
DA:44,1
DA:46,1
DA:47,0
DA:50,1
DA:51,1
DA:52,1
DA:53,1
DA:55,0
DA:60,7
LF:29
LH:25
BRDA:13,0,0,1
BRDA:13,0,1,1
BRDA:29,1,0,0
BRDA:29,1,1,2
BRDA:46,2,0,0
BRDA:46,2,1,1
BRDA:50,3,0,1
BRDA:50,3,1,0
BRF:8
BRH:5
end_of_record
TN:
SF:src\controllers\categoria\categoriaController.ts
FN:8,(anonymous_0)
FN:18,(anonymous_1)
FN:29,(anonymous_2)
FN:40,(anonymous_3)
FNF:4
FNH:2
FNDA:2,(anonymous_0)
FNDA:2,(anonymous_1)
FNDA:0,(anonymous_2)
FNDA:0,(anonymous_3)
DA:2,4
DA:4,4
DA:5,4
DA:9,2
DA:10,2
DA:11,2
DA:12,1
DA:14,1
DA:19,2
DA:20,2
DA:21,1
DA:25,1
DA:30,0
DA:31,0
DA:32,0
DA:33,0
DA:34,0
DA:36,0
DA:41,0
DA:42,0
DA:43,0
DA:44,0
DA:46,0
DA:51,4
LF:24
LH:13
BRDA:31,0,0,0
BRDA:31,0,1,0
BRDA:42,1,0,0
BRDA:42,1,1,0
BRF:4
BRH:0
end_of_record
TN:
SF:src\controllers\contaConjunta\contaConjuntaController.ts
FN:9,(anonymous_0)
FN:21,(anonymous_1)
FN:33,(anonymous_2)
FNF:3
FNH:3
FNDA:2,(anonymous_0)
FNDA:2,(anonymous_1)
FNDA:1,(anonymous_2)
DA:2,7
DA:4,7
DA:6,7
DA:10,2
DA:11,2
DA:12,2
DA:14,2
DA:15,1
DA:17,1
DA:22,2
DA:23,2
DA:24,2
DA:25,1
DA:29,1
DA:34,1
DA:35,1
DA:36,1
DA:37,1
DA:38,1
DA:40,0
DA:45,7
LF:21
LH:20
BRDA:36,0,0,0
BRDA:36,0,1,1
BRF:2
BRH:1
end_of_record
TN:
SF:src\controllers\faturaCartao\faturaCartaoController.ts
FN:9,(anonymous_0)
FN:25,(anonymous_1)
FN:37,(anonymous_2)
FN:50,(anonymous_3)
FNF:4
FNH:3
FNDA:2,(anonymous_0)
FNDA:0,(anonymous_1)
FNDA:2,(anonymous_2)
FNDA:1,(anonymous_3)
DA:2,7
DA:4,7
DA:5,7
DA:10,2
DA:11,2
DA:12,2
DA:16,2
DA:17,2
DA:21,0
DA:26,0
DA:27,0
DA:28,0
DA:30,0
DA:31,0
DA:33,0
DA:38,2
DA:39,2
DA:40,2
DA:41,2
DA:43,2
DA:44,1
DA:46,1
DA:51,1
DA:52,1
DA:53,1
DA:55,1
DA:56,1
DA:58,0
DA:63,7
LF:29
LH:21
BRDA:12,0,0,1
BRDA:12,0,1,1
BRDA:27,1,0,0
BRDA:27,1,1,0
BRDA:39,2,0,0
BRDA:39,2,1,2
BRDA:52,3,0,1
BRDA:52,3,1,0
BRF:8
BRH:4
end_of_record
TN:
SF:src\controllers\gasto\gastoController.ts
FN:11,(anonymous_0)
FN:21,(anonymous_1)
FN:40,(anonymous_2)
FN:51,(anonymous_3)
FN:64,(anonymous_4)
FN:77,(anonymous_5)
FN:90,(anonymous_6)
FN:102,(anonymous_7)
FN:115,(anonymous_8)
FN:127,(anonymous_9)
FNF:10
FNH:10
FNDA:1,(anonymous_0)
FNDA:2,(anonymous_1)
FNDA:1,(anonymous_2)
FNDA:1,(anonymous_3)
FNDA:3,(anonymous_4)
FNDA:1,(anonymous_5)
FNDA:1,(anonymous_6)
FNDA:1,(anonymous_7)
FNDA:1,(anonymous_8)
FNDA:1,(anonymous_9)
DA:2,7
DA:6,7
DA:8,7
DA:12,1
DA:13,1
DA:14,1
DA:15,1
DA:17,0
DA:22,2
DA:23,2
DA:24,2
DA:25,2
DA:26,2
DA:27,2
DA:29,2
DA:32,2
DA:36,0
DA:41,1
DA:42,1
DA:43,1
DA:44,1
DA:45,1
DA:47,0
DA:52,1
DA:53,1
DA:54,1
DA:55,1
DA:57,1
DA:58,1
DA:60,0
DA:65,3
DA:66,3
DA:67,3
DA:68,3
DA:70,3
DA:71,2
DA:73,1
DA:78,1
DA:79,1
DA:80,1
DA:81,1
DA:83,1
DA:84,1
DA:86,0
DA:91,1
DA:92,1
DA:93,1
DA:95,1
DA:96,1
DA:98,0
DA:103,1
DA:104,1
DA:105,1
DA:106,1
DA:108,1
DA:109,1
DA:111,0
DA:116,1
DA:117,1
DA:118,1
DA:120,1
DA:121,1
DA:123,0
DA:128,1
DA:129,1
DA:130,1
DA:132,1
DA:133,1
DA:135,0
DA:140,7
LF:70
LH:61
BRDA:24,0,0,2
BRDA:24,0,1,1
BRDA:25,1,0,1
BRDA:25,1,1,1
BRDA:26,2,0,1
BRDA:26,2,1,1
BRDA:27,3,0,1
BRDA:27,3,1,1
BRDA:42,4,0,0
BRDA:42,4,1,1
BRDA:66,5,0,1
BRDA:66,5,1,2
BRDA:79,6,0,0
BRDA:79,6,1,1
BRDA:92,7,0,0
BRDA:92,7,1,1
BRDA:104,8,0,0
BRDA:104,8,1,1
BRDA:117,9,0,0
BRDA:117,9,1,1
BRDA:129,10,0,0
BRDA:129,10,1,1
BRF:22
BRH:16
end_of_record
TN:
SF:src\controllers\ia\iaController.ts
FN:8,(anonymous_0)
FN:20,(anonymous_1)
FN:29,(anonymous_2)
FN:38,(anonymous_3)
FN:47,(anonymous_4)
FN:56,(anonymous_5)
FNF:6
FNH:6
FNDA:3,(anonymous_0)
FNDA:2,(anonymous_1)
FNDA:2,(anonymous_2)
FNDA:2,(anonymous_3)
FNDA:2,(anonymous_4)
FNDA:2,(anonymous_5)
DA:2,7
DA:3,7
DA:5,7
DA:9,3
DA:10,3
DA:11,3
DA:14,2
DA:16,1
DA:21,2
DA:22,2
DA:23,2
DA:25,1
DA:30,2
DA:31,2
DA:32,2
DA:34,1
DA:39,2
DA:40,2
DA:41,2
DA:43,1
DA:48,2
DA:49,2
DA:50,2
DA:52,1
DA:57,2
DA:58,2
DA:59,2
DA:61,1
DA:63,1
DA:68,7
LF:30
LH:30
BRDA:11,0,0,0
BRDA:11,0,1,3
BRF:2
BRH:1
end_of_record
TN:
SF:src\controllers\insights\insightsController.ts
FN:8,(anonymous_0)
FNF:1
FNH:1
FNDA:3,(anonymous_0)
DA:2,7
DA:3,7
DA:5,7
DA:9,3
DA:10,3
DA:11,3
DA:12,3
DA:14,3
DA:15,1
DA:23,2
DA:25,1
DA:27,1
DA:32,7
LF:13
LH:13
BRDA:14,0,0,1
BRDA:14,0,1,2
BRF:2
BRH:2
end_of_record
TN:
SF:src\controllers\recorrencia\recorrenciaController.ts
FN:9,(anonymous_0)
FN:19,(anonymous_1)
FN:30,(anonymous_2)
FN:46,(anonymous_3)
FN:57,(anonymous_4)
FN:68,(anonymous_5)
FN:79,(anonymous_6)
FNF:7
FNH:0
FNDA:0,(anonymous_0)
FNDA:0,(anonymous_1)
FNDA:0,(anonymous_2)
FNDA:0,(anonymous_3)
FNDA:0,(anonymous_4)
FNDA:0,(anonymous_5)
FNDA:0,(anonymous_6)
DA:2,6
DA:4,6
DA:5,6
DA:8,6
DA:10,0
DA:11,0
DA:12,0
DA:13,0
DA:15,0
DA:20,0
DA:21,0
DA:22,0
DA:23,0
DA:24,0
DA:26,0
DA:31,0
DA:32,0
DA:33,0
DA:39,0
DA:40,0
DA:42,0
DA:47,0
DA:48,0
DA:49,0
DA:50,0
DA:51,0
DA:53,0
DA:58,0
DA:59,0
DA:60,0
DA:61,0
DA:62,0
DA:64,0
DA:69,0
DA:70,0
DA:71,0
DA:72,0
DA:73,0
DA:75,0
DA:80,0
DA:81,0
DA:82,0
DA:83,0
DA:84,0
DA:86,0
DA:91,6
LF:46
LH:5
BRF:0
BRH:0
end_of_record
TN:
SF:src\controllers\relatorio\relatorioController.ts
FN:8,(anonymous_0)
FN:31,(anonymous_1)
FN:54,(anonymous_2)
FN:77,(anonymous_3)
FNF:4
FNH:4
FNDA:2,(anonymous_0)
FNDA:2,(anonymous_1)
FNDA:1,(anonymous_2)
FNDA:2,(anonymous_3)
DA:2,7
DA:3,7
DA:4,7
DA:9,2
DA:10,2
DA:11,2
DA:12,2
DA:14,2
DA:15,1
DA:23,1
DA:25,1
DA:27,0
DA:32,2
DA:33,2
DA:34,2
DA:35,2
DA:37,2
DA:38,1
DA:46,1
DA:48,1
DA:50,0
DA:55,1
DA:56,1
DA:57,1
DA:58,1
DA:60,1
DA:61,0
DA:69,1
DA:71,1
DA:73,0
DA:78,2
DA:79,2
DA:80,2
DA:81,2
DA:83,2
DA:84,0
DA:92,2
DA:94,1
DA:96,1
DA:102,7
LF:40
LH:35
BRDA:14,0,0,1
BRDA:14,0,1,1
BRDA:37,1,0,1
BRDA:37,1,1,1
BRDA:60,2,0,0
BRDA:60,2,1,1
BRDA:83,3,0,0
BRDA:83,3,1,2
BRF:8
BRH:6
end_of_record
TN:
SF:src\controllers\usuario\usuarioController.ts
FN:16,(anonymous_1)
FN:26,(anonymous_2)
FN:54,(anonymous_3)
FN:65,(anonymous_4)
FN:80,(anonymous_5)
FN:96,(anonymous_6)
FN:112,(anonymous_7)
FN:122,(anonymous_8)
FN:147,(anonymous_9)
FN:157,(anonymous_10)
FNF:10
FNH:10
FNDA:2,(anonymous_1)
FNDA:3,(anonymous_2)
FNDA:2,(anonymous_3)
FNDA:2,(anonymous_4)
FNDA:3,(anonymous_5)
FNDA:3,(anonymous_6)
FNDA:1,(anonymous_7)
FNDA:3,(anonymous_8)
FNDA:1,(anonymous_9)
FNDA:1,(anonymous_10)
DA:2,4
DA:3,4
DA:6,4
DA:12,4
DA:13,4
DA:17,2
DA:18,2
DA:19,2
DA:20,1
DA:22,1
DA:27,3
DA:28,3
DA:29,3
DA:31,2
DA:32,1
DA:41,1
DA:48,1
DA:50,1
DA:55,2
DA:56,2
DA:57,1
DA:61,1
DA:66,2
DA:67,2
DA:68,2
DA:70,2
DA:71,1
DA:74,1
DA:76,0
DA:81,3
DA:82,3
DA:83,3
DA:84,3
DA:86,2
DA:87,1
DA:90,1
DA:92,1
DA:97,3
DA:98,3
DA:99,3
DA:100,3
DA:102,2
DA:103,1
DA:106,1
DA:108,1
DA:113,1
DA:114,1
DA:115,1
DA:116,1
DA:118,0
DA:123,3
DA:124,3
DA:126,3
DA:127,1
DA:130,2
DA:132,2
DA:134,2
DA:135,1
DA:138,1
DA:139,1
DA:141,1
DA:143,0
DA:148,1
DA:149,1
DA:150,1
DA:151,1
DA:153,0
DA:158,1
DA:159,1
DA:160,1
DA:161,1
DA:163,0
DA:168,4
LF:73
LH:68
BRDA:31,0,0,1
BRDA:31,0,1,1
BRDA:36,1,0,0
BRDA:36,1,1,0
BRDA:44,2,0,1
BRDA:44,2,1,0
BRDA:70,3,0,1
BRDA:70,3,1,1
BRDA:86,4,0,1
BRDA:86,4,1,1
BRDA:102,5,0,1
BRDA:102,5,1,1
BRDA:124,6,0,3
BRDA:124,6,1,1
BRDA:126,7,0,1
BRDA:126,7,1,2
BRDA:134,8,0,1
BRDA:134,8,1,1
BRF:18
BRH:15
end_of_record
TN:
SF:src\errors\httpError.ts
FN:3,createValidationError
FN:10,createRepositoryError
FNF:2
FNH:2
FNDA:9,createValidationError
FNDA:18,createRepositoryError
DA:1,43
DA:3,43
DA:4,9
DA:10,43
DA:11,18
DA:17,1
DA:23,17
LF:7
LH:7
BRDA:11,0,0,1
BRDA:11,0,1,17
BRDA:12,1,0,18
BRDA:12,1,1,18
BRDA:12,1,2,18
BRDA:12,1,3,1
BRF:6
BRH:6
end_of_record
TN:
SF:src\http\response.ts
FN:5,sendSuccess
FNF:1
FNH:1
FNDA:45,sendSuccess
DA:5,15
DA:6,45
DA:8,45
DA:9,8
DA:12,45
LF:5
LH:5
BRDA:8,0,0,8
BRDA:8,0,1,37
BRDA:8,1,0,45
BRDA:8,1,1,8
BRF:4
BRH:4
end_of_record
TN:
SF:src\lib\prisma.ts
FNF:0
FNH:0
DA:1,41
DA:2,41
DA:3,41
DA:4,41
DA:11,41
DA:13,41
DA:14,0
DA:17,41
DA:19,41
DA:20,0
DA:23,41
DA:29,41
DA:31,41
DA:32,41
LF:14
LH:12
BRDA:13,0,0,0
BRDA:13,0,1,41
BRDA:17,1,0,41
BRDA:17,1,1,0
BRDA:19,2,0,0
BRDA:19,2,1,41
BRDA:19,3,0,41
BRDA:19,3,1,0
BRDA:23,4,0,0
BRDA:23,4,1,41
BRDA:29,5,0,41
BRDA:29,5,1,28
BRDA:31,6,0,41
BRDA:31,6,1,0
BRF:14
BRH:8
end_of_record
TN:
SF:src\schemas\cartaoCredito\createCartaoCreditoSchema.ts
FNF:0
FNH:0
DA:1,6
DA:3,6
DA:38,6
LF:3
LH:3
BRF:0
BRH:0
end_of_record
TN:
SF:src\schemas\cartaoCredito\updateCartaoCreditoSchema.ts
FNF:0
FNH:0
DA:1,6
DA:3,6
DA:5,6
LF:3
LH:3
BRF:0
BRH:0
end_of_record
TN:
SF:src\schemas\categoria\createCategoriaSchema.ts
FNF:0
FNH:0
DA:1,6
DA:3,6
DA:23,6
LF:3
LH:3
BRF:0
BRH:0
end_of_record
TN:
SF:src\schemas\categoria\updateCategoriaSchema.ts
FNF:0
FNH:0
DA:1,6
DA:3,6
DA:20,6
LF:3
LH:3
BRF:0
BRH:0
end_of_record
TN:
SF:src\schemas\contaConjunta\createContaConjuntaSchema.ts
FNF:0
FNH:0
DA:1,6
DA:3,6
DA:14,6
LF:3
LH:3
BRF:0
BRH:0
end_of_record
TN:
SF:src\schemas\gasto\createGastoSchema.ts
FN:61,(anonymous_1)
FNF:1
FNH:1
FNDA:2,(anonymous_1)
DA:1,17
DA:3,17
DA:62,2
DA:68,1
DA:71,1
DA:77,17
LF:6
LH:6
BRDA:62,0,0,1
BRDA:62,0,1,1
BRDA:63,1,0,2
BRDA:63,1,1,1
BRDA:63,1,2,1
BRDA:63,1,3,1
BRF:6
BRH:6
end_of_record
TN:
SF:src\schemas\gasto\pagarGastoSchema.ts
FNF:0
FNH:0
DA:1,19
DA:3,19
DA:13,19
LF:3
LH:3
BRF:0
BRH:0
end_of_record
TN:
SF:src\schemas\gasto\updateGastoSchema.ts
FNF:0
FNH:0
DA:1,16
DA:3,16
DA:69,16
LF:3
LH:3
BRF:0
BRH:0
end_of_record
TN:
SF:src\schemas\ia\configurarIaSchema.ts
FNF:0
FNH:0
DA:1,9
DA:3,9
DA:14,9
LF:3
LH:3
BRF:0
BRH:0
end_of_record
TN:
SF:src\schemas\ia\consultarIaSchema.ts
FNF:0
FNH:0
DA:1,9
DA:3,9
DA:12,9
LF:3
LH:3
BRF:0
BRH:0
end_of_record
TN:
SF:src\schemas\insights\getInsightsSchema.ts
FNF:0
FNH:0
DA:1,8
DA:3,8
DA:5,8
DA:18,8
LF:4
LH:4
BRF:0
BRH:0
end_of_record
TN:
SF:src\schemas\login\loginSchema.ts
FNF:0
FNH:0
DA:1,16
DA:3,16
DA:15,16
LF:3
LH:3
BRF:0
BRH:0
end_of_record
TN:
SF:src\schemas\recorrencia\recorrenciaSchemas.ts
FNF:0
FNH:0
DA:1,6
DA:3,6
DA:36,6
DA:50,6
LF:4
LH:4
BRF:0
BRH:0
end_of_record
TN:
SF:src\schemas\usuario\atualizaSenhaUsuarioSchema.ts
FNF:0
FNH:0
DA:1,16
DA:3,16
DA:11,16
LF:3
LH:3
BRF:0
BRH:0
end_of_record
TN:
SF:src\schemas\usuario\atualizaUsuarioSchema.ts
FNF:0
FNH:0
DA:1,16
DA:3,16
DA:14,16
LF:3
LH:3
BRF:0
BRH:0
end_of_record
TN:
SF:src\schemas\usuario\createUsuarioSchema.ts
FNF:0
FNH:0
DA:1,16
DA:3,16
DA:19,16
LF:3
LH:3
BRF:0
BRH:0
end_of_record
TN:
SF:src\schemas\usuario\redefinirSenhaComTokenSchema.ts
FNF:0
FNH:0
DA:1,16
DA:3,16
DA:15,16
LF:3
LH:3
BRF:0
BRH:0
end_of_record
TN:
SF:src\schemas\usuario\solicitarResetSenhaSchema.ts
FNF:0
FNH:0
DA:1,16
DA:3,16
DA:10,16
LF:3
LH:3
BRF:0
BRH:0
end_of_record
TN:
SF:src\schemas\usuario\validarEmailSchema.ts
FNF:0
FNH:0
DA:1,16
DA:3,16
DA:10,16
LF:3
LH:3
BRF:0
BRH:0
end_of_record
TN:
SF:src\services\cartaoCredito\cartaoCreditoService.ts
FN:7,(anonymous_1)
FN:9,(anonymous_2)
FN:13,(anonymous_3)
FN:17,(anonymous_4)
FN:21,(anonymous_5)
FNF:5
FNH:5
FNDA:10,(anonymous_1)
FNDA:1,(anonymous_2)
FNDA:1,(anonymous_3)
FNDA:1,(anonymous_4)
FNDA:3,(anonymous_5)
DA:1,10
DA:3,10
DA:6,10
DA:7,10
DA:10,1
DA:14,1
DA:18,1
DA:22,3
DA:24,3
DA:25,1
DA:28,2
DA:29,1
DA:32,1
DA:36,10
LF:14
LH:14
BRDA:24,0,0,1
BRDA:24,0,1,2
BRDA:28,1,0,1
BRDA:28,1,1,1
BRF:4
BRH:4
end_of_record
TN:
SF:src\services\categoria\categoriaService.ts
FN:6,(anonymous_0)
FN:8,(anonymous_1)
FN:12,(anonymous_2)
FN:16,(anonymous_3)
FN:20,(anonymous_4)
FNF:5
FNH:5
FNDA:10,(anonymous_0)
FNDA:2,(anonymous_1)
FNDA:2,(anonymous_2)
FNDA:1,(anonymous_3)
FNDA:1,(anonymous_4)
DA:2,10
DA:5,10
DA:6,10
DA:9,2
DA:13,2
DA:17,1
DA:21,1
DA:25,10
LF:8
LH:8
BRF:0
BRH:0
end_of_record
TN:
SF:src\services\contaConjunta\contaConjuntaService.ts
FN:9,(anonymous_1)
FN:14,(anonymous_2)
FN:56,(anonymous_3)
FN:66,(anonymous_4)
FNF:4
FNH:4
FNDA:8,(anonymous_1)
FNDA:7,(anonymous_2)
FNDA:2,(anonymous_3)
FNDA:2,(anonymous_4)
DA:1,8
DA:3,8
DA:4,8
DA:8,8
DA:10,8
DA:11,8
DA:15,7
DA:17,7
DA:18,1
DA:21,6
DA:24,6
DA:26,6
DA:27,1
DA:30,5
DA:31,1
DA:34,4
DA:35,0
DA:38,4
DA:40,4
DA:41,1
DA:44,3
DA:49,3
DA:50,1
DA:53,2
DA:57,2
DA:59,2
DA:60,1
DA:63,1
DA:67,2
DA:68,2
DA:69,0
DA:72,2
DA:73,2
DA:74,0
DA:77,2
DA:78,1
DA:81,1
DA:83,1
DA:87,8
LF:39
LH:36
BRDA:17,0,0,1
BRDA:17,0,1,6
BRDA:21,1,0,0
BRDA:21,1,1,6
BRDA:26,2,0,1
BRDA:26,2,1,5
BRDA:30,3,0,1
BRDA:30,3,1,4
BRDA:34,4,0,0
BRDA:34,4,1,4
BRDA:40,5,0,1
BRDA:40,5,1,3
BRDA:49,6,0,1
BRDA:49,6,1,2
BRDA:59,7,0,1
BRDA:59,7,1,1
BRDA:68,8,0,0
BRDA:68,8,1,2
BRDA:73,9,0,0
BRDA:73,9,1,2
BRDA:77,10,0,1
BRDA:77,10,1,1
BRDA:77,11,0,2
BRDA:77,11,1,1
BRF:24
BRH:20
end_of_record
TN:
SF:src\services\faturaCartao\faturaCartaoService.ts
FN:9,(anonymous_1)
FN:14,(anonymous_2)
FN:24,(anonymous_3)
FN:38,(anonymous_4)
FN:60,(anonymous_5)
FNF:5
FNH:5
FNDA:10,(anonymous_1)
FNDA:2,(anonymous_2)
FNDA:3,(anonymous_3)
FNDA:5,(anonymous_4)
FNDA:4,(anonymous_5)
DA:1,10
DA:3,10
DA:4,10
DA:8,10
DA:10,10
DA:11,10
DA:15,2
DA:17,2
DA:18,1
DA:21,1
DA:25,3
DA:26,3
DA:27,1
DA:30,2
DA:31,2
DA:32,1
DA:35,1
DA:39,5
DA:40,5
DA:41,1
DA:44,4
DA:45,4
DA:46,1
DA:49,3
DA:50,1
DA:53,2
DA:54,1
DA:57,1
DA:61,4
DA:62,4
DA:63,1
DA:66,3
DA:67,3
DA:68,1
DA:71,2
DA:72,1
DA:75,1
DA:79,10
LF:38
LH:38
BRDA:17,0,0,1
BRDA:17,0,1,1
BRDA:26,1,0,1
BRDA:26,1,1,2
BRDA:31,2,0,1
BRDA:31,2,1,1
BRDA:40,3,0,1
BRDA:40,3,1,4
BRDA:45,4,0,1
BRDA:45,4,1,3
BRDA:49,5,0,1
BRDA:49,5,1,2
BRDA:53,6,0,1
BRDA:53,6,1,1
BRDA:57,7,0,1
BRDA:57,7,1,0
BRDA:62,8,0,1
BRDA:62,8,1,3
BRDA:67,9,0,1
BRDA:67,9,1,2
BRDA:71,10,0,1
BRDA:71,10,1,1
BRF:22
BRH:21
end_of_record
TN:
SF:src\services\gasto\gastoService.ts
FN:14,(anonymous_1)
FN:33,(anonymous_2)
FN:37,(anonymous_3)
FN:41,(anonymous_4)
FN:54,(anonymous_5)
FN:63,(anonymous_6)
FN:67,(anonymous_7)
FN:71,(anonymous_8)
FN:112,(anonymous_9)
FN:141,(anonymous_10)
FN:170,(anonymous_11)
FN:173,(anonymous_12)
FN:177,(anonymous_13)
FN:278,(anonymous_14)
FN:280,(anonymous_15)
FN:287,(anonymous_16)
FN:360,(anonymous_17)
FN:368,(anonymous_18)
FN:384,(anonymous_19)
FN:395,(anonymous_20)
FN:468,(anonymous_21)
FN:495,(anonymous_22)
FN:510,(anonymous_23)
FN:532,(anonymous_24)
FN:543,(anonymous_25)
FN:554,(anonymous_26)
FN:599,(anonymous_27)
FN:776,(anonymous_28)
FN:799,(anonymous_29)
FN:815,(anonymous_30)
FN:827,(anonymous_31)
FN:837,(anonymous_32)
FN:859,(anonymous_33)
FN:877,(anonymous_34)
FN:895,(anonymous_35)
FNF:35
FNH:30
FNDA:2,(anonymous_1)
FNDA:39,(anonymous_2)
FNDA:2,(anonymous_3)
FNDA:3,(anonymous_4)
FNDA:23,(anonymous_5)
FNDA:19,(anonymous_6)
FNDA:5,(anonymous_7)
FNDA:2,(anonymous_8)
FNDA:4,(anonymous_9)
FNDA:5,(anonymous_10)
FNDA:0,(anonymous_11)
FNDA:0,(anonymous_12)
FNDA:0,(anonymous_13)
FNDA:2,(anonymous_14)
FNDA:0,(anonymous_15)
FNDA:2,(anonymous_16)
FNDA:1,(anonymous_17)
FNDA:12,(anonymous_18)
FNDA:1,(anonymous_19)
FNDA:7,(anonymous_20)
FNDA:3,(anonymous_21)
FNDA:0,(anonymous_22)
FNDA:2,(anonymous_23)
FNDA:4,(anonymous_24)
FNDA:1,(anonymous_25)
FNDA:8,(anonymous_26)
FNDA:1,(anonymous_27)
FNDA:9,(anonymous_28)
FNDA:5,(anonymous_29)
FNDA:4,(anonymous_30)
FNDA:1,(anonymous_31)
FNDA:4,(anonymous_32)
FNDA:4,(anonymous_33)
FNDA:4,(anonymous_34)
FNDA:5,(anonymous_35)
DA:1,14
DA:5,14
DA:6,14
DA:7,14
DA:8,14
DA:9,14
DA:10,14
DA:11,14
DA:15,2
DA:17,2
DA:18,0
DA:19,0
DA:22,2
DA:34,39
DA:38,2
DA:42,3
DA:43,3
DA:44,3
DA:46,3
DA:47,10
DA:48,10
DA:51,3
DA:59,23
DA:60,23
DA:64,19
DA:68,5
DA:78,2
DA:79,2
DA:82,2
DA:85,2
DA:88,2
DA:92,2
DA:93,0
DA:96,2
DA:97,2
DA:99,2
DA:100,0
DA:104,2
DA:105,2
DA:108,2
DA:109,2
DA:110,1
DA:111,1
DA:112,4
DA:115,1
DA:116,1
DA:139,2
DA:140,2
DA:141,5
DA:144,2
DA:145,1
DA:146,1
DA:147,0
DA:151,2
DA:162,2
DA:165,2
DA:170,0
DA:174,0
DA:175,0
DA:177,0
DA:179,2
DA:180,2
DA:181,5
DA:183,5
DA:184,1
DA:191,2
DA:192,7
DA:193,7
DA:194,7
DA:198,7
DA:201,7
DA:208,7
DA:209,4
DA:210,0
DA:213,4
DA:214,0
DA:217,4
DA:226,4
DA:229,3
DA:249,3
DA:250,0
DA:254,2
DA:255,2
DA:257,2
DA:258,5
DA:260,5
DA:264,0
DA:265,0
DA:268,0
DA:273,2
DA:274,0
DA:279,2
DA:280,2
DA:281,0
DA:284,2
DA:288,2
DA:289,2
DA:290,2
DA:291,2
DA:296,2
DA:298,2
DA:299,3
DA:301,3
DA:302,0
DA:305,3
DA:307,3
DA:308,1
DA:311,2
DA:317,2
DA:318,1
DA:321,1
DA:325,1
DA:342,1
DA:343,1
DA:345,1
DA:346,1
DA:347,1
DA:348,1
DA:352,1
DA:355,2
DA:356,1
DA:361,1
DA:363,1
DA:364,3
DA:369,12
DA:370,8
DA:373,4
DA:375,4
DA:376,0
DA:379,4
DA:380,3
DA:383,1
DA:384,1
DA:385,1
DA:388,1
DA:389,0
DA:392,1
DA:396,7
DA:397,7
DA:399,7
DA:400,2
DA:403,7
DA:405,7
DA:406,1
DA:409,6
DA:411,6
DA:412,2
DA:415,2
DA:418,6
DA:420,6
DA:421,0
DA:424,6
DA:425,1
DA:426,1
DA:428,1
DA:429,2
DA:430,2
DA:431,2
DA:434,1
DA:435,2
DA:437,5
DA:438,2
DA:441,6
DA:446,1
DA:465,6
DA:469,3
DA:471,3
DA:472,1
DA:475,2
DA:477,2
DA:478,2
DA:480,2
DA:481,1
DA:482,1
DA:483,1
DA:484,0
DA:485,0
DA:486,0
DA:487,0
DA:491,2
DA:492,1
DA:493,1
DA:495,0
DA:498,1
DA:504,1
DA:507,1
DA:511,2
DA:513,2
DA:514,1
DA:517,1
DA:518,1
DA:519,1
DA:520,1
DA:526,1
DA:533,4
DA:535,4
DA:536,1
DA:539,3
DA:540,3
DA:543,3
DA:544,1
DA:547,3
DA:548,1
DA:551,2
DA:555,8
DA:556,1
DA:559,8
DA:561,8
DA:562,1
DA:565,7
DA:566,1
DA:569,6
DA:570,6
DA:572,6
DA:573,6
DA:575,6
DA:576,0
DA:580,6
DA:581,2
DA:582,2
DA:586,2
DA:587,0
DA:590,2
DA:592,2
DA:593,1
DA:594,1
DA:595,1
DA:597,1
DA:598,1
DA:599,1
DA:602,1
DA:606,1
DA:611,1
DA:615,1
DA:633,1
DA:634,1
DA:635,0
DA:637,1
DA:638,0
DA:641,1
DA:643,1
DA:644,0
DA:647,1
DA:649,0
DA:656,0
DA:657,0
DA:660,0
DA:664,1
DA:666,1
DA:670,4
DA:671,2
DA:672,2
DA:674,2
DA:675,3
DA:676,1
DA:677,0
DA:679,1
DA:683,2
DA:692,2
DA:693,0
DA:694,0
DA:695,0
DA:696,0
DA:697,2
DA:698,1
DA:701,2
DA:703,2
DA:704,1
DA:705,1
DA:706,3
DA:707,3
DA:708,3
DA:712,2
DA:713,1
DA:716,2
DA:720,2
DA:721,1
DA:722,1
DA:731,1
DA:732,0
DA:733,0
DA:734,0
DA:736,1
DA:739,1
DA:741,1
DA:742,0
DA:745,1
DA:749,1
DA:750,0
DA:751,0
DA:752,0
DA:753,0
DA:754,1
DA:755,1
DA:758,1
DA:760,1
DA:761,0
DA:762,0
DA:763,0
DA:764,0
DA:765,0
DA:769,1
DA:770,0
DA:773,1
DA:777,9
DA:779,9
DA:780,1
DA:783,8
DA:784,1
DA:787,7
DA:788,1
DA:791,6
DA:792,5
DA:793,4
DA:795,4
DA:799,4
DA:800,5
DA:801,5
DA:802,5
DA:805,4
DA:806,1
DA:809,3
DA:810,1
DA:813,2
DA:815,4
DA:816,2
DA:817,1
DA:820,2
DA:823,1
DA:826,1
DA:827,1
DA:829,1
DA:830,1
DA:834,1
DA:838,4
DA:840,4
DA:841,1
DA:844,3
DA:845,1
DA:848,2
DA:849,1
DA:852,1
DA:853,0
DA:856,1
DA:860,4
DA:862,4
DA:863,1
DA:866,3
DA:867,1
DA:870,2
DA:871,1
DA:874,1
DA:878,4
DA:880,4
DA:881,1
DA:884,3
DA:885,1
DA:888,2
DA:889,1
DA:892,1
DA:896,5
DA:898,5
DA:899,1
DA:902,4
DA:903,1
DA:906,3
DA:908,3
DA:909,2
DA:912,3
DA:913,2
DA:915,2
DA:916,3
DA:917,3
DA:922,3
DA:924,3
DA:925,5
DA:928,3
DA:932,14
LF:378
LH:323
BRDA:14,0,0,1
BRDA:17,1,0,0
BRDA:17,1,1,2
BRDA:19,2,0,0
BRDA:19,2,1,0
BRDA:26,3,0,1
BRDA:26,3,1,1
BRDA:27,4,0,1
BRDA:27,4,1,1
BRDA:28,5,0,1
BRDA:28,5,1,1
BRDA:29,6,0,1
BRDA:29,6,1,1
BRDA:59,7,0,23
BRDA:59,7,1,0
BRDA:59,7,2,0
BRDA:59,7,3,0
BRDA:76,8,0,1
BRDA:79,9,0,0
BRDA:79,9,1,2
BRDA:82,10,0,0
BRDA:82,10,1,2
BRDA:83,11,0,0
BRDA:83,11,1,0
BRDA:83,11,2,0
BRDA:84,12,0,0
BRDA:84,12,1,2
BRDA:84,13,0,2
BRDA:84,13,1,0
BRDA:84,13,2,0
BRDA:85,14,0,2
BRDA:85,14,1,0
BRDA:87,15,0,0
BRDA:87,15,1,0
BRDA:87,15,2,0
BRDA:88,16,0,2
BRDA:88,16,1,0
BRDA:92,17,0,0
BRDA:92,17,1,2
BRDA:96,18,0,2
BRDA:96,18,1,0
BRDA:99,19,0,0
BRDA:99,19,1,2
BRDA:109,20,0,1
BRDA:109,20,1,1
BRDA:109,21,0,2
BRDA:109,21,1,2
BRDA:112,22,0,4
BRDA:112,22,1,3
BRDA:115,23,0,1
BRDA:115,23,1,0
BRDA:127,24,0,1
BRDA:127,24,1,1
BRDA:130,25,0,1
BRDA:130,25,1,1
BRDA:131,26,0,1
BRDA:131,26,1,1
BRDA:133,27,0,1
BRDA:133,27,1,0
BRDA:134,28,0,1
BRDA:134,28,1,0
BRDA:144,29,0,1
BRDA:144,29,1,1
BRDA:144,30,0,2
BRDA:144,30,1,2
BRDA:146,31,0,0
BRDA:146,31,1,1
BRDA:152,32,0,2
BRDA:152,32,1,0
BRDA:153,33,0,2
BRDA:153,33,1,1
BRDA:154,34,0,2
BRDA:154,34,1,2
BRDA:155,35,0,2
BRDA:155,35,1,0
BRDA:156,36,0,0
BRDA:156,36,1,2
BRDA:157,37,0,2
BRDA:157,37,1,1
BRDA:158,38,0,1
BRDA:158,38,1,1
BRDA:158,39,0,1
BRDA:158,39,1,1
BRDA:159,40,0,2
BRDA:159,40,1,0
BRDA:160,41,0,2
BRDA:160,41,1,0
BRDA:162,42,0,0
BRDA:162,42,1,2
BRDA:163,43,0,0
BRDA:163,43,1,0
BRDA:165,44,0,2
BRDA:165,44,1,0
BRDA:177,45,0,0
BRDA:177,45,1,0
BRDA:179,46,0,2
BRDA:179,46,1,0
BRDA:183,47,0,1
BRDA:183,47,1,4
BRDA:185,48,0,1
BRDA:185,48,1,0
BRDA:198,49,0,0
BRDA:198,49,1,7
BRDA:205,50,0,7
BRDA:205,50,1,7
BRDA:208,51,0,4
BRDA:208,51,1,3
BRDA:209,52,0,0
BRDA:209,52,1,4
BRDA:213,53,0,0
BRDA:213,53,1,4
BRDA:219,54,0,2
BRDA:219,54,1,2
BRDA:220,55,0,2
BRDA:220,55,1,2
BRDA:221,56,0,0
BRDA:221,56,1,2
BRDA:239,57,0,3
BRDA:239,57,1,3
BRDA:242,58,0,3
BRDA:242,58,1,3
BRDA:243,59,0,3
BRDA:243,59,1,3
BRDA:245,60,0,3
BRDA:245,60,1,0
BRDA:246,61,0,3
BRDA:246,61,1,0
BRDA:249,62,0,0
BRDA:249,62,1,3
BRDA:249,63,0,3
BRDA:249,63,1,3
BRDA:254,64,0,2
BRDA:254,64,1,0
BRDA:260,65,0,0
BRDA:260,65,1,5
BRDA:261,66,0,5
BRDA:261,66,1,4
BRDA:264,67,0,0
BRDA:264,67,1,0
BRDA:281,68,0,0
BRDA:281,68,1,0
BRDA:287,69,0,0
BRDA:299,70,0,3
BRDA:299,70,1,0
BRDA:301,71,0,0
BRDA:301,71,1,3
BRDA:301,72,0,3
BRDA:301,72,1,3
BRDA:307,73,0,1
BRDA:307,73,1,2
BRDA:317,74,0,1
BRDA:317,74,1,1
BRDA:335,75,0,1
BRDA:335,75,1,1
BRDA:338,76,0,1
BRDA:338,76,1,0
BRDA:342,77,0,1
BRDA:342,77,1,0
BRDA:345,78,0,1
BRDA:345,78,1,0
BRDA:369,79,0,8
BRDA:369,79,1,4
BRDA:375,80,0,0
BRDA:375,80,1,4
BRDA:379,81,0,3
BRDA:379,81,1,1
BRDA:385,82,0,1
BRDA:385,82,1,1
BRDA:388,83,0,0
BRDA:388,83,1,1
BRDA:397,84,0,7
BRDA:397,84,1,4
BRDA:399,85,0,2
BRDA:399,85,1,5
BRDA:399,86,0,7
BRDA:399,86,1,2
BRDA:400,87,0,2
BRDA:400,87,1,0
BRDA:400,87,2,0
BRDA:405,88,0,1
BRDA:405,88,1,6
BRDA:411,89,0,2
BRDA:411,89,1,4
BRDA:411,90,0,6
BRDA:411,90,1,3
BRDA:412,91,0,1
BRDA:412,91,1,1
BRDA:414,92,0,1
BRDA:414,92,1,1
BRDA:420,93,0,0
BRDA:420,93,1,6
BRDA:424,94,0,1
BRDA:424,94,1,5
BRDA:424,95,0,6
BRDA:424,95,1,3
BRDA:437,96,0,2
BRDA:437,96,1,3
BRDA:441,97,0,1
BRDA:441,97,1,5
BRDA:442,98,0,6
BRDA:442,98,1,2
BRDA:442,98,2,1
BRDA:455,99,0,1
BRDA:455,99,1,1
BRDA:456,100,0,1
BRDA:456,100,1,0
BRDA:457,101,0,1
BRDA:457,101,1,0
BRDA:458,102,0,1
BRDA:458,102,1,0
BRDA:471,103,0,1
BRDA:471,103,1,2
BRDA:480,104,0,1
BRDA:480,104,1,1
BRDA:480,105,0,2
BRDA:480,105,1,1
BRDA:483,106,0,0
BRDA:483,106,1,1
BRDA:485,107,0,0
BRDA:485,107,1,0
BRDA:485,108,0,0
BRDA:485,108,1,0
BRDA:491,109,0,1
BRDA:491,109,1,1
BRDA:491,110,0,2
BRDA:491,110,1,1
BRDA:491,110,2,1
BRDA:491,110,3,1
BRDA:495,111,0,0
BRDA:495,111,1,0
BRDA:513,112,0,1
BRDA:513,112,1,1
BRDA:535,113,0,1
BRDA:535,113,1,3
BRDA:539,114,0,3
BRDA:539,114,1,2
BRDA:540,115,0,2
BRDA:540,115,1,1
BRDA:544,116,0,1
BRDA:544,116,1,1
BRDA:547,117,0,1
BRDA:547,117,1,2
BRDA:547,118,0,3
BRDA:547,118,1,2
BRDA:555,119,0,1
BRDA:555,119,1,7
BRDA:556,120,0,1
BRDA:556,120,1,0
BRDA:561,121,0,1
BRDA:561,121,1,7
BRDA:565,122,0,1
BRDA:565,122,1,6
BRDA:569,123,0,1
BRDA:569,123,1,5
BRDA:572,124,0,6
BRDA:572,124,1,3
BRDA:575,125,0,0
BRDA:575,125,1,6
BRDA:580,126,0,2
BRDA:580,126,1,4
BRDA:580,127,0,6
BRDA:580,127,1,4
BRDA:581,128,0,2
BRDA:581,128,1,0
BRDA:582,129,0,1
BRDA:582,129,1,1
BRDA:586,130,0,0
BRDA:586,130,1,2
BRDA:590,131,0,2
BRDA:590,131,1,1
BRDA:592,132,0,1
BRDA:592,132,1,1
BRDA:593,133,0,1
BRDA:593,133,1,0
BRDA:593,133,2,0
BRDA:593,133,3,0
BRDA:593,133,4,0
BRDA:602,134,0,0
BRDA:602,134,1,1
BRDA:604,135,0,1
BRDA:604,135,1,0
BRDA:604,136,0,0
BRDA:604,136,1,0
BRDA:611,137,0,0
BRDA:611,137,1,1
BRDA:616,138,0,0
BRDA:616,138,1,1
BRDA:616,139,0,1
BRDA:616,139,1,0
BRDA:617,140,0,0
BRDA:617,140,1,1
BRDA:617,141,0,1
BRDA:617,141,1,0
BRDA:618,142,0,0
BRDA:618,142,1,1
BRDA:618,143,0,1
BRDA:618,143,1,0
BRDA:621,144,0,0
BRDA:621,144,1,1
BRDA:621,145,0,1
BRDA:621,145,1,1
BRDA:622,146,0,1
BRDA:622,146,1,0
BRDA:622,147,0,0
BRDA:622,147,1,0
BRDA:625,148,0,0
BRDA:625,148,1,1
BRDA:625,149,0,1
BRDA:625,149,1,1
BRDA:625,150,0,0
BRDA:625,150,1,1
BRDA:626,151,0,0
BRDA:626,151,1,1
BRDA:626,152,0,1
BRDA:626,152,1,1
BRDA:627,153,0,1
BRDA:627,153,1,1
BRDA:627,153,2,1
BRDA:628,154,0,1
BRDA:628,154,1,1
BRDA:629,155,0,1
BRDA:629,155,1,1
BRDA:633,156,0,1
BRDA:633,156,1,0
BRDA:634,157,0,0
BRDA:634,157,1,1
BRDA:637,158,0,0
BRDA:637,158,1,1
BRDA:651,159,0,0
BRDA:651,159,1,0
BRDA:652,160,0,0
BRDA:652,160,1,0
BRDA:653,161,0,0
BRDA:653,161,1,0
BRDA:656,162,0,0
BRDA:656,162,1,0
BRDA:670,163,0,2
BRDA:670,163,1,2
BRDA:670,164,0,4
BRDA:670,164,1,2
BRDA:671,165,0,2
BRDA:671,165,1,0
BRDA:675,166,0,1
BRDA:675,166,1,2
BRDA:675,167,0,3
BRDA:675,167,1,1
BRDA:676,168,0,0
BRDA:676,168,1,1
BRDA:689,169,0,1
BRDA:689,169,1,1
BRDA:689,170,0,1
BRDA:689,170,1,0
BRDA:689,170,2,0
BRDA:692,171,0,0
BRDA:692,171,1,2
BRDA:692,172,0,2
BRDA:692,172,1,1
BRDA:693,173,0,0
BRDA:693,173,1,0
BRDA:693,173,2,0
BRDA:697,174,0,1
BRDA:697,174,1,1
BRDA:703,175,0,1
BRDA:703,175,1,1
BRDA:703,176,0,2
BRDA:703,176,1,1
BRDA:720,177,0,1
BRDA:720,177,1,1
BRDA:720,178,0,2
BRDA:720,178,1,2
BRDA:721,179,0,1
BRDA:721,179,1,1
BRDA:721,179,2,0
BRDA:728,180,0,1
BRDA:728,180,1,1
BRDA:731,181,0,0
BRDA:731,181,1,1
BRDA:749,182,0,0
BRDA:749,182,1,1
BRDA:749,183,0,1
BRDA:749,183,1,0
BRDA:750,184,0,0
BRDA:750,184,1,0
BRDA:750,184,2,0
BRDA:754,185,0,1
BRDA:754,185,1,0
BRDA:754,186,0,1
BRDA:754,186,1,1
BRDA:760,187,0,0
BRDA:760,187,1,1
BRDA:760,188,0,1
BRDA:760,188,1,0
BRDA:779,189,0,1
BRDA:779,189,1,8
BRDA:783,190,0,1
BRDA:783,190,1,7
BRDA:787,191,0,1
BRDA:787,191,1,6
BRDA:791,192,0,5
BRDA:791,192,1,1
BRDA:792,193,0,4
BRDA:792,193,1,1
BRDA:792,194,0,5
BRDA:792,194,1,1
BRDA:793,195,0,4
BRDA:793,195,1,0
BRDA:794,196,0,0
BRDA:794,196,1,0
BRDA:795,197,0,4
BRDA:795,197,1,0
BRDA:800,198,0,0
BRDA:800,198,1,5
BRDA:800,199,0,5
BRDA:800,199,1,0
BRDA:801,200,0,0
BRDA:801,200,1,5
BRDA:801,201,0,5
BRDA:801,201,1,0
BRDA:802,202,0,5
BRDA:802,202,1,2
BRDA:805,203,0,1
BRDA:805,203,1,3
BRDA:809,204,0,1
BRDA:809,204,1,2
BRDA:813,205,0,2
BRDA:813,205,1,0
BRDA:815,206,0,2
BRDA:815,206,1,2
BRDA:815,207,0,4
BRDA:815,207,1,2
BRDA:816,208,0,1
BRDA:816,208,1,1
BRDA:817,209,0,1
BRDA:817,209,1,0
BRDA:823,210,0,1
BRDA:823,210,1,0
BRDA:826,211,0,1
BRDA:826,211,1,1
BRDA:829,212,0,1
BRDA:829,212,1,0
BRDA:834,213,0,1
BRDA:834,213,1,0
BRDA:840,214,0,1
BRDA:840,214,1,3
BRDA:844,215,0,1
BRDA:844,215,1,2
BRDA:848,216,0,1
BRDA:848,216,1,1
BRDA:852,217,0,0
BRDA:852,217,1,1
BRDA:862,218,0,1
BRDA:862,218,1,3
BRDA:866,219,0,1
BRDA:866,219,1,2
BRDA:870,220,0,1
BRDA:870,220,1,1
BRDA:874,221,0,1
BRDA:874,221,1,0
BRDA:880,222,0,1
BRDA:880,222,1,3
BRDA:884,223,0,1
BRDA:884,223,1,2
BRDA:888,224,0,1
BRDA:888,224,1,1
BRDA:898,225,0,1
BRDA:898,225,1,4
BRDA:902,226,0,1
BRDA:902,226,1,3
BRDA:908,227,0,2
BRDA:908,227,1,1
BRDA:912,228,0,2
BRDA:912,228,1,1
BRDA:916,229,0,3
BRDA:916,229,1,0
BRF:474
BRH:330
end_of_record
TN:
SF:src\services\ia\iaService.ts
FN:19,serializeGasto
FN:30,(anonymous_2)
FN:382,validateQuestionScope
FN:389,(anonymous_4)
FN:402,(anonymous_5)
FN:407,parseArguments
FN:424,dateOnly
FN:430,filterRecords
FN:431,(anonymous_9)
FN:444,(anonymous_10)
FN:446,(anonymous_11)
FN:456,(anonymous_12)
FN:462,(anonymous_13)
FN:463,(anonymous_14)
FN:471,(anonymous_15)
FN:477,(anonymous_16)
FN:478,(anonymous_17)
FN:486,(anonymous_18)
FN:497,(anonymous_19)
FN:506,(anonymous_20)
FN:520,(anonymous_21)
FN:523,(anonymous_22)
FN:535,(anonymous_23)
FN:577,(anonymous_24)
FN:587,(anonymous_25)
FN:592,(anonymous_26)
FN:596,(anonymous_27)
FN:601,(anonymous_28)
FN:606,(anonymous_29)
FN:644,(anonymous_30)
FN:654,(anonymous_31)
FN:655,(anonymous_32)
FN:667,(anonymous_33)
FN:675,(anonymous_34)
FN:812,(anonymous_35)
FN:819,(anonymous_36)
FN:824,(anonymous_37)
FN:827,(anonymous_38)
FN:828,(anonymous_39)
FN:868,(anonymous_40)
FN:871,(anonymous_41)
FN:874,(anonymous_42)
FN:875,(anonymous_43)
FN:876,(anonymous_44)
FN:880,(anonymous_45)
FN:889,(anonymous_46)
FN:895,(anonymous_47)
FN:944,(anonymous_48)
FN:959,(anonymous_49)
FN:962,(anonymous_50)
FN:965,(anonymous_51)
FNF:51
FNH:42
FNDA:14,serializeGasto
FNDA:3,(anonymous_2)
FNDA:15,validateQuestionScope
FNDA:314,(anonymous_4)
FNDA:129,(anonymous_5)
FNDA:25,parseArguments
FNDA:28,dateOnly
FNDA:9,filterRecords
FNDA:28,(anonymous_9)
FNDA:26,(anonymous_10)
FNDA:0,(anonymous_11)
FNDA:3,(anonymous_12)
FNDA:4,(anonymous_13)
FNDA:0,(anonymous_14)
FNDA:4,(anonymous_15)
FNDA:3,(anonymous_16)
FNDA:0,(anonymous_17)
FNDA:4,(anonymous_18)
FNDA:2,(anonymous_19)
FNDA:3,(anonymous_20)
FNDA:2,(anonymous_21)
FNDA:0,(anonymous_22)
FNDA:3,(anonymous_23)
FNDA:2,(anonymous_24)
FNDA:1,(anonymous_25)
FNDA:1,(anonymous_26)
FNDA:1,(anonymous_27)
FNDA:15,(anonymous_28)
FNDA:0,(anonymous_29)
FNDA:25,(anonymous_30)
FNDA:3,(anonymous_31)
FNDA:2,(anonymous_32)
FNDA:2,(anonymous_33)
FNDA:0,(anonymous_34)
FNDA:10,(anonymous_35)
FNDA:0,(anonymous_36)
FNDA:8,(anonymous_37)
FNDA:40,(anonymous_38)
FNDA:10,(anonymous_39)
FNDA:0,(anonymous_40)
FNDA:4,(anonymous_41)
FNDA:8,(anonymous_42)
FNDA:8,(anonymous_43)
FNDA:8,(anonymous_44)
FNDA:8,(anonymous_45)
FNDA:3,(anonymous_46)
FNDA:2,(anonymous_47)
FNDA:1,(anonymous_48)
FNDA:1,(anonymous_49)
FNDA:0,(anonymous_50)
FNDA:1,(anonymous_51)
DA:1,8
DA:3,8
DA:4,8
DA:6,8
DA:7,8
DA:9,8
DA:10,8
DA:11,8
DA:12,8
DA:13,8
DA:20,14
DA:21,14
DA:22,14
DA:23,14
DA:24,14
DA:29,14
DA:30,3
DA:52,13
DA:71,8
DA:365,8
DA:376,8
DA:383,15
DA:385,15
DA:386,0
DA:389,314
DA:390,2
DA:394,13
DA:395,0
DA:398,13
DA:399,1
DA:402,129
DA:403,0
DA:408,25
DA:409,25
DA:411,25
DA:412,121
DA:413,1
DA:417,24
DA:418,1
DA:421,23
DA:425,28
DA:426,22
DA:427,22
DA:431,9
DA:432,28
DA:433,28
DA:434,24
DA:435,23
DA:436,23
DA:437,22
DA:438,21
DA:439,20
DA:443,8
DA:445,26
DA:446,26
DA:447,26
DA:448,26
DA:449,26
DA:450,26
DA:451,26
DA:452,26
DA:453,26
DA:457,3
DA:458,3
DA:459,3
DA:460,3
DA:461,3
DA:462,4
DA:463,0
DA:467,0
DA:472,4
DA:473,3
DA:474,3
DA:475,3
DA:476,3
DA:477,3
DA:478,0
DA:482,0
DA:487,4
DA:488,2
DA:489,2
DA:490,2
DA:494,2
DA:495,2
DA:496,2
DA:497,2
DA:498,2
DA:499,2
DA:503,0
DA:507,3
DA:508,1
DA:509,1
DA:510,1
DA:514,2
DA:515,2
DA:516,2
DA:518,2
DA:519,2
DA:520,2
DA:522,2
DA:523,0
DA:524,0
DA:525,0
DA:526,0
DA:529,2
DA:531,0
DA:536,3
DA:537,3
DA:543,3
DA:544,0
DA:545,0
DA:547,0
DA:548,0
DA:549,0
DA:551,3
DA:552,2
DA:554,1
DA:555,1
DA:556,1
DA:557,1
DA:560,1
DA:569,1
DA:578,2
DA:582,2
DA:588,1
DA:589,1
DA:593,1
DA:597,1
DA:598,1
DA:602,15
DA:603,15
DA:604,4
DA:605,4
DA:606,4
DA:611,4
DA:615,15
DA:617,12
DA:621,12
DA:622,1
DA:625,11
DA:626,1
DA:629,10
DA:630,10
DA:631,10
DA:632,10
DA:634,10
DA:635,1
DA:638,9
DA:640,9
DA:645,25
DA:648,23
DA:649,5
DA:650,5
DA:653,18
DA:654,3
DA:655,1
DA:656,2
DA:657,2
DA:658,2
DA:659,2
DA:663,17
DA:664,1
DA:665,1
DA:667,2
DA:668,1
DA:669,1
DA:670,1
DA:671,1
DA:672,1
DA:675,1
DA:679,16
DA:680,1
DA:681,1
DA:682,1
DA:683,1
DA:684,1
DA:686,1
DA:702,1
DA:703,1
DA:710,15
DA:711,1
DA:712,1
DA:713,0
DA:716,1
DA:717,1
DA:718,1
DA:719,1
DA:720,0
DA:721,0
DA:723,1
DA:724,1
DA:725,1
DA:728,1
DA:729,1
DA:730,1
DA:737,14
DA:738,1
DA:739,1
DA:740,0
DA:743,1
DA:744,1
DA:745,1
DA:746,1
DA:753,13
DA:754,1
DA:755,1
DA:756,0
DA:759,1
DA:760,1
DA:761,1
DA:768,12
DA:769,1
DA:770,1
DA:771,0
DA:774,1
DA:775,1
DA:776,1
DA:783,11
DA:784,2
DA:785,2
DA:786,2
DA:787,2
DA:788,2
DA:789,2
DA:791,2
DA:792,2
DA:794,2
DA:795,2
DA:796,2
DA:797,2
DA:798,2
DA:799,0
DA:800,0
DA:801,0
DA:802,0
DA:803,0
DA:804,0
DA:807,2
DA:812,10
DA:814,2
DA:816,2
DA:817,2
DA:818,0
DA:819,0
DA:820,0
DA:824,2
DA:825,8
DA:826,8
DA:827,40
DA:828,10
DA:829,8
DA:831,8
DA:832,8
DA:834,8
DA:835,8
DA:836,2
DA:837,2
DA:838,6
DA:839,2
DA:840,2
DA:841,4
DA:842,2
DA:843,2
DA:847,8
DA:866,2
DA:867,2
DA:868,0
DA:870,2
DA:871,4
DA:874,8
DA:875,8
DA:876,8
DA:878,2
DA:880,8
DA:889,3
DA:893,9
DA:894,1
DA:895,2
DA:904,8
DA:905,1
DA:911,1
DA:912,1
DA:919,7
DA:920,1
DA:921,1
DA:922,0
DA:925,1
DA:926,1
DA:927,1
DA:928,1
DA:929,1
DA:930,1
DA:932,1
DA:933,1
DA:934,1
DA:942,6
DA:943,1
DA:944,1
DA:955,5
DA:956,1
DA:957,1
DA:958,1
DA:959,1
DA:961,1
DA:962,0
DA:965,1
DA:976,4
DA:977,1
DA:978,1
DA:979,0
DA:982,1
DA:983,1
DA:986,3
DA:987,1
DA:988,1
DA:989,0
DA:992,1
DA:993,1
DA:994,1
DA:995,1
DA:1002,2
DA:1003,1
DA:1004,1
DA:1005,0
DA:1008,1
DA:1009,1
DA:1010,1
DA:1017,1
DA:1021,9
DA:1029,9
DA:1040,8
LF:331
LH:292
BRDA:20,0,0,14
BRDA:20,0,1,12
BRDA:20,0,2,12
BRDA:21,1,0,14
BRDA:21,1,1,11
BRDA:22,2,0,14
BRDA:22,2,1,12
BRDA:22,2,2,12
BRDA:23,3,0,14
BRDA:23,3,1,0
BRDA:25,4,0,14
BRDA:25,4,1,14
BRDA:26,5,0,14
BRDA:26,5,1,14
BRDA:29,6,0,1
BRDA:29,6,1,13
BRDA:29,7,0,14
BRDA:29,7,1,1
BRDA:39,8,0,3
BRDA:39,8,1,2
BRDA:40,9,0,3
BRDA:40,9,1,3
BRDA:46,10,0,3
BRDA:46,10,1,3
BRDA:47,11,0,3
BRDA:47,11,1,3
BRDA:61,12,0,13
BRDA:61,12,1,13
BRDA:62,13,0,13
BRDA:62,13,1,8
BRDA:382,14,0,0
BRDA:385,15,0,0
BRDA:385,15,1,15
BRDA:389,16,0,2
BRDA:389,16,1,13
BRDA:394,17,0,0
BRDA:394,17,1,13
BRDA:398,18,0,1
BRDA:398,18,1,12
BRDA:402,19,0,0
BRDA:402,19,1,12
BRDA:412,20,0,1
BRDA:412,20,1,120
BRDA:412,21,0,121
BRDA:412,21,1,12
BRDA:412,21,2,12
BRDA:417,22,0,1
BRDA:417,22,1,23
BRDA:417,23,0,24
BRDA:417,23,1,6
BRDA:417,23,2,5
BRDA:425,24,0,6
BRDA:425,24,1,22
BRDA:427,25,0,0
BRDA:427,25,1,22
BRDA:433,26,0,4
BRDA:433,26,1,24
BRDA:433,27,0,28
BRDA:433,27,1,19
BRDA:433,27,2,19
BRDA:434,28,0,1
BRDA:434,28,1,23
BRDA:434,29,0,24
BRDA:434,29,1,15
BRDA:434,29,2,15
BRDA:435,30,0,0
BRDA:435,30,1,23
BRDA:435,31,0,23
BRDA:435,31,1,1
BRDA:436,32,0,1
BRDA:436,32,1,22
BRDA:436,33,0,23
BRDA:436,33,1,13
BRDA:437,34,0,1
BRDA:437,34,1,21
BRDA:437,35,0,22
BRDA:437,35,1,2
BRDA:437,36,0,2
BRDA:437,36,1,0
BRDA:438,37,0,1
BRDA:438,37,1,20
BRDA:438,38,0,21
BRDA:438,38,1,2
BRDA:438,39,0,2
BRDA:438,39,1,0
BRDA:445,40,0,8
BRDA:446,41,0,8
BRDA:447,42,0,8
BRDA:448,43,0,8
BRDA:449,44,0,8
BRDA:450,45,0,22
BRDA:451,46,0,22
BRDA:452,47,0,23
BRDA:453,48,0,23
BRDA:457,49,0,0
BRDA:457,49,1,3
BRDA:462,50,0,3
BRDA:462,50,1,0
BRDA:462,50,2,0
BRDA:462,51,0,4
BRDA:462,51,1,4
BRDA:472,52,0,1
BRDA:472,52,1,3
BRDA:477,53,0,3
BRDA:477,53,1,0
BRDA:477,53,2,0
BRDA:477,54,0,3
BRDA:477,54,1,3
BRDA:487,55,0,2
BRDA:487,55,1,2
BRDA:488,56,0,2
BRDA:488,56,1,0
BRDA:490,57,0,2
BRDA:490,57,1,0
BRDA:494,58,0,2
BRDA:494,58,1,0
BRDA:494,59,0,2
BRDA:494,59,1,2
BRDA:498,60,0,2
BRDA:498,60,1,0
BRDA:507,61,0,1
BRDA:507,61,1,2
BRDA:510,62,0,1
BRDA:510,62,1,0
BRDA:519,63,0,2
BRDA:519,63,1,0
BRDA:522,64,0,0
BRDA:522,64,1,2
BRDA:526,65,0,0
BRDA:526,65,1,0
BRDA:529,66,0,2
BRDA:529,66,1,0
BRDA:535,67,0,3
BRDA:535,68,0,3
BRDA:536,69,0,3
BRDA:536,69,1,0
BRDA:537,70,0,1
BRDA:537,70,1,2
BRDA:543,71,0,0
BRDA:543,71,1,3
BRDA:543,72,0,3
BRDA:543,72,1,3
BRDA:543,72,2,0
BRDA:544,73,0,0
BRDA:544,73,1,0
BRDA:551,74,0,2
BRDA:551,74,1,1
BRDA:562,75,0,1
BRDA:562,75,1,0
BRDA:563,76,0,1
BRDA:563,76,1,0
BRDA:578,77,0,0
BRDA:578,77,1,2
BRDA:582,78,0,1
BRDA:582,78,1,1
BRDA:603,79,0,4
BRDA:603,79,1,11
BRDA:603,80,0,15
BRDA:603,80,1,15
BRDA:617,81,0,2
BRDA:617,81,1,10
BRDA:621,82,0,1
BRDA:621,82,1,11
BRDA:625,83,0,1
BRDA:625,83,1,10
BRDA:634,84,0,1
BRDA:634,84,1,9
BRDA:648,85,0,5
BRDA:648,85,1,18
BRDA:649,86,0,0
BRDA:649,86,1,5
BRDA:653,87,0,1
BRDA:653,87,1,17
BRDA:658,88,0,2
BRDA:658,88,1,0
BRDA:663,89,0,1
BRDA:663,89,1,16
BRDA:664,90,0,1
BRDA:664,90,1,0
BRDA:668,91,0,1
BRDA:668,91,1,0
BRDA:668,91,2,0
BRDA:669,92,0,1
BRDA:669,92,1,1
BRDA:679,93,0,1
BRDA:679,93,1,15
BRDA:682,94,0,0
BRDA:682,94,1,1
BRDA:684,95,0,0
BRDA:684,95,1,1
BRDA:688,96,0,1
BRDA:688,96,1,1
BRDA:690,97,0,0
BRDA:690,97,1,1
BRDA:696,98,0,1
BRDA:696,98,1,1
BRDA:697,99,0,1
BRDA:697,99,1,0
BRDA:698,100,0,1
BRDA:698,100,1,1
BRDA:710,101,0,1
BRDA:710,101,1,14
BRDA:712,102,0,0
BRDA:712,102,1,1
BRDA:717,103,0,1
BRDA:717,103,1,0
BRDA:718,104,0,1
BRDA:718,104,1,0
BRDA:719,105,0,0
BRDA:719,105,1,1
BRDA:723,106,0,1
BRDA:723,106,1,0
BRDA:725,107,0,1
BRDA:725,107,1,0
BRDA:737,108,0,1
BRDA:737,108,1,13
BRDA:739,109,0,0
BRDA:739,109,1,1
BRDA:743,110,0,0
BRDA:743,110,1,1
BRDA:753,111,0,1
BRDA:753,111,1,12
BRDA:755,112,0,0
BRDA:755,112,1,1
BRDA:768,113,0,1
BRDA:768,113,1,11
BRDA:770,114,0,0
BRDA:770,114,1,1
BRDA:783,115,0,2
BRDA:783,115,1,9
BRDA:791,116,0,2
BRDA:791,116,1,0
BRDA:792,117,0,2
BRDA:792,117,1,0
BRDA:798,118,0,0
BRDA:798,118,1,2
BRDA:804,119,0,0
BRDA:804,119,1,0
BRDA:817,120,0,0
BRDA:817,120,1,2
BRDA:820,121,0,0
BRDA:820,121,1,0
BRDA:825,122,0,8
BRDA:825,122,1,0
BRDA:825,122,2,0
BRDA:827,123,0,40
BRDA:827,123,1,30
BRDA:829,124,0,8
BRDA:829,124,1,0
BRDA:834,125,0,8
BRDA:834,125,1,0
BRDA:835,126,0,2
BRDA:835,126,1,6
BRDA:838,127,0,2
BRDA:838,127,1,4
BRDA:841,128,0,2
BRDA:841,128,1,2
BRDA:855,129,0,2
BRDA:855,129,1,6
BRDA:855,130,0,8
BRDA:855,130,1,2
BRDA:858,131,0,8
BRDA:858,131,1,6
BRDA:859,132,0,8
BRDA:859,132,1,4
BRDA:860,133,0,8
BRDA:860,133,1,2
BRDA:867,134,0,0
BRDA:867,134,1,2
BRDA:870,135,0,1
BRDA:870,135,1,1
BRDA:871,136,0,4
BRDA:871,136,1,1
BRDA:875,137,0,8
BRDA:875,137,1,4
BRDA:876,138,0,8
BRDA:876,138,1,6
BRDA:893,139,0,1
BRDA:893,139,1,8
BRDA:898,140,0,0
BRDA:898,140,1,2
BRDA:898,141,0,2
BRDA:898,141,1,2
BRDA:900,142,0,2
BRDA:900,142,1,2
BRDA:904,143,0,1
BRDA:904,143,1,7
BRDA:907,144,0,1
BRDA:907,144,1,0
BRDA:907,145,0,1
BRDA:907,145,1,0
BRDA:908,146,0,1
BRDA:908,146,1,1
BRDA:909,147,0,1
BRDA:909,147,1,1
BRDA:909,147,2,1
BRDA:914,148,0,1
BRDA:914,148,1,0
BRDA:919,149,0,1
BRDA:919,149,1,6
BRDA:920,150,0,1
BRDA:920,150,1,1
BRDA:920,150,2,1
BRDA:921,151,0,0
BRDA:921,151,1,1
BRDA:926,152,0,0
BRDA:926,152,1,1
BRDA:927,153,0,0
BRDA:927,153,1,1
BRDA:928,154,0,0
BRDA:928,154,1,1
BRDA:928,155,0,1
BRDA:928,155,1,1
BRDA:928,156,0,0
BRDA:928,156,1,0
BRDA:929,157,0,1
BRDA:929,157,1,0
BRDA:929,158,0,1
BRDA:929,158,1,0
BRDA:930,159,0,0
BRDA:930,159,1,1
BRDA:930,160,0,0
BRDA:930,160,1,0
BRDA:942,161,0,1
BRDA:942,161,1,5
BRDA:955,162,0,1
BRDA:955,162,1,4
BRDA:957,163,0,1
BRDA:957,163,1,0
BRDA:959,164,0,1
BRDA:959,164,1,0
BRDA:961,165,0,0
BRDA:961,165,1,1
BRDA:976,166,0,1
BRDA:976,166,1,3
BRDA:978,167,0,0
BRDA:978,167,1,1
BRDA:986,168,0,1
BRDA:986,168,1,2
BRDA:988,169,0,0
BRDA:988,169,1,1
BRDA:992,170,0,0
BRDA:992,170,1,1
BRDA:1002,171,0,1
BRDA:1002,171,1,1
BRDA:1004,172,0,0
BRDA:1004,172,1,1
BRF:347
BRH:261
end_of_record
TN:
SF:src\services\insights\insightsService.ts
FN:12,toNumber
FN:16,summarizeExpenses
FN:17,(anonymous_2)
FN:49,summarizeTopCategories
FN:70,(anonymous_4)
FN:74,calculatePreviousPeriod
FN:89,defineNivelAtencao
FN:90,(anonymous_7)
FN:94,(anonymous_8)
FN:102,(anonymous_9)
FN:121,(anonymous_10)
FN:222,(anonymous_11)
FN:272,(anonymous_12)
FNF:13
FNH:12
FNDA:26,toNumber
FNDA:4,summarizeExpenses
FNDA:16,(anonymous_2)
FNDA:2,summarizeTopCategories
FNDA:9,(anonymous_4)
FNDA:2,calculatePreviousPeriod
FNDA:2,defineNivelAtencao
FNDA:1,(anonymous_7)
FNDA:0,(anonymous_8)
FNDA:4,(anonymous_9)
FNDA:2,(anonymous_10)
FNDA:5,(anonymous_11)
FNDA:6,(anonymous_12)
DA:1,8
DA:2,8
DA:13,26
DA:17,4
DA:18,16
DA:20,16
DA:21,4
DA:24,16
DA:25,12
DA:27,12
DA:28,4
DA:29,4
DA:32,12
DA:33,2
DA:34,2
DA:38,16
DA:50,2
DA:52,2
DA:53,12
DA:54,2
DA:57,10
DA:58,10
DA:64,10
DA:65,10
DA:66,10
DA:69,2
DA:70,9
DA:75,2
DA:76,2
DA:77,2
DA:79,2
DA:80,2
DA:81,2
DA:83,2
DA:84,2
DA:86,2
DA:90,2
DA:91,1
DA:94,1
DA:95,0
DA:98,1
DA:103,4
DA:105,4
DA:106,0
DA:107,0
DA:110,4
DA:122,2
DA:123,2
DA:125,2
DA:126,0
DA:129,2
DA:131,2
DA:133,2
DA:138,2
DA:139,2
DA:140,2
DA:142,2
DA:143,2
DA:144,2
DA:145,2
DA:146,2
DA:147,2
DA:148,2
DA:149,2
DA:150,2
DA:151,2
DA:155,2
DA:165,2
DA:167,2
DA:168,1
DA:174,1
DA:175,0
DA:183,2
DA:184,1
DA:192,2
DA:193,1
DA:201,2
DA:202,1
DA:210,2
DA:211,1
DA:219,2
DA:221,2
DA:223,5
DA:225,1
DA:227,1
DA:229,1
DA:231,1
DA:233,1
DA:235,0
DA:242,2
DA:246,2
DA:272,6
DA:283,8
LF:93
LH:87
BRDA:13,0,0,26
BRDA:13,0,1,0
BRDA:20,1,0,4
BRDA:20,1,1,12
BRDA:24,2,0,12
BRDA:24,2,1,4
BRDA:27,3,0,4
BRDA:27,3,1,8
BRDA:32,4,0,2
BRDA:32,4,1,10
BRDA:49,5,0,2
BRDA:53,6,0,2
BRDA:53,6,1,10
BRDA:57,7,0,10
BRDA:57,7,1,0
BRDA:58,8,0,10
BRDA:58,8,1,7
BRDA:90,9,0,1
BRDA:90,9,1,1
BRDA:94,10,0,0
BRDA:94,10,1,1
BRDA:102,11,0,2
BRDA:105,12,0,0
BRDA:105,12,1,4
BRDA:107,13,0,0
BRDA:107,13,1,0
BRDA:114,14,0,2
BRDA:114,14,1,2
BRDA:115,15,0,2
BRDA:115,15,1,2
BRDA:116,16,0,2
BRDA:116,16,1,2
BRDA:117,17,0,2
BRDA:117,17,1,2
BRDA:125,18,0,0
BRDA:125,18,1,2
BRDA:125,19,0,2
BRDA:125,19,1,2
BRDA:150,20,0,2
BRDA:150,20,1,0
BRDA:151,21,0,2
BRDA:151,21,1,0
BRDA:153,22,0,0
BRDA:153,22,1,0
BRDA:155,23,0,2
BRDA:155,23,1,0
BRDA:159,24,0,2
BRDA:159,24,1,0
BRDA:167,25,0,1
BRDA:167,25,1,1
BRDA:167,26,0,2
BRDA:167,26,1,2
BRDA:174,27,0,0
BRDA:174,27,1,1
BRDA:174,28,0,1
BRDA:174,28,1,1
BRDA:183,29,0,1
BRDA:183,29,1,1
BRDA:192,30,0,1
BRDA:192,30,1,1
BRDA:192,31,0,2
BRDA:192,31,1,1
BRDA:197,32,0,0
BRDA:197,32,1,1
BRDA:201,33,0,1
BRDA:201,33,1,1
BRDA:206,34,0,0
BRDA:206,34,1,1
BRDA:210,35,0,1
BRDA:210,35,1,1
BRDA:210,36,0,2
BRDA:210,36,1,2
BRDA:215,37,0,1
BRDA:215,37,1,0
BRDA:221,38,0,1
BRDA:221,38,1,1
BRDA:223,39,0,1
BRDA:223,39,1,1
BRDA:223,39,2,1
BRDA:223,39,3,1
BRDA:223,39,4,1
BRDA:223,39,5,0
BRDA:242,40,0,1
BRDA:242,40,1,1
BRF:84
BRH:66
end_of_record
TN:
SF:src\services\recorrencia\projecaoRecorrenciaService.ts
FN:7,(anonymous_0)
FN:13,(anonymous_1)
FN:17,(anonymous_2)
FN:21,(anonymous_3)
FN:29,(anonymous_4)
FN:42,(anonymous_5)
FN:73,(anonymous_6)
FN:166,(anonymous_7)
FNF:8
FNH:8
FNDA:14,(anonymous_0)
FNDA:25,(anonymous_1)
FNDA:13,(anonymous_2)
FNDA:13,(anonymous_3)
FNDA:5,(anonymous_4)
FNDA:13,(anonymous_5)
FNDA:5,(anonymous_6)
FNDA:5,(anonymous_7)
DA:6,14
DA:8,14
DA:9,14
DA:10,14
DA:14,25
DA:18,13
DA:22,13
DA:23,13
DA:24,13
DA:25,13
DA:26,13
DA:30,5
DA:31,5
DA:32,5
DA:34,5
DA:35,13
DA:36,13
DA:39,5
DA:43,13
DA:44,7
DA:47,6
DA:50,6
DA:51,3
DA:54,3
DA:56,3
DA:57,0
DA:60,3
DA:61,0
DA:64,3
DA:65,3
DA:66,3
DA:67,3
DA:70,0
DA:78,5
DA:81,5
DA:83,5
DA:84,1
DA:85,1
DA:86,1
DA:87,1
DA:88,1
DA:93,5
DA:95,5
DA:96,5
DA:97,5
DA:98,5
DA:100,5
DA:101,5
DA:102,5
DA:104,5
DA:105,0
DA:108,5
DA:110,5
DA:111,13
DA:112,13
DA:115,13
DA:116,0
DA:120,13
DA:121,4
DA:125,9
DA:126,9
DA:127,1
DA:131,8
DA:166,5
DA:167,5
DA:168,5
DA:169,5
DA:174,14
LF:68
LH:63
BRDA:43,0,0,7
BRDA:43,0,1,6
BRDA:50,1,0,3
BRDA:50,1,1,3
BRDA:50,2,0,6
BRDA:50,2,1,3
BRDA:56,3,0,0
BRDA:56,3,1,3
BRDA:56,4,0,3
BRDA:56,4,1,3
BRDA:60,5,0,0
BRDA:60,5,1,3
BRDA:60,6,0,3
BRDA:60,6,1,0
BRDA:64,7,0,3
BRDA:64,7,1,0
BRDA:64,8,0,3
BRDA:64,8,1,3
BRDA:67,9,0,3
BRDA:67,9,1,2
BRDA:84,10,0,1
BRDA:84,10,1,0
BRDA:85,11,0,1
BRDA:85,11,1,0
BRDA:86,12,0,1
BRDA:86,12,1,0
BRDA:86,13,0,0
BRDA:86,13,1,0
BRDA:87,14,0,1
BRDA:87,14,1,0
BRDA:98,15,0,0
BRDA:98,15,1,5
BRDA:101,16,0,0
BRDA:101,16,1,5
BRDA:102,17,0,0
BRDA:102,17,1,5
BRDA:102,18,0,5
BRDA:102,18,1,0
BRDA:104,19,0,0
BRDA:104,19,1,5
BRDA:115,20,0,0
BRDA:115,20,1,13
BRDA:115,21,0,13
BRDA:115,21,1,13
BRDA:120,22,0,4
BRDA:120,22,1,9
BRDA:126,23,0,1
BRDA:126,23,1,8
BRDA:143,24,0,8
BRDA:143,24,1,0
BRDA:145,25,0,8
BRDA:145,25,1,0
BRDA:146,26,0,8
BRDA:146,26,1,0
BRDA:147,27,0,8
BRDA:147,27,1,0
BRDA:149,28,0,8
BRDA:149,28,1,0
BRDA:150,29,0,8
BRDA:150,29,1,8
BRDA:151,30,0,8
BRDA:151,30,1,8
BRDA:167,31,0,5
BRDA:167,31,1,0
BRDA:168,32,0,5
BRDA:168,32,1,0
BRF:66
BRH:43
end_of_record
TN:
SF:src\services\recorrencia\recorrenciaService.ts
FN:15,(anonymous_1)
FN:43,(anonymous_2)
FN:55,(anonymous_3)
FN:66,(anonymous_4)
FN:75,(anonymous_5)
FN:92,(anonymous_6)
FN:108,(anonymous_7)
FN:118,(anonymous_8)
FNF:8
FNH:8
FNDA:5,(anonymous_1)
FNDA:13,(anonymous_2)
FNDA:1,(anonymous_3)
FNDA:2,(anonymous_4)
FNDA:3,(anonymous_5)
FNDA:3,(anonymous_6)
FNDA:2,(anonymous_7)
FNDA:1,(anonymous_8)
DA:1,7
DA:8,7
DA:9,7
DA:10,7
DA:11,7
DA:12,7
DA:14,7
DA:16,5
DA:17,5
DA:18,1
DA:21,4
DA:22,4
DA:23,1
DA:26,3
DA:27,1
DA:28,1
DA:29,1
DA:33,2
DA:34,1
DA:37,1
DA:44,13
DA:45,13
DA:46,1
DA:49,12
DA:50,12
DA:52,12
DA:53,2
DA:54,2
DA:55,1
DA:58,2
DA:59,1
DA:63,11
DA:67,2
DA:68,2
DA:69,1
DA:72,1
DA:76,3
DA:78,3
DA:79,2
DA:80,2
DA:81,1
DA:85,2
DA:86,1
DA:89,1
DA:93,3
DA:95,3
DA:96,1
DA:99,2
DA:100,1
DA:101,1
DA:105,1
DA:109,2
DA:111,2
DA:112,1
DA:115,1
DA:119,1
DA:120,1
DA:121,1
DA:125,7
LF:59
LH:59
BRDA:17,0,0,1
BRDA:17,0,1,4
BRDA:22,1,0,1
BRDA:22,1,1,3
BRDA:26,2,0,1
BRDA:26,2,1,2
BRDA:28,3,0,1
BRDA:28,3,1,0
BRDA:33,4,0,1
BRDA:33,4,1,1
BRDA:33,5,0,2
BRDA:33,5,1,2
BRDA:45,6,0,1
BRDA:45,6,1,12
BRDA:52,7,0,2
BRDA:52,7,1,10
BRDA:55,8,0,1
BRDA:55,8,1,1
BRDA:58,9,0,1
BRDA:58,9,1,1
BRDA:58,10,0,2
BRDA:58,10,1,2
BRDA:68,11,0,1
BRDA:68,11,1,1
BRDA:78,12,0,2
BRDA:78,12,1,1
BRDA:80,13,0,1
BRDA:80,13,1,1
BRDA:85,14,0,1
BRDA:85,14,1,1
BRDA:85,15,0,2
BRDA:85,15,1,2
BRDA:85,15,2,2
BRDA:95,16,0,1
BRDA:95,16,1,2
BRDA:95,17,0,3
BRDA:95,17,1,1
BRDA:95,17,2,1
BRDA:99,18,0,1
BRDA:99,18,1,1
BRDA:99,19,0,2
BRDA:99,19,1,1
BRDA:100,20,0,1
BRDA:100,20,1,0
BRDA:111,21,0,1
BRDA:111,21,1,1
BRF:46
BRH:44
end_of_record
TN:
SF:src\services\relatorio\relatorioService.ts
FN:18,(anonymous_1)
FN:29,(anonymous_2)
FN:46,(anonymous_3)
FN:47,(anonymous_4)
FN:65,(anonymous_5)
FN:76,(anonymous_6)
FN:110,(anonymous_7)
FN:111,(anonymous_8)
FN:119,(anonymous_9)
FN:121,(anonymous_10)
FN:128,(anonymous_11)
FNF:11
FNH:11
FNDA:1,(anonymous_1)
FNDA:2,(anonymous_2)
FNDA:2,(anonymous_3)
FNDA:3,(anonymous_4)
FNDA:1,(anonymous_5)
FNDA:2,(anonymous_6)
FNDA:2,(anonymous_7)
FNDA:3,(anonymous_8)
FNDA:2,(anonymous_9)
FNDA:2,(anonymous_10)
FNDA:1,(anonymous_11)
DA:1,8
DA:2,8
DA:3,8
DA:4,8
DA:19,1
DA:20,1
DA:22,1
DA:24,1
DA:26,1
DA:30,2
DA:31,2
DA:33,2
DA:35,2
DA:37,2
DA:43,2
DA:44,2
DA:46,2
DA:47,3
DA:49,2
DA:50,2
DA:52,2
DA:56,2
DA:58,2
DA:66,1
DA:67,1
DA:69,1
DA:71,1
DA:73,1
DA:77,2
DA:78,2
DA:79,2
DA:81,2
DA:82,2
DA:84,2
DA:85,1
DA:88,1
DA:89,1
DA:91,1
DA:99,1
DA:111,3
DA:113,2
DA:119,2
DA:120,1
DA:121,2
DA:128,1
DA:130,1
DA:137,8
LF:47
LH:47
BRDA:49,0,0,2
BRDA:49,0,1,0
BRDA:50,1,0,2
BRDA:50,1,1,1
BRDA:52,2,0,1
BRDA:52,2,1,1
BRDA:53,3,0,1
BRDA:53,3,1,0
BRDA:56,4,0,2
BRDA:56,4,1,0
BRDA:84,5,0,1
BRDA:84,5,1,1
BRDA:115,6,0,2
BRDA:115,6,1,0
BRDA:124,7,0,2
BRDA:124,7,1,0
BRF:16
BRH:11
end_of_record
TN:
SF:src\services\usuario\usuarioService.ts
FN:20,isEmailVerificationRequired
FN:24,hashResetToken
FN:28,buildPasswordResetValidationUrl
FN:35,buildEmailVerificationUrl
FN:43,(anonymous_5)
FN:49,(anonymous_6)
FN:84,(anonymous_7)
FN:108,(anonymous_8)
FN:112,(anonymous_9)
FN:116,(anonymous_10)
FN:124,(anonymous_11)
FN:147,(anonymous_12)
FN:171,(anonymous_13)
FN:181,(anonymous_14)
FN:194,(anonymous_15)
FNF:15
FNH:14
FNDA:5,isEmailVerificationRequired
FNDA:6,hashResetToken
FNDA:1,buildPasswordResetValidationUrl
FNDA:1,buildEmailVerificationUrl
FNDA:5,(anonymous_5)
FNDA:2,(anonymous_6)
FNDA:5,(anonymous_7)
FNDA:1,(anonymous_8)
FNDA:1,(anonymous_9)
FNDA:2,(anonymous_10)
FNDA:4,(anonymous_11)
FNDA:2,(anonymous_12)
FNDA:2,(anonymous_13)
FNDA:0,(anonymous_14)
FNDA:2,(anonymous_15)
DA:1,5
DA:2,5
DA:7,5
DA:8,5
DA:9,5
DA:10,5
DA:11,5
DA:12,5
DA:17,5
DA:18,5
DA:21,5
DA:25,6
DA:29,1
DA:30,1
DA:31,1
DA:32,1
DA:36,1
DA:37,1
DA:38,1
DA:39,1
DA:42,5
DA:44,5
DA:45,5
DA:46,5
DA:50,2
DA:51,2
DA:53,2
DA:54,1
DA:57,1
DA:63,1
DA:64,0
DA:67,1
DA:68,1
DA:69,1
DA:71,1
DA:72,1
DA:74,1
DA:81,1
DA:85,5
DA:87,5
DA:88,1
DA:91,4
DA:92,1
DA:95,3
DA:96,1
DA:99,2
DA:101,2
DA:102,1
DA:105,1
DA:109,1
DA:113,1
DA:117,2
DA:118,2
DA:120,1
DA:125,4
DA:126,4
DA:128,4
DA:129,0
DA:132,4
DA:133,1
DA:136,3
DA:137,2
DA:139,2
DA:140,1
DA:143,1
DA:148,2
DA:150,2
DA:151,1
DA:154,1
DA:155,1
DA:156,1
DA:158,1
DA:159,1
DA:161,1
DA:168,1
DA:172,2
DA:174,2
DA:175,1
DA:178,1
DA:182,0
DA:184,0
DA:185,0
DA:188,0
DA:189,0
DA:191,0
DA:195,2
DA:197,2
DA:198,1
DA:201,1
DA:202,1
DA:204,1
DA:208,5
LF:92
LH:84
BRDA:17,0,0,5
BRDA:17,0,1,0
BRDA:18,1,0,5
BRDA:18,1,1,5
BRDA:29,2,0,1
BRDA:29,2,1,0
BRDA:36,3,0,1
BRDA:36,3,1,0
BRDA:53,4,0,1
BRDA:53,4,1,1
BRDA:63,5,0,0
BRDA:63,5,1,1
BRDA:87,6,0,1
BRDA:87,6,1,4
BRDA:91,7,0,1
BRDA:91,7,1,3
BRDA:91,8,0,4
BRDA:91,8,1,4
BRDA:95,9,0,1
BRDA:95,9,1,2
BRDA:99,10,0,2
BRDA:99,10,1,2
BRDA:101,11,0,1
BRDA:101,11,1,1
BRDA:128,12,0,0
BRDA:128,12,1,4
BRDA:132,13,0,1
BRDA:132,13,1,3
BRDA:139,14,0,1
BRDA:139,14,1,1
BRDA:150,15,0,1
BRDA:150,15,1,1
BRDA:174,16,0,1
BRDA:174,16,1,1
BRDA:184,17,0,0
BRDA:184,17,1,0
BRDA:197,18,0,1
BRDA:197,18,1,1
BRF:38
BRH:31
end_of_record
